Using pre-set license
Built from '2020.3/staging' branch; Version is '2020.3.8f1 (507919d4fff5) revision 5273881'; Using compiler version '192528614'; Build Type 'Release'
OS: 'Windows 10 Education; OS build 19043.1348; Version 2009; 64bit' Language: 'en' Physical Memory: 8060 MB
BatchMode: 1, IsHumanControllingUs: 0, StartBugReporterOnCrash: 0, Is64bit: 1, IsPro: 0

 COMMAND LINE ARGUMENTS:
C:\Program Files\Unity\Hub\Editor\2020.3.8f1\Editor\Unity.exe
-adb2
-batchMode
-noUpm
-name
AssetImportWorker0
-projectPath
D:/Uni/sem-one/virtual-reality/laboratory_3/New Unity Project
-logFile
Logs/AssetImportWorker0.log
-srvPort
53947
Successfully changed project path to: D:/Uni/sem-one/virtual-reality/laboratory_3/New Unity Project
D:/Uni/sem-one/virtual-reality/laboratory_3/New Unity Project
Using Asset Import Pipeline V2.
Refreshing native plugins compatible for Editor in 21.14 ms, found 0 plugins.
Preloading 0 native plugins for Editor in 0.00 ms.
Initialize engine version: 2020.3.8f1 (507919d4fff5)
[Subsystems] Discovering subsystems at path C:/Program Files/Unity/Hub/Editor/2020.3.8f1/Editor/Data/Resources/UnitySubsystems
[Subsystems] Discovering subsystems at path D:/Uni/sem-one/virtual-reality/laboratory_3/New Unity Project/Assets
GfxDevice: creating device client; threaded=0
Direct3D:
    Version:  Direct3D 11.0 [level 11.1]
    Renderer: NVIDIA GeForce GTX 1650 (ID=0x1f99)
    Vendor:   
    VRAM:     3962 MB
    Driver:   27.21.14.6230
Initialize mono
Mono path[0] = 'C:/Program Files/Unity/Hub/Editor/2020.3.8f1/Editor/Data/Managed'
Mono path[1] = 'C:/Program Files/Unity/Hub/Editor/2020.3.8f1/Editor/Data/MonoBleedingEdge/lib/mono/unityjit'
Mono config path = 'C:/Program Files/Unity/Hub/Editor/2020.3.8f1/Editor/Data/MonoBleedingEdge/etc'
Using monoOptions --debugger-agent=transport=dt_socket,embedding=1,server=y,suspend=n,address=127.0.0.1:56228
Begin MonoManager ReloadAssembly
Registering precompiled unity dll's ...
Register platform support module: C:/Program Files/Unity/Hub/Editor/2020.3.8f1/Editor/Data/PlaybackEngines/WebGLSupport/UnityEditor.WebGL.Extensions.dll
Register platform support module: C:/Program Files/Unity/Hub/Editor/2020.3.8f1/Editor/Data/PlaybackEngines/WindowsStandaloneSupport/UnityEditor.WindowsStandalone.Extensions.dll
Registered in 0.004794 seconds.
Native extension for WindowsStandalone target not found
Native extension for WebGL target not found
Refreshing native plugins compatible for Editor in 19.40 ms, found 0 plugins.
Preloading 0 native plugins for Editor in 0.00 ms.
Mono: successfully reloaded assembly
- Completed reload, in  1.386 seconds
Platform modules already initialized, skipping
Registering precompiled user dll's ...
Registered in 0.000491 seconds.
Begin MonoManager ReloadAssembly
Native extension for WindowsStandalone target not found
Native extension for WebGL target not found
Refreshing native plugins compatible for Editor in 0.18 ms, found 0 plugins.
Preloading 0 native plugins for Editor in 0.00 ms.
Mono: successfully reloaded assembly
- Completed reload, in  0.726 seconds
Platform modules already initialized, skipping
========================================================================
Worker process is ready to serve import requests
Launched and connected shader compiler UnityShaderCompiler.exe after 0.04 seconds
Refreshing native plugins compatible for Editor in 0.18 ms, found 0 plugins.
Preloading 0 native plugins for Editor in 0.00 ms.
Unloading 1115 Unused Serialized files (Serialized files now loaded: 0)
System memory in use before: 57.2 MB.
System memory in use after: 57.2 MB.

Unloading 10 unused Assets to reduce memory usage. Loaded Objects now: 1557.
Total: 1.373000 ms (FindLiveObjects: 0.117400 ms CreateObjectMapping: 0.033900 ms MarkObjects: 1.159600 ms  DeleteObjects: 0.061200 ms)

========================================================================
Received Import Request.
  path: Assets/grass_asset.jpg
  artifactKey: Guid(7132c507f6ff72241beb4b97e81edf46) Importer(815301076,1909f56bfc062723c751e8b465ee728b)
Start importing Assets/grass_asset.jpg using Guid(7132c507f6ff72241beb4b97e81edf46) Importer(815301076,1909f56bfc062723c751e8b465ee728b)  -> (artifact id: '7a50f14d57c9b737826ef0212d716a2d') in 0.058738 seconds
  Import took 0.060809 seconds .

========================================================================
Received Import Request.
  Time since last request: 2261.737147 seconds.
  path: Assets/Materials/grass_asset 1.mat
  artifactKey: Guid(88e63e8c4e38c404a8aa9052e49afb35) Importer(815301076,1909f56bfc062723c751e8b465ee728b)
Start importing Assets/Materials/grass_asset 1.mat using Guid(88e63e8c4e38c404a8aa9052e49afb35) Importer(815301076,1909f56bfc062723c751e8b465ee728b)  -> (artifact id: 'e4b1b9e7991fab829ac4eb590b6a8b4c') in 0.157940 seconds
  Import took 0.160679 seconds .

========================================================================
Received Import Request.
  Time since last request: 0.000229 seconds.
  path: Assets/Materials/grass_asset 3.mat
  artifactKey: Guid(842c38b9df35d534eada848a9d0c6bb9) Importer(815301076,1909f56bfc062723c751e8b465ee728b)
Start importing Assets/Materials/grass_asset 3.mat using Guid(842c38b9df35d534eada848a9d0c6bb9) Importer(815301076,1909f56bfc062723c751e8b465ee728b)  -> (artifact id: '5b122816c1fee9509aae65f4bcd54fac') in 0.016744 seconds
  Import took 0.019396 seconds .

========================================================================
Received Import Request.
  Time since last request: 0.000218 seconds.
  path: Assets/Materials/grass_asset 1.mat
  artifactKey: Guid(88e63e8c4e38c404a8aa9052e49afb35) Importer(815301076,1909f56bfc062723c751e8b465ee728b)
Start importing Assets/Materials/grass_asset 1.mat using Guid(88e63e8c4e38c404a8aa9052e49afb35) Importer(815301076,1909f56bfc062723c751e8b465ee728b)  -> (artifact id: 'e4b1b9e7991fab829ac4eb590b6a8b4c') in 0.016995 seconds
  Import took 0.019020 seconds .

========================================================================
Received Import Request.
  Time since last request: 0.000198 seconds.
  path: Assets/Materials/grass_asset 2.mat
  artifactKey: Guid(80d3c6d9775bb8d4e96f546e20d2969e) Importer(815301076,1909f56bfc062723c751e8b465ee728b)
Start importing Assets/Materials/grass_asset 2.mat using Guid(80d3c6d9775bb8d4e96f546e20d2969e) Importer(815301076,1909f56bfc062723c751e8b465ee728b)  -> (artifact id: '997e8d0856cf9f5162d05e7a3ee202a9') in 0.016569 seconds
  Import took 0.018697 seconds .

========================================================================
Received Import Request.
  Time since last request: 0.061098 seconds.
  path: Assets/Materials/grass_asset 2.mat
  artifactKey: Guid(80d3c6d9775bb8d4e96f546e20d2969e) Importer(815301076,1909f56bfc062723c751e8b465ee728b)
Start importing Assets/Materials/grass_asset 2.mat using Guid(80d3c6d9775bb8d4e96f546e20d2969e) Importer(815301076,1909f56bfc062723c751e8b465ee728b)  -> (artifact id: '997e8d0856cf9f5162d05e7a3ee202a9') in 0.008581 seconds
  Import took 0.010866 seconds .

========================================================================
Received Import Request.
  Time since last request: 161.023482 seconds.
  path: Assets/brick_asset.jpg
  artifactKey: Guid(72fee6bc640ebaa489d3a2a79349afcb) Importer(815301076,1909f56bfc062723c751e8b465ee728b)
Start importing Assets/brick_asset.jpg using Guid(72fee6bc640ebaa489d3a2a79349afcb) Importer(815301076,1909f56bfc062723c751e8b465ee728b)  -> (artifact id: '6abe3503af29ea8ad209abd0cafe30f4') in 0.015071 seconds
  Import took 0.018042 seconds .

========================================================================
Received Prepare
Registering precompiled user dll's ...
Registered in 0.000466 seconds.
Begin MonoManager ReloadAssembly
Native extension for WindowsStandalone target not found
Native extension for WebGL target not found
Refreshing native plugins compatible for Editor in 0.19 ms, found 0 plugins.
Preloading 0 native plugins for Editor in 0.00 ms.
Mono: successfully reloaded assembly
- Completed reload, in  0.748 seconds
Platform modules already initialized, skipping
Refreshing native plugins compatible for Editor in 0.18 ms, found 0 plugins.
Preloading 0 native plugins for Editor in 0.00 ms.
Unloading 1110 Unused Serialized files (Serialized files now loaded: 0)
System memory in use before: 73.2 MB.
System memory in use after: 73.3 MB.

Unloading 5 unused Assets to reduce memory usage. Loaded Objects now: 1615.
Total: 1.455200 ms (FindLiveObjects: 0.128600 ms CreateObjectMapping: 0.034600 ms MarkObjects: 1.241400 ms  DeleteObjects: 0.050000 ms)

========================================================================
Received Import Request.
  Time since last request: 766.513102 seconds.
  path: Assets/New Terrain.asset
  artifactKey: Guid(380ca5041d6ea874dab80f5072b4af8d) Importer(815301076,1909f56bfc062723c751e8b465ee728b)
Start importing Assets/New Terrain.asset using Guid(380ca5041d6ea874dab80f5072b4af8d) Importer(815301076,1909f56bfc062723c751e8b465ee728b)  -> (artifact id: 'ced981f326787ab7603294d58fde9c67') in 0.019116 seconds
  Import took 0.021407 seconds .

========================================================================
Received Import Request.
  Time since last request: 23.320831 seconds.
  path: Assets/Tree.prefab
  artifactKey: Guid(2236681ac44c4af4a8fe4f48464786bf) Importer(815301076,1909f56bfc062723c751e8b465ee728b)
Start importing Assets/Tree.prefab using Guid(2236681ac44c4af4a8fe4f48464786bf) Importer(815301076,1909f56bfc062723c751e8b465ee728b)  -> (artifact id: '56d575352ad5dc20f0a501dbd789dee1') in 0.243898 seconds
  Import took 0.245913 seconds .

========================================================================
Received Import Request.
  Time since last request: 20.206743 seconds.
  path: Assets/Tree.prefab
  artifactKey: Guid(2236681ac44c4af4a8fe4f48464786bf) Importer(815301076,1909f56bfc062723c751e8b465ee728b)
Start importing Assets/Tree.prefab using Guid(2236681ac44c4af4a8fe4f48464786bf) Importer(815301076,1909f56bfc062723c751e8b465ee728b)  -> (artifact id: '760a5e6b4ffe4c1184ee2ab07271f32f') in 0.026810 seconds
  Import took 0.029427 seconds .

========================================================================
Received Import Request.
  Time since last request: 412.134558 seconds.
  path: Assets/CanonTower
  artifactKey: Guid(765e0ad88c60b6946ad20b8a09009597) Importer(815301076,1909f56bfc062723c751e8b465ee728b)
Start importing Assets/CanonTower using Guid(765e0ad88c60b6946ad20b8a09009597) Importer(815301076,1909f56bfc062723c751e8b465ee728b)  -> (artifact id: '120d51f94fe366178db02b877f02aab8') in 0.006104 seconds
  Import took 0.011822 seconds .

========================================================================
Received Import Request.
  Time since last request: 8.179100 seconds.
  path: Assets/CanonTower/FBX
  artifactKey: Guid(f3fc14ac8afff3145b531404e1afaa64) Importer(815301076,1909f56bfc062723c751e8b465ee728b)
Start importing Assets/CanonTower/FBX using Guid(f3fc14ac8afff3145b531404e1afaa64) Importer(815301076,1909f56bfc062723c751e8b465ee728b)  -> (artifact id: '25694b7ca4b46118acfafb1a9b797d19') in 0.005149 seconds
  Import took 0.007004 seconds .

========================================================================
Received Import Request.
  Time since last request: 0.177183 seconds.
  path: Assets/CanonTower/FBX/Tower_Base.FBX
  artifactKey: Guid(8b4cc57cbefe92340a9b3e6f735fbd0e) Importer(815301076,1909f56bfc062723c751e8b465ee728b)
Start importing Assets/CanonTower/FBX/Tower_Base.FBX using Guid(8b4cc57cbefe92340a9b3e6f735fbd0e) Importer(815301076,1909f56bfc062723c751e8b465ee728b)  -> (artifact id: '595a94e66780acdec082fe44dd51b17d') in 0.076920 seconds
  Import took 0.078942 seconds .

========================================================================
Received Import Request.
  Time since last request: 0.000306 seconds.
  path: Assets/CanonTower/FBX/Tower_Top.FBX
  artifactKey: Guid(3b031bcf65d960943ae8ae3216e6fe2b) Importer(815301076,1909f56bfc062723c751e8b465ee728b)
Start importing Assets/CanonTower/FBX/Tower_Top.FBX using Guid(3b031bcf65d960943ae8ae3216e6fe2b) Importer(815301076,1909f56bfc062723c751e8b465ee728b)  -> (artifact id: 'd4e5a31739afdd752ce505c306304c12') in 0.054110 seconds
  Import took 0.056547 seconds .

========================================================================
Received Import Request.
  Time since last request: 81.824883 seconds.
  path: Assets/CanonTower/Textures/Shield_Big_dif.png
  artifactKey: Guid(5149f59bafed21e479ba281c878e8a0f) Importer(815301076,1909f56bfc062723c751e8b465ee728b)
Start importing Assets/CanonTower/Textures/Shield_Big_dif.png using Guid(5149f59bafed21e479ba281c878e8a0f) Importer(815301076,1909f56bfc062723c751e8b465ee728b)  -> (artifact id: '57eaf7571117b775c8e2fa587c616d5f') in 0.031770 seconds
  Import took 0.034027 seconds .

========================================================================
Received Import Request.
  Time since last request: 0.000157 seconds.
  path: Assets/CanonTower/Textures/Tower_Base_Dif.png
  artifactKey: Guid(a16c3a1cc63e49a41adefb0061f38c61) Importer(815301076,1909f56bfc062723c751e8b465ee728b)
Start importing Assets/CanonTower/Textures/Tower_Base_Dif.png using Guid(a16c3a1cc63e49a41adefb0061f38c61) Importer(815301076,1909f56bfc062723c751e8b465ee728b)  -> (artifact id: '6fda3cf307a957a2a9b15927fb4f94bd') in 0.013296 seconds
  Import took 0.015233 seconds .

========================================================================
Received Import Request.
  Time since last request: 0.000171 seconds.
  path: Assets/CanonTower/Textures/Tower_Top_Dif.png
  artifactKey: Guid(ad89ef072bd36374b884361a8deea9e8) Importer(815301076,1909f56bfc062723c751e8b465ee728b)
Start importing Assets/CanonTower/Textures/Tower_Top_Dif.png using Guid(ad89ef072bd36374b884361a8deea9e8) Importer(815301076,1909f56bfc062723c751e8b465ee728b)  -> (artifact id: '2f5a64d8e9a4085e4627d7927202442c') in 0.024512 seconds
  Import took 0.026320 seconds .

========================================================================
Received Import Request.
  Time since last request: 0.000342 seconds.
  path: Assets/CanonTower/Textures/Tower_Top_Deco_Dif.png
  artifactKey: Guid(0e1f613ccdc6ee143a066b4a26389da7) Importer(815301076,1909f56bfc062723c751e8b465ee728b)
Start importing Assets/CanonTower/Textures/Tower_Top_Deco_Dif.png using Guid(0e1f613ccdc6ee143a066b4a26389da7) Importer(815301076,1909f56bfc062723c751e8b465ee728b)  -> (artifact id: '4138757dc2cfb37a2bccc4660ad92699') in 0.011198 seconds
  Import took 0.012903 seconds .

========================================================================
Received Import Request.
  Time since last request: 0.000237 seconds.
  path: Assets/CanonTower/Textures/Tower_Base_Deco_dif.png
  artifactKey: Guid(92c8f3820a187cc45901315630ac0606) Importer(815301076,1909f56bfc062723c751e8b465ee728b)
Start importing Assets/CanonTower/Textures/Tower_Base_Deco_dif.png using Guid(92c8f3820a187cc45901315630ac0606) Importer(815301076,1909f56bfc062723c751e8b465ee728b)  -> (artifact id: 'f040144afba1780bcf18f2aaae1e7f6a') in 0.012617 seconds
  Import took 0.014272 seconds .

========================================================================
Received Import Request.
  Time since last request: 172.574007 seconds.
  path: Assets/CanonTower/FBX/Tower_Top.FBX
  artifactKey: Guid(3b031bcf65d960943ae8ae3216e6fe2b) Importer(815301076,1909f56bfc062723c751e8b465ee728b)
Start importing Assets/CanonTower/FBX/Tower_Top.FBX using Guid(3b031bcf65d960943ae8ae3216e6fe2b) Importer(815301076,1909f56bfc062723c751e8b465ee728b)  -> (artifact id: '9839a5fe03f3487a398c20bd30707095') in 0.023292 seconds
  Import took 0.030143 seconds .

========================================================================
Received Import Request.
  Time since last request: 377.349565 seconds.
  path: Assets/CanonTower/FBX/Materials
  artifactKey: Guid(9f8ae7e18159c9d42bdb0b688c47e404) Importer(815301076,1909f56bfc062723c751e8b465ee728b)
Start importing Assets/CanonTower/FBX/Materials using Guid(9f8ae7e18159c9d42bdb0b688c47e404) Importer(815301076,1909f56bfc062723c751e8b465ee728b)  -> (artifact id: 'de7ecfda241f7bbabdf524b3666ec8b8') in 0.006220 seconds
  Import took 0.008346 seconds .

========================================================================
Received Import Request.
  Time since last request: 0.175568 seconds.
  path: Assets/CanonTower/FBX/Materials/No Name.mat
  artifactKey: Guid(24575d9454fbefa478dd2ec30b0da652) Importer(815301076,1909f56bfc062723c751e8b465ee728b)
Start importing Assets/CanonTower/FBX/Materials/No Name.mat using Guid(24575d9454fbefa478dd2ec30b0da652) Importer(815301076,1909f56bfc062723c751e8b465ee728b)  -> (artifact id: '476d3eb3205538a1f27f2c893befa802') in 0.022530 seconds
  Import took 0.024515 seconds .

========================================================================
Received Import Request.
  Time since last request: 3.476457 seconds.
  path: Assets/CanonTower/Materials/Shield_Big_mat.mat
  artifactKey: Guid(ca7138d56ebeadb4ab3ef5fcb82f946d) Importer(815301076,1909f56bfc062723c751e8b465ee728b)
Start importing Assets/CanonTower/Materials/Shield_Big_mat.mat using Guid(ca7138d56ebeadb4ab3ef5fcb82f946d) Importer(815301076,1909f56bfc062723c751e8b465ee728b)  -> (artifact id: '8c6f72035f841fa3220e69f5082af0ac') in 0.015173 seconds
  Import took 0.017085 seconds .

========================================================================
Received Import Request.
  Time since last request: 0.000195 seconds.
  path: Assets/CanonTower/Materials/Tower_Top_Deco_Dif.mat
  artifactKey: Guid(c95855e601dd20e42a08996dd220e526) Importer(815301076,1909f56bfc062723c751e8b465ee728b)
Start importing Assets/CanonTower/Materials/Tower_Top_Deco_Dif.mat using Guid(c95855e601dd20e42a08996dd220e526) Importer(815301076,1909f56bfc062723c751e8b465ee728b)  -> (artifact id: '35a0e9923b138688d25f52781b4b3d4f') in 0.014407 seconds
  Import took 0.020980 seconds .

========================================================================
Received Import Request.
  Time since last request: 0.000196 seconds.
  path: Assets/CanonTower/Materials/Tower_Top_Deco_mat.mat
  artifactKey: Guid(c696ba76ada0fae4b9725a7c7a7e325c) Importer(815301076,1909f56bfc062723c751e8b465ee728b)
Start importing Assets/CanonTower/Materials/Tower_Top_Deco_mat.mat using Guid(c696ba76ada0fae4b9725a7c7a7e325c) Importer(815301076,1909f56bfc062723c751e8b465ee728b)  -> (artifact id: '7d5264d250abef9908d608cc94b4840f') in 0.022914 seconds
  Import took 0.024859 seconds .

========================================================================
Received Import Request.
  Time since last request: 0.000320 seconds.
  path: Assets/CanonTower/Materials/Tower_Base_mat.mat
  artifactKey: Guid(70c6189c8c8b4cc4da749c5ace637058) Importer(815301076,1909f56bfc062723c751e8b465ee728b)
Start importing Assets/CanonTower/Materials/Tower_Base_mat.mat using Guid(70c6189c8c8b4cc4da749c5ace637058) Importer(815301076,1909f56bfc062723c751e8b465ee728b)  -> (artifact id: '177bc0f6281c37a8234a71fee2da4844') in 0.014359 seconds
  Import took 0.016237 seconds .

========================================================================
Received Import Request.
  Time since last request: 0.000311 seconds.
  path: Assets/CanonTower/Materials/Tower_Base_Deco_mat.mat
  artifactKey: Guid(b128499fa9af31f46981e7e520f91556) Importer(815301076,1909f56bfc062723c751e8b465ee728b)
Start importing Assets/CanonTower/Materials/Tower_Base_Deco_mat.mat using Guid(b128499fa9af31f46981e7e520f91556) Importer(815301076,1909f56bfc062723c751e8b465ee728b)  -> (artifact id: '9309432d6fe5084247cf445dfd2e8fd6') in 0.012679 seconds
  Import took 0.014625 seconds .

========================================================================
Received Import Request.
  Time since last request: 0.000237 seconds.
  path: Assets/CanonTower/Materials/Tower_Top_mat.mat
  artifactKey: Guid(dd450e62cd3b7bd4f96ba5a499ed2f5b) Importer(815301076,1909f56bfc062723c751e8b465ee728b)
Start importing Assets/CanonTower/Materials/Tower_Top_mat.mat using Guid(dd450e62cd3b7bd4f96ba5a499ed2f5b) Importer(815301076,1909f56bfc062723c751e8b465ee728b)  -> (artifact id: 'ab0d78cd4a9ec6863cf319458c2e694f') in 0.012905 seconds
  Import took 0.015243 seconds .

========================================================================
Received Import Request.
  Time since last request: 12.959256 seconds.
  path: Assets/CanonTower/Prefabs/Tower.prefab
  artifactKey: Guid(f4f6b630159e6b34386dec2579f250b2) Importer(815301076,1909f56bfc062723c751e8b465ee728b)
Start importing Assets/CanonTower/Prefabs/Tower.prefab using Guid(f4f6b630159e6b34386dec2579f250b2) Importer(815301076,1909f56bfc062723c751e8b465ee728b)  -> (artifact id: 'b7754da7732fdb1764571eafa32d5c43') in 0.046028 seconds
  Import took 0.048582 seconds .

========================================================================
Received Prepare
Registering precompiled user dll's ...
Registered in 0.000451 seconds.
Begin MonoManager ReloadAssembly
Native extension for WindowsStandalone target not found
Native extension for WebGL target not found
Refreshing native plugins compatible for Editor in 0.30 ms, found 0 plugins.
Preloading 0 native plugins for Editor in 0.00 ms.
Mono: successfully reloaded assembly
- Completed reload, in  0.733 seconds
Platform modules already initialized, skipping
Refreshing native plugins compatible for Editor in 0.18 ms, found 0 plugins.
Preloading 0 native plugins for Editor in 0.00 ms.
Unloading 1110 Unused Serialized files (Serialized files now loaded: 0)
System memory in use before: 73.9 MB.
System memory in use after: 73.9 MB.

Unloading 5 unused Assets to reduce memory usage. Loaded Objects now: 1626.
Total: 1.417100 ms (FindLiveObjects: 0.124200 ms CreateObjectMapping: 0.033900 ms MarkObjects: 1.212400 ms  DeleteObjects: 0.045300 ms)

========================================================================
Received Prepare
Registering precompiled user dll's ...
Registered in 0.000535 seconds.
Begin MonoManager ReloadAssembly
Native extension for WindowsStandalone target not found
Native extension for WebGL target not found
Refreshing native plugins compatible for Editor in 0.22 ms, found 0 plugins.
Preloading 0 native plugins for Editor in 0.00 ms.
Mono: successfully reloaded assembly
- Completed reload, in  0.688 seconds
Platform modules already initialized, skipping
Refreshing native plugins compatible for Editor in 0.19 ms, found 0 plugins.
Preloading 0 native plugins for Editor in 0.00 ms.
Unloading 1110 Unused Serialized files (Serialized files now loaded: 0)
System memory in use before: 73.9 MB.
System memory in use after: 74.0 MB.

Unloading 5 unused Assets to reduce memory usage. Loaded Objects now: 1629.
Total: 1.431200 ms (FindLiveObjects: 0.134400 ms CreateObjectMapping: 0.034600 ms MarkObjects: 1.211800 ms  DeleteObjects: 0.049300 ms)

========================================================================
Received Import Request.
  Time since last request: 1774.930569 seconds.
  path: Assets/CanonTower/Materials/New Folder
  artifactKey: Guid(989287675418c0447af6941288895940) Importer(815301076,1909f56bfc062723c751e8b465ee728b)
Start importing Assets/CanonTower/Materials/New Folder using Guid(989287675418c0447af6941288895940) Importer(815301076,1909f56bfc062723c751e8b465ee728b)  -> (artifact id: '6105e3ddb09f4bb56b8314369b25ab29') in 0.007659 seconds
  Import took 0.009865 seconds .

========================================================================
Received Import Request.
  Time since last request: 22.525740 seconds.
  path: Assets/CanonTower/Materials/Prefabs
  artifactKey: Guid(042fa04b80c74804f9cfd611426790e1) Importer(815301076,1909f56bfc062723c751e8b465ee728b)
Start importing Assets/CanonTower/Materials/Prefabs using Guid(042fa04b80c74804f9cfd611426790e1) Importer(815301076,1909f56bfc062723c751e8b465ee728b)  -> (artifact id: 'b720a3505ce84b416d18055e4d44e364') in 0.005848 seconds
  Import took 0.007559 seconds .

========================================================================
Received Import Request.
  Time since last request: 296.239037 seconds.
  path: Assets/Prefabs/WallHolder.prefab
  artifactKey: Guid(8f81042107233aa4bbb25019d6e7616f) Importer(815301076,1909f56bfc062723c751e8b465ee728b)
Start importing Assets/Prefabs/WallHolder.prefab using Guid(8f81042107233aa4bbb25019d6e7616f) Importer(815301076,1909f56bfc062723c751e8b465ee728b)  -> (artifact id: 'aa39c328c93b37ef4f969c6d7cf5f077') in 0.078190 seconds
  Import took 0.081056 seconds .

========================================================================
Received Import Request.
  Time since last request: 0.038107 seconds.
  path: Assets/Prefabs/WallHolder.prefab
  artifactKey: Guid(8f81042107233aa4bbb25019d6e7616f) Importer(815301076,1909f56bfc062723c751e8b465ee728b)
Start importing Assets/Prefabs/WallHolder.prefab using Guid(8f81042107233aa4bbb25019d6e7616f) Importer(815301076,1909f56bfc062723c751e8b465ee728b)  -> (artifact id: 'aa39c328c93b37ef4f969c6d7cf5f077') in 0.015497 seconds
  Import took 0.017852 seconds .

========================================================================
Received Import Request.
  Time since last request: 330.336908 seconds.
  path: Assets/Prefabs/Canon.prefab
  artifactKey: Guid(86ccb72d461cf3649a45f3da73085453) Importer(815301076,1909f56bfc062723c751e8b465ee728b)
Start importing Assets/Prefabs/Canon.prefab using Guid(86ccb72d461cf3649a45f3da73085453) Importer(815301076,1909f56bfc062723c751e8b465ee728b)  -> (artifact id: '6de2403ba589423bed1f149bd50907d3') in 0.014571 seconds
  Import took 0.017121 seconds .

========================================================================
Received Import Request.
  Time since last request: 0.033969 seconds.
  path: Assets/Prefabs/Canon.prefab
  artifactKey: Guid(86ccb72d461cf3649a45f3da73085453) Importer(815301076,1909f56bfc062723c751e8b465ee728b)
Start importing Assets/Prefabs/Canon.prefab using Guid(86ccb72d461cf3649a45f3da73085453) Importer(815301076,1909f56bfc062723c751e8b465ee728b)  -> (artifact id: '6de2403ba589423bed1f149bd50907d3') in 0.006660 seconds
  Import took 0.008633 seconds .

========================================================================
Received Import Request.
  Time since last request: 192.799715 seconds.
  path: Assets/Materials/brick_asset.mat
  artifactKey: Guid(175aa7b1ccf3c0d40aa7917390322100) Importer(815301076,1909f56bfc062723c751e8b465ee728b)
Start importing Assets/Materials/brick_asset.mat using Guid(175aa7b1ccf3c0d40aa7917390322100) Importer(815301076,1909f56bfc062723c751e8b465ee728b)  -> (artifact id: '4d842e137cf11fe32bef173e0d774740') in 0.027279 seconds
  Import took 0.030367 seconds .

========================================================================
Received Import Request.
  Time since last request: 0.000230 seconds.
  path: Assets/Materials/grass_asset.mat
  artifactKey: Guid(dc1978aca9012394f9c011e9c360a2ea) Importer(815301076,1909f56bfc062723c751e8b465ee728b)
Start importing Assets/Materials/grass_asset.mat using Guid(dc1978aca9012394f9c011e9c360a2ea) Importer(815301076,1909f56bfc062723c751e8b465ee728b)  -> (artifact id: '588c15f6567dfa11940f7640cb45d2a2') in 0.012579 seconds
  Import took 0.014236 seconds .

========================================================================
Received Import Request.
  Time since last request: 18.894121 seconds.
  path: Assets/Materials/Metal.mat
  artifactKey: Guid(3d26eb39972c45c4aa7542aef74219c3) Importer(815301076,1909f56bfc062723c751e8b465ee728b)
Start importing Assets/Materials/Metal.mat using Guid(3d26eb39972c45c4aa7542aef74219c3) Importer(815301076,1909f56bfc062723c751e8b465ee728b)  -> (artifact id: '5acaf3d9d402d03c761eca6d65024bec') in 0.010914 seconds
  Import took 0.012849 seconds .

========================================================================
Received Import Request.
  Time since last request: 35.817620 seconds.
  path: Assets/Materials
  artifactKey: Guid(023a435780feaa54cba157de90a6781a) Importer(815301076,1909f56bfc062723c751e8b465ee728b)
Start importing Assets/Materials using Guid(023a435780feaa54cba157de90a6781a) Importer(815301076,1909f56bfc062723c751e8b465ee728b)  -> (artifact id: '35b28b34fe63faf5a12b8c5f2130b1c9') in 0.002604 seconds
  Import took 0.004516 seconds .

========================================================================
Received Import Request.
  Time since last request: 14.030558 seconds.
  path: Assets/Materials/Wood.mat
  artifactKey: Guid(f7d270e26e3e59a4aa9fb52d690990e4) Importer(815301076,1909f56bfc062723c751e8b465ee728b)
Start importing Assets/Materials/Wood.mat using Guid(f7d270e26e3e59a4aa9fb52d690990e4) Importer(815301076,1909f56bfc062723c751e8b465ee728b)  -> (artifact id: 'c040803eb48a9b115a79706876800499') in 0.011034 seconds
  Import took 0.013671 seconds .

========================================================================
Received Import Request.
  Time since last request: 234.254459 seconds.
  path: Assets/Materials/New Material.mat
  artifactKey: Guid(5c8607441659ba94ba802d14b30aed9a) Importer(815301076,1909f56bfc062723c751e8b465ee728b)
Start importing Assets/Materials/New Material.mat using Guid(5c8607441659ba94ba802d14b30aed9a) Importer(815301076,1909f56bfc062723c751e8b465ee728b)  -> (artifact id: '4918b1e552bb0f4648a1c2b3bd7a25c1') in 0.012695 seconds
  Import took 0.015225 seconds .

========================================================================
Received Import Request.
  Time since last request: 178.769886 seconds.
  path: Assets/Prefabs/Canon 1.prefab
  artifactKey: Guid(43aa477312d9de74f8b580750eee50eb) Importer(815301076,1909f56bfc062723c751e8b465ee728b)
Start importing Assets/Prefabs/Canon 1.prefab using Guid(43aa477312d9de74f8b580750eee50eb) Importer(815301076,1909f56bfc062723c751e8b465ee728b)  -> (artifact id: '2bc63909e5991cf65536638619e602de') in 0.019446 seconds
  Import took 0.022283 seconds .

========================================================================
Received Import Request.
  Time since last request: 0.012594 seconds.
  path: Assets/Prefabs/Canon 1.prefab
  artifactKey: Guid(43aa477312d9de74f8b580750eee50eb) Importer(815301076,1909f56bfc062723c751e8b465ee728b)
Start importing Assets/Prefabs/Canon 1.prefab using Guid(43aa477312d9de74f8b580750eee50eb) Importer(815301076,1909f56bfc062723c751e8b465ee728b)  -> (artifact id: '2bc63909e5991cf65536638619e602de') in 0.010062 seconds
  Import took 0.013281 seconds .

========================================================================
Received Prepare
Registering precompiled user dll's ...
Registered in 0.002020 seconds.
Begin MonoManager ReloadAssembly
Native extension for WindowsStandalone target not found
Native extension for WebGL target not found
Refreshing native plugins compatible for Editor in 0.58 ms, found 0 plugins.
Preloading 0 native plugins for Editor in 0.00 ms.
Mono: successfully reloaded assembly
- Completed reload, in  1.492 seconds
Platform modules already initialized, skipping
Refreshing native plugins compatible for Editor in 0.37 ms, found 0 plugins.
Preloading 0 native plugins for Editor in 0.00 ms.
Unloading 1111 Unused Serialized files (Serialized files now loaded: 0)
System memory in use before: 74.2 MB.
System memory in use after: 74.3 MB.

Unloading 6 unused Assets to reduce memory usage. Loaded Objects now: 1637.
Total: 1.906600 ms (FindLiveObjects: 0.324300 ms CreateObjectMapping: 0.059700 ms MarkObjects: 1.460400 ms  DeleteObjects: 0.060200 ms)

========================================================================
Received Prepare
Registering precompiled user dll's ...
Registered in 0.000729 seconds.
Begin MonoManager ReloadAssembly
Native extension for WindowsStandalone target not found
Native extension for WebGL target not found
Refreshing native plugins compatible for Editor in 0.54 ms, found 0 plugins.
Preloading 0 native plugins for Editor in 0.00 ms.
Mono: successfully reloaded assembly
- Completed reload, in  1.528 seconds
Platform modules already initialized, skipping
Refreshing native plugins compatible for Editor in 0.60 ms, found 0 plugins.
Preloading 0 native plugins for Editor in 0.00 ms.
Unloading 1111 Unused Serialized files (Serialized files now loaded: 0)
System memory in use before: 74.2 MB.
System memory in use after: 74.3 MB.

Unloading 5 unused Assets to reduce memory usage. Loaded Objects now: 1640.
Total: 1.520400 ms (FindLiveObjects: 0.135500 ms CreateObjectMapping: 0.047800 ms MarkObjects: 1.284200 ms  DeleteObjects: 0.052000 ms)

========================================================================
Received Import Request.
  Time since last request: 1156.324224 seconds.
  path: Assets/Materials/Metal.mat
  artifactKey: Guid(3d26eb39972c45c4aa7542aef74219c3) Importer(815301076,1909f56bfc062723c751e8b465ee728b)
Start importing Assets/Materials/Metal.mat using Guid(3d26eb39972c45c4aa7542aef74219c3) Importer(815301076,1909f56bfc062723c751e8b465ee728b)  -> (artifact id: 'e596becab461c75705b2a40cc05bbc85') in 0.078325 seconds
  Import took 0.080602 seconds .

========================================================================
Received Import Request.
  Time since last request: 0.000233 seconds.
  path: Assets/Materials/Wood.mat
  artifactKey: Guid(f7d270e26e3e59a4aa9fb52d690990e4) Importer(815301076,1909f56bfc062723c751e8b465ee728b)
Start importing Assets/Materials/Wood.mat using Guid(f7d270e26e3e59a4aa9fb52d690990e4) Importer(815301076,1909f56bfc062723c751e8b465ee728b)  -> (artifact id: '1fd5b6c26df97945dbc47d2f58ce7a16') in 0.011985 seconds
  Import took 0.013816 seconds .

========================================================================
Received Import Request.
  Time since last request: 0.000202 seconds.
  path: Assets/Materials/New Material.mat
  artifactKey: Guid(5c8607441659ba94ba802d14b30aed9a) Importer(815301076,1909f56bfc062723c751e8b465ee728b)
Start importing Assets/Materials/New Material.mat using Guid(5c8607441659ba94ba802d14b30aed9a) Importer(815301076,1909f56bfc062723c751e8b465ee728b)  -> (artifact id: '2053ebfeaf7748bcf68e79f94daeff15') in 0.013651 seconds
  Import took 0.015317 seconds .

========================================================================
Received Prepare
Registering precompiled user dll's ...
Registered in 0.000588 seconds.
Begin MonoManager ReloadAssembly
Native extension for WindowsStandalone target not found
Native extension for WebGL target not found
Refreshing native plugins compatible for Editor in 0.35 ms, found 0 plugins.
Preloading 0 native plugins for Editor in 0.00 ms.
Mono: successfully reloaded assembly
- Completed reload, in  0.910 seconds
Platform modules already initialized, skipping
Refreshing native plugins compatible for Editor in 0.19 ms, found 0 plugins.
Preloading 0 native plugins for Editor in 0.00 ms.
Unloading 1111 Unused Serialized files (Serialized files now loaded: 0)
System memory in use before: 74.2 MB.
System memory in use after: 74.3 MB.

Unloading 5 unused Assets to reduce memory usage. Loaded Objects now: 1644.
Total: 1.407200 ms (FindLiveObjects: 0.127900 ms CreateObjectMapping: 0.033500 ms MarkObjects: 1.198300 ms  DeleteObjects: 0.046600 ms)

========================================================================
Received Prepare
Registering precompiled user dll's ...
Registered in 0.000510 seconds.
Begin MonoManager ReloadAssembly
Native extension for WindowsStandalone target not found
Native extension for WebGL target not found
Refreshing native plugins compatible for Editor in 0.34 ms, found 0 plugins.
Preloading 0 native plugins for Editor in 0.00 ms.
Mono: successfully reloaded assembly
- Completed reload, in  0.865 seconds
Platform modules already initialized, skipping
Refreshing native plugins compatible for Editor in 0.20 ms, found 0 plugins.
Preloading 0 native plugins for Editor in 0.00 ms.
Unloading 1111 Unused Serialized files (Serialized files now loaded: 0)
System memory in use before: 74.2 MB.
System memory in use after: 74.3 MB.

Unloading 5 unused Assets to reduce memory usage. Loaded Objects now: 1647.
Total: 1.677200 ms (FindLiveObjects: 0.173400 ms CreateObjectMapping: 0.049700 ms MarkObjects: 1.404100 ms  DeleteObjects: 0.049000 ms)

========================================================================
Received Prepare
Registering precompiled user dll's ...
Registered in 0.000403 seconds.
Begin MonoManager ReloadAssembly
Native extension for WindowsStandalone target not found
Native extension for WebGL target not found
Refreshing native plugins compatible for Editor in 0.23 ms, found 0 plugins.
Preloading 0 native plugins for Editor in 0.00 ms.
Mono: successfully reloaded assembly
- Completed reload, in  0.692 seconds
Platform modules already initialized, skipping
Refreshing native plugins compatible for Editor in 0.22 ms, found 0 plugins.
Preloading 0 native plugins for Editor in 0.00 ms.
Unloading 1111 Unused Serialized files (Serialized files now loaded: 0)
System memory in use before: 74.2 MB.
System memory in use after: 74.3 MB.

Unloading 5 unused Assets to reduce memory usage. Loaded Objects now: 1650.
Total: 1.526800 ms (FindLiveObjects: 0.195200 ms CreateObjectMapping: 0.036100 ms MarkObjects: 1.229600 ms  DeleteObjects: 0.064400 ms)

========================================================================
Received Prepare
Registering precompiled user dll's ...
Registered in 0.000518 seconds.
Begin MonoManager ReloadAssembly
Native extension for WindowsStandalone target not found
Native extension for WebGL target not found
Refreshing native plugins compatible for Editor in 0.18 ms, found 0 plugins.
Preloading 0 native plugins for Editor in 0.00 ms.
Mono: successfully reloaded assembly
- Completed reload, in  0.687 seconds
Platform modules already initialized, skipping
Refreshing native plugins compatible for Editor in 0.21 ms, found 0 plugins.
Preloading 0 native plugins for Editor in 0.00 ms.
Unloading 1111 Unused Serialized files (Serialized files now loaded: 0)
System memory in use before: 74.2 MB.
System memory in use after: 74.3 MB.

Unloading 5 unused Assets to reduce memory usage. Loaded Objects now: 1653.
Total: 2.216100 ms (FindLiveObjects: 0.224300 ms CreateObjectMapping: 0.081800 ms MarkObjects: 1.841700 ms  DeleteObjects: 0.067000 ms)

========================================================================
Received Prepare
Registering precompiled user dll's ...
Registered in 0.000396 seconds.
Begin MonoManager ReloadAssembly
Native extension for WindowsStandalone target not found
Native extension for WebGL target not found
Refreshing native plugins compatible for Editor in 0.19 ms, found 0 plugins.
Preloading 0 native plugins for Editor in 0.00 ms.
Mono: successfully reloaded assembly
- Completed reload, in  0.889 seconds
Platform modules already initialized, skipping
Refreshing native plugins compatible for Editor in 0.21 ms, found 0 plugins.
Preloading 0 native plugins for Editor in 0.00 ms.
Unloading 1111 Unused Serialized files (Serialized files now loaded: 0)
System memory in use before: 74.3 MB.
System memory in use after: 74.4 MB.

Unloading 5 unused Assets to reduce memory usage. Loaded Objects now: 1656.
Total: 1.476300 ms (FindLiveObjects: 0.131300 ms CreateObjectMapping: 0.034500 ms MarkObjects: 1.260600 ms  DeleteObjects: 0.048800 ms)

========================================================================
Received Prepare
Registering precompiled user dll's ...
Registered in 0.000388 seconds.
Begin MonoManager ReloadAssembly
Native extension for WindowsStandalone target not found
Native extension for WebGL target not found
Refreshing native plugins compatible for Editor in 0.20 ms, found 0 plugins.
Preloading 0 native plugins for Editor in 0.00 ms.
Mono: successfully reloaded assembly
- Completed reload, in  0.752 seconds
Platform modules already initialized, skipping
Refreshing native plugins compatible for Editor in 0.21 ms, found 0 plugins.
Preloading 0 native plugins for Editor in 0.00 ms.
Unloading 1111 Unused Serialized files (Serialized files now loaded: 0)
System memory in use before: 74.3 MB.
System memory in use after: 74.4 MB.

Unloading 5 unused Assets to reduce memory usage. Loaded Objects now: 1659.
Total: 1.591000 ms (FindLiveObjects: 0.174200 ms CreateObjectMapping: 0.054700 ms MarkObjects: 1.314400 ms  DeleteObjects: 0.046900 ms)

========================================================================
Received Prepare
Registering precompiled user dll's ...
Registered in 0.000486 seconds.
Begin MonoManager ReloadAssembly
Native extension for WindowsStandalone target not found
Native extension for WebGL target not found
Refreshing native plugins compatible for Editor in 0.48 ms, found 0 plugins.
Preloading 0 native plugins for Editor in 0.00 ms.
Mono: successfully reloaded assembly
- Completed reload, in  0.693 seconds
Platform modules already initialized, skipping
Refreshing native plugins compatible for Editor in 0.19 ms, found 0 plugins.
Preloading 0 native plugins for Editor in 0.00 ms.
Unloading 1111 Unused Serialized files (Serialized files now loaded: 0)
System memory in use before: 74.3 MB.
System memory in use after: 74.4 MB.

Unloading 5 unused Assets to reduce memory usage. Loaded Objects now: 1662.
Total: 1.408600 ms (FindLiveObjects: 0.142100 ms CreateObjectMapping: 0.041200 ms MarkObjects: 1.178200 ms  DeleteObjects: 0.046000 ms)

========================================================================
Received Prepare
Registering precompiled user dll's ...
Registered in 0.000453 seconds.
Begin MonoManager ReloadAssembly
Native extension for WindowsStandalone target not found
Native extension for WebGL target not found
Refreshing native plugins compatible for Editor in 0.26 ms, found 0 plugins.
Preloading 0 native plugins for Editor in 0.00 ms.
Mono: successfully reloaded assembly
- Completed reload, in  0.791 seconds
Platform modules already initialized, skipping
Refreshing native plugins compatible for Editor in 0.18 ms, found 0 plugins.
Preloading 0 native plugins for Editor in 0.00 ms.
Unloading 1111 Unused Serialized files (Serialized files now loaded: 0)
System memory in use before: 74.3 MB.
System memory in use after: 74.4 MB.

Unloading 5 unused Assets to reduce memory usage. Loaded Objects now: 1665.
Total: 1.473600 ms (FindLiveObjects: 0.121500 ms CreateObjectMapping: 0.032800 ms MarkObjects: 1.261500 ms  DeleteObjects: 0.057000 ms)

========================================================================
Received Prepare
Registering precompiled user dll's ...
Registered in 0.000452 seconds.
Begin MonoManager ReloadAssembly
Native extension for WindowsStandalone target not found
Native extension for WebGL target not found
Refreshing native plugins compatible for Editor in 0.19 ms, found 0 plugins.
Preloading 0 native plugins for Editor in 0.00 ms.
Mono: successfully reloaded assembly
- Completed reload, in  0.718 seconds
Platform modules already initialized, skipping
Refreshing native plugins compatible for Editor in 0.23 ms, found 0 plugins.
Preloading 0 native plugins for Editor in 0.00 ms.
Unloading 1111 Unused Serialized files (Serialized files now loaded: 0)
System memory in use before: 74.3 MB.
System memory in use after: 74.4 MB.

Unloading 5 unused Assets to reduce memory usage. Loaded Objects now: 1668.
Total: 1.570200 ms (FindLiveObjects: 0.125800 ms CreateObjectMapping: 0.036200 ms MarkObjects: 1.352200 ms  DeleteObjects: 0.055200 ms)

========================================================================
Received Import Request.
  Time since last request: 714.904753 seconds.
  path: Assets
  artifactKey: Guid(00000000000000001000000000000000) Importer(815301076,1909f56bfc062723c751e8b465ee728b)
Start importing Assets using Guid(00000000000000001000000000000000) Importer(815301076,1909f56bfc062723c751e8b465ee728b)  -> (artifact id: '42d402b061de3733987d63b9cc3b64de') in 0.012940 seconds
  Import took 0.015273 seconds .

========================================================================
Received Import Request.
  Time since last request: 11.271061 seconds.
  path: Assets/DrawProjection.cs
  artifactKey: Guid(28d3ae7b72d8bf94f9f12651bfc67512) Importer(815301076,1909f56bfc062723c751e8b465ee728b)
Start importing Assets/DrawProjection.cs using Guid(28d3ae7b72d8bf94f9f12651bfc67512) Importer(815301076,1909f56bfc062723c751e8b465ee728b)  -> (artifact id: 'bc2caf9e0151eef68bb78bdbfb1c5a2a') in 0.024835 seconds
  Import took 0.027726 seconds .

========================================================================
Received Prepare
Registering precompiled user dll's ...
Registered in 0.000446 seconds.
Begin MonoManager ReloadAssembly
Native extension for WindowsStandalone target not found
Native extension for WebGL target not found
Refreshing native plugins compatible for Editor in 0.18 ms, found 0 plugins.
Preloading 0 native plugins for Editor in 0.00 ms.
Mono: successfully reloaded assembly
- Completed reload, in  0.709 seconds
Platform modules already initialized, skipping
Refreshing native plugins compatible for Editor in 0.18 ms, found 0 plugins.
Preloading 0 native plugins for Editor in 0.00 ms.
Unloading 1112 Unused Serialized files (Serialized files now loaded: 0)
System memory in use before: 74.3 MB.
System memory in use after: 74.4 MB.

Unloading 5 unused Assets to reduce memory usage. Loaded Objects now: 1672.
Total: 1.535100 ms (FindLiveObjects: 0.130600 ms CreateObjectMapping: 0.032800 ms MarkObjects: 1.326000 ms  DeleteObjects: 0.044700 ms)

========================================================================
Received Prepare
Registering precompiled user dll's ...
Registered in 0.000933 seconds.
Begin MonoManager ReloadAssembly
Native extension for WindowsStandalone target not found
Native extension for WebGL target not found
Refreshing native plugins compatible for Editor in 0.27 ms, found 0 plugins.
Preloading 0 native plugins for Editor in 0.00 ms.
Mono: successfully reloaded assembly
- Completed reload, in  0.856 seconds
Platform modules already initialized, skipping
Refreshing native plugins compatible for Editor in 0.18 ms, found 0 plugins.
Preloading 0 native plugins for Editor in 0.00 ms.
Unloading 1112 Unused Serialized files (Serialized files now loaded: 0)
System memory in use before: 74.4 MB.
System memory in use after: 74.4 MB.

Unloading 5 unused Assets to reduce memory usage. Loaded Objects now: 1675.
Total: 2.746500 ms (FindLiveObjects: 0.265100 ms CreateObjectMapping: 0.057500 ms MarkObjects: 2.320300 ms  DeleteObjects: 0.100600 ms)

========================================================================
Received Import Request.
  Time since last request: 205.408979 seconds.
  path: Assets/DrawProjection.cs
  artifactKey: Guid(28d3ae7b72d8bf94f9f12651bfc67512) Importer(815301076,1909f56bfc062723c751e8b465ee728b)
Start importing Assets/DrawProjection.cs using Guid(28d3ae7b72d8bf94f9f12651bfc67512) Importer(815301076,1909f56bfc062723c751e8b465ee728b)  -> (artifact id: '8a86a393a5e789fcc9c8133f430b4f34') in 0.005294 seconds
  Import took 0.007722 seconds .

========================================================================
Received Import Request.
  Time since last request: 39.115444 seconds.
  path: ProjectSettings/TagManager.asset
  artifactKey: Guid(00000000000000003000000000000000) Importer(815301076,1909f56bfc062723c751e8b465ee728b)
Start importing ProjectSettings/TagManager.asset using Guid(00000000000000003000000000000000) Importer(815301076,1909f56bfc062723c751e8b465ee728b)  -> (artifact id: 'ce6a35c3cddc746e7501c0bd0ed6d4ce') in 0.027029 seconds
  Import took 0.028781 seconds .

========================================================================
Received Prepare
Registering precompiled user dll's ...
Registered in 0.000422 seconds.
Begin MonoManager ReloadAssembly
Native extension for WindowsStandalone target not found
Native extension for WebGL target not found
Refreshing native plugins compatible for Editor in 0.18 ms, found 0 plugins.
Preloading 0 native plugins for Editor in 0.00 ms.
Mono: successfully reloaded assembly
- Completed reload, in  0.665 seconds
Platform modules already initialized, skipping
Refreshing native plugins compatible for Editor in 0.18 ms, found 0 plugins.
Preloading 0 native plugins for Editor in 0.00 ms.
Unloading 1112 Unused Serialized files (Serialized files now loaded: 0)
System memory in use before: 74.4 MB.
System memory in use after: 74.4 MB.

Unloading 6 unused Assets to reduce memory usage. Loaded Objects now: 1678.
Total: 1.453900 ms (FindLiveObjects: 0.131200 ms CreateObjectMapping: 0.034000 ms MarkObjects: 1.239000 ms  DeleteObjects: 0.048800 ms)

========================================================================
Received Import Request.
  Time since last request: 134.922266 seconds.
  path: Assets/Prefabs/CanonBall.prefab
  artifactKey: Guid(b8e7035c8aa8eec4baa0c2feaf9c4f77) Importer(815301076,1909f56bfc062723c751e8b465ee728b)
Start importing Assets/Prefabs/CanonBall.prefab using Guid(b8e7035c8aa8eec4baa0c2feaf9c4f77) Importer(815301076,1909f56bfc062723c751e8b465ee728b)  -> (artifact id: 'fb1e2e877e7a772798acd3129fa23388') in 0.069374 seconds
  Import took 0.071553 seconds .

========================================================================
Received Import Request.
  Time since last request: 0.028333 seconds.
  path: Assets/Prefabs/CanonBall.prefab
  artifactKey: Guid(b8e7035c8aa8eec4baa0c2feaf9c4f77) Importer(815301076,1909f56bfc062723c751e8b465ee728b)
Start importing Assets/Prefabs/CanonBall.prefab using Guid(b8e7035c8aa8eec4baa0c2feaf9c4f77) Importer(815301076,1909f56bfc062723c751e8b465ee728b)  -> (artifact id: 'fb1e2e877e7a772798acd3129fa23388') in 0.008983 seconds
  Import took 0.011335 seconds .

========================================================================
Received Prepare
Registering precompiled user dll's ...
Registered in 0.000888 seconds.
Begin MonoManager ReloadAssembly
Native extension for WindowsStandalone target not found
Native extension for WebGL target not found
Refreshing native plugins compatible for Editor in 0.19 ms, found 0 plugins.
Preloading 0 native plugins for Editor in 0.00 ms.
Mono: successfully reloaded assembly
- Completed reload, in  0.744 seconds
Platform modules already initialized, skipping
Refreshing native plugins compatible for Editor in 0.18 ms, found 0 plugins.
Preloading 0 native plugins for Editor in 0.00 ms.
Unloading 1112 Unused Serialized files (Serialized files now loaded: 0)
System memory in use before: 74.4 MB.
System memory in use after: 74.4 MB.

Unloading 5 unused Assets to reduce memory usage. Loaded Objects now: 1682.
Total: 1.499300 ms (FindLiveObjects: 0.129800 ms CreateObjectMapping: 0.033300 ms MarkObjects: 1.285400 ms  DeleteObjects: 0.049900 ms)

========================================================================
Received Import Request.
  Time since last request: 210.643777 seconds.
  path: Assets/CanonController.cs
  artifactKey: Guid(c7a0608d0fb1153498a19ffe2ae9ef61) Importer(815301076,1909f56bfc062723c751e8b465ee728b)
Start importing Assets/CanonController.cs using Guid(c7a0608d0fb1153498a19ffe2ae9ef61) Importer(815301076,1909f56bfc062723c751e8b465ee728b)  -> (artifact id: '7e6c14a6edabdaa2d85391a56a0fcac3') in 0.012559 seconds
  Import took 0.014673 seconds .

========================================================================
Received Import Request.
  Time since last request: 0.019567 seconds.
  path: Assets/CanonController.cs
  artifactKey: Guid(c7a0608d0fb1153498a19ffe2ae9ef61) Importer(815301076,1909f56bfc062723c751e8b465ee728b)
Start importing Assets/CanonController.cs using Guid(c7a0608d0fb1153498a19ffe2ae9ef61) Importer(815301076,1909f56bfc062723c751e8b465ee728b)  -> (artifact id: '7e6c14a6edabdaa2d85391a56a0fcac3') in 0.002042 seconds
  Import took 0.004093 seconds .

========================================================================
Received Prepare
Registering precompiled user dll's ...
Registered in 0.000443 seconds.
Begin MonoManager ReloadAssembly
Native extension for WindowsStandalone target not found
Native extension for WebGL target not found
Refreshing native plugins compatible for Editor in 0.18 ms, found 0 plugins.
Preloading 0 native plugins for Editor in 0.00 ms.
Mono: successfully reloaded assembly
- Completed reload, in  0.647 seconds
Platform modules already initialized, skipping
Refreshing native plugins compatible for Editor in 0.18 ms, found 0 plugins.
Preloading 0 native plugins for Editor in 0.00 ms.
Unloading 1112 Unused Serialized files (Serialized files now loaded: 0)
System memory in use before: 74.4 MB.
System memory in use after: 74.4 MB.

Unloading 5 unused Assets to reduce memory usage. Loaded Objects now: 1685.
Total: 1.388000 ms (FindLiveObjects: 0.124200 ms CreateObjectMapping: 0.033500 ms MarkObjects: 1.185800 ms  DeleteObjects: 0.043800 ms)

========================================================================
Received Prepare
Registering precompiled user dll's ...
Registered in 0.000465 seconds.
Begin MonoManager ReloadAssembly
Native extension for WindowsStandalone target not found
Native extension for WebGL target not found
Refreshing native plugins compatible for Editor in 0.19 ms, found 0 plugins.
Preloading 0 native plugins for Editor in 0.00 ms.
Mono: successfully reloaded assembly
- Completed reload, in  0.672 seconds
Platform modules already initialized, skipping
Refreshing native plugins compatible for Editor in 0.18 ms, found 0 plugins.
Preloading 0 native plugins for Editor in 0.00 ms.
Unloading 1112 Unused Serialized files (Serialized files now loaded: 0)
System memory in use before: 74.4 MB.
System memory in use after: 74.5 MB.

Unloading 5 unused Assets to reduce memory usage. Loaded Objects now: 1688.
Total: 1.555300 ms (FindLiveObjects: 0.138700 ms CreateObjectMapping: 0.035300 ms MarkObjects: 1.336600 ms  DeleteObjects: 0.044000 ms)

========================================================================
Received Prepare
Registering precompiled user dll's ...
Registered in 0.000446 seconds.
Begin MonoManager ReloadAssembly
Native extension for WindowsStandalone target not found
Native extension for WebGL target not found
Refreshing native plugins compatible for Editor in 0.18 ms, found 0 plugins.
Preloading 0 native plugins for Editor in 0.00 ms.
Mono: successfully reloaded assembly
- Completed reload, in  0.701 seconds
Platform modules already initialized, skipping
Refreshing native plugins compatible for Editor in 0.21 ms, found 0 plugins.
Preloading 0 native plugins for Editor in 0.00 ms.
Unloading 1112 Unused Serialized files (Serialized files now loaded: 0)
System memory in use before: 74.4 MB.
System memory in use after: 74.5 MB.

Unloading 5 unused Assets to reduce memory usage. Loaded Objects now: 1691.
Total: 1.434400 ms (FindLiveObjects: 0.127800 ms CreateObjectMapping: 0.036900 ms MarkObjects: 1.223400 ms  DeleteObjects: 0.045500 ms)

========================================================================
Received Prepare
Registering precompiled user dll's ...
Registered in 0.000482 seconds.
Begin MonoManager ReloadAssembly
Native extension for WindowsStandalone target not found
Native extension for WebGL target not found
Refreshing native plugins compatible for Editor in 0.42 ms, found 0 plugins.
Preloading 0 native plugins for Editor in 0.00 ms.
Mono: successfully reloaded assembly
- Completed reload, in  0.764 seconds
Platform modules already initialized, skipping
Refreshing native plugins compatible for Editor in 1.07 ms, found 0 plugins.
Preloading 0 native plugins for Editor in 0.00 ms.
Unloading 1112 Unused Serialized files (Serialized files now loaded: 0)
System memory in use before: 74.4 MB.
System memory in use after: 74.5 MB.

Unloading 5 unused Assets to reduce memory usage. Loaded Objects now: 1694.
Total: 1.481200 ms (FindLiveObjects: 0.135500 ms CreateObjectMapping: 0.035000 ms MarkObjects: 1.258100 ms  DeleteObjects: 0.051800 ms)

========================================================================
Received Prepare
Registering precompiled user dll's ...
Registered in 0.000816 seconds.
Begin MonoManager ReloadAssembly
Native extension for WindowsStandalone target not found
Native extension for WebGL target not found
Refreshing native plugins compatible for Editor in 0.21 ms, found 0 plugins.
Preloading 0 native plugins for Editor in 0.00 ms.
Mono: successfully reloaded assembly
- Completed reload, in  0.723 seconds
Platform modules already initialized, skipping
Refreshing native plugins compatible for Editor in 0.20 ms, found 0 plugins.
Preloading 0 native plugins for Editor in 0.00 ms.
Unloading 1112 Unused Serialized files (Serialized files now loaded: 0)
System memory in use before: 74.4 MB.
System memory in use after: 74.5 MB.

Unloading 5 unused Assets to reduce memory usage. Loaded Objects now: 1697.
Total: 1.740600 ms (FindLiveObjects: 0.140800 ms CreateObjectMapping: 0.034200 ms MarkObjects: 1.502100 ms  DeleteObjects: 0.062500 ms)

========================================================================
Received Prepare
Registering precompiled user dll's ...
Registered in 0.000898 seconds.
Begin MonoManager ReloadAssembly
Native extension for WindowsStandalone target not found
Native extension for WebGL target not found
Refreshing native plugins compatible for Editor in 0.20 ms, found 0 plugins.
Preloading 0 native plugins for Editor in 0.00 ms.
Mono: successfully reloaded assembly
- Completed reload, in  0.731 seconds
Platform modules already initialized, skipping
Refreshing native plugins compatible for Editor in 0.19 ms, found 0 plugins.
Preloading 0 native plugins for Editor in 0.00 ms.
Unloading 1112 Unused Serialized files (Serialized files now loaded: 0)
System memory in use before: 74.4 MB.
System memory in use after: 74.5 MB.

Unloading 5 unused Assets to reduce memory usage. Loaded Objects now: 1700.
Total: 1.403300 ms (FindLiveObjects: 0.129300 ms CreateObjectMapping: 0.035500 ms MarkObjects: 1.192900 ms  DeleteObjects: 0.044600 ms)

========================================================================
Received Prepare
Registering precompiled user dll's ...
Registered in 0.000535 seconds.
Begin MonoManager ReloadAssembly
Native extension for WindowsStandalone target not found
Native extension for WebGL target not found
Refreshing native plugins compatible for Editor in 0.19 ms, found 0 plugins.
Preloading 0 native plugins for Editor in 0.00 ms.
Mono: successfully reloaded assembly
- Completed reload, in  0.659 seconds
Platform modules already initialized, skipping
Refreshing native plugins compatible for Editor in 0.18 ms, found 0 plugins.
Preloading 0 native plugins for Editor in 0.00 ms.
Unloading 1112 Unused Serialized files (Serialized files now loaded: 0)
System memory in use before: 74.4 MB.
System memory in use after: 74.5 MB.

Unloading 5 unused Assets to reduce memory usage. Loaded Objects now: 1703.
Total: 1.375300 ms (FindLiveObjects: 0.125400 ms CreateObjectMapping: 0.035100 ms MarkObjects: 1.170800 ms  DeleteObjects: 0.043200 ms)

========================================================================
Received Prepare
Registering precompiled user dll's ...
Registered in 0.000468 seconds.
Begin MonoManager ReloadAssembly
Native extension for WindowsStandalone target not found
Native extension for WebGL target not found
Refreshing native plugins compatible for Editor in 0.19 ms, found 0 plugins.
Preloading 0 native plugins for Editor in 0.00 ms.
Mono: successfully reloaded assembly
- Completed reload, in  0.640 seconds
Platform modules already initialized, skipping
Refreshing native plugins compatible for Editor in 0.18 ms, found 0 plugins.
Preloading 0 native plugins for Editor in 0.00 ms.
Unloading 1112 Unused Serialized files (Serialized files now loaded: 0)
System memory in use before: 74.4 MB.
System memory in use after: 74.5 MB.

Unloading 5 unused Assets to reduce memory usage. Loaded Objects now: 1706.
Total: 1.529100 ms (FindLiveObjects: 0.138600 ms CreateObjectMapping: 0.033700 ms MarkObjects: 1.308700 ms  DeleteObjects: 0.047400 ms)

AssetImportWorkerClient::OnTransportError - code=2 error=End of file
