Using pre-set license
Built from '2020.3/staging' branch; Version is '2020.3.8f1 (507919d4fff5) revision 5273881'; Using compiler version '192528614'; Build Type 'Release'
OS: 'Windows 10 Education; OS build 19043.1348; Version 2009; 64bit' Language: 'en' Physical Memory: 8060 MB
BatchMode: 1, IsHumanControllingUs: 0, StartBugReporterOnCrash: 0, Is64bit: 1, IsPro: 0

 COMMAND LINE ARGUMENTS:
C:\Program Files\Unity\Hub\Editor\2020.3.8f1\Editor\Unity.exe
-adb2
-batchMode
-noUpm
-name
AssetImportWorker0
-projectPath
D:/Uni/sem-one/virtual-reality/laboratory_3/New Unity Project
-logFile
Logs/AssetImportWorker0.log
-srvPort
57333
Successfully changed project path to: D:/Uni/sem-one/virtual-reality/laboratory_3/New Unity Project
D:/Uni/sem-one/virtual-reality/laboratory_3/New Unity Project
Using Asset Import Pipeline V2.
Refreshing native plugins compatible for Editor in 21.99 ms, found 0 plugins.
Preloading 0 native plugins for Editor in 0.00 ms.
Initialize engine version: 2020.3.8f1 (507919d4fff5)
[Subsystems] Discovering subsystems at path C:/Program Files/Unity/Hub/Editor/2020.3.8f1/Editor/Data/Resources/UnitySubsystems
[Subsystems] Discovering subsystems at path D:/Uni/sem-one/virtual-reality/laboratory_3/New Unity Project/Assets
GfxDevice: creating device client; threaded=0
Direct3D:
    Version:  Direct3D 11.0 [level 11.1]
    Renderer: NVIDIA GeForce GTX 1650 (ID=0x1f99)
    Vendor:   
    VRAM:     3962 MB
    Driver:   27.21.14.6230
Initialize mono
Mono path[0] = 'C:/Program Files/Unity/Hub/Editor/2020.3.8f1/Editor/Data/Managed'
Mono path[1] = 'C:/Program Files/Unity/Hub/Editor/2020.3.8f1/Editor/Data/MonoBleedingEdge/lib/mono/unityjit'
Mono config path = 'C:/Program Files/Unity/Hub/Editor/2020.3.8f1/Editor/Data/MonoBleedingEdge/etc'
Using monoOptions --debugger-agent=transport=dt_socket,embedding=1,server=y,suspend=n,address=127.0.0.1:56384
Begin MonoManager ReloadAssembly
Registering precompiled unity dll's ...
Register platform support module: C:/Program Files/Unity/Hub/Editor/2020.3.8f1/Editor/Data/PlaybackEngines/WebGLSupport/UnityEditor.WebGL.Extensions.dll
Register platform support module: C:/Program Files/Unity/Hub/Editor/2020.3.8f1/Editor/Data/PlaybackEngines/WindowsStandaloneSupport/UnityEditor.WindowsStandalone.Extensions.dll
Registered in 0.003098 seconds.
Native extension for WindowsStandalone target not found
Native extension for WebGL target not found
Refreshing native plugins compatible for Editor in 21.64 ms, found 0 plugins.
Preloading 0 native plugins for Editor in 0.00 ms.
Mono: successfully reloaded assembly
- Completed reload, in  1.137 seconds
Platform modules already initialized, skipping
Registering precompiled user dll's ...
Registered in 0.000447 seconds.
Begin MonoManager ReloadAssembly
Native extension for WindowsStandalone target not found
Native extension for WebGL target not found
Refreshing native plugins compatible for Editor in 0.21 ms, found 0 plugins.
Preloading 0 native plugins for Editor in 0.00 ms.
Mono: successfully reloaded assembly
- Completed reload, in  0.829 seconds
Platform modules already initialized, skipping
========================================================================
Worker process is ready to serve import requests
Launched and connected shader compiler UnityShaderCompiler.exe after 0.04 seconds
Refreshing native plugins compatible for Editor in 0.22 ms, found 0 plugins.
Preloading 0 native plugins for Editor in 0.00 ms.
Unloading 1117 Unused Serialized files (Serialized files now loaded: 0)
System memory in use before: 77.2 MB.
System memory in use after: 77.2 MB.

Unloading 10 unused Assets to reduce memory usage. Loaded Objects now: 1581.
Total: 1.522000 ms (FindLiveObjects: 0.124300 ms CreateObjectMapping: 0.034300 ms MarkObjects: 1.283000 ms  DeleteObjects: 0.079300 ms)

========================================================================
Received Import Request.
  path: Assets/Prefabs/Wall.prefab
  artifactKey: Guid(c24bcb9eaabf1cf4192beda8d5305190) Importer(815301076,1909f56bfc062723c751e8b465ee728b)
Start importing Assets/Prefabs/Wall.prefab using Guid(c24bcb9eaabf1cf4192beda8d5305190) Importer(815301076,1909f56bfc062723c751e8b465ee728b)  -> (artifact id: '72ee04c3146c54dcafbb1f09c858bf3e') in 0.114598 seconds
  Import took 0.116407 seconds .

========================================================================
Received Prepare
Registering precompiled user dll's ...
Registered in 0.000395 seconds.
Begin MonoManager ReloadAssembly
Native extension for WindowsStandalone target not found
Native extension for WebGL target not found
Refreshing native plugins compatible for Editor in 0.21 ms, found 0 plugins.
Preloading 0 native plugins for Editor in 0.00 ms.
Mono: successfully reloaded assembly
- Completed reload, in  0.793 seconds
Platform modules already initialized, skipping
Refreshing native plugins compatible for Editor in 0.18 ms, found 0 plugins.
Preloading 0 native plugins for Editor in 0.00 ms.
Unloading 1112 Unused Serialized files (Serialized files now loaded: 0)
System memory in use before: 80.2 MB.
System memory in use after: 80.3 MB.

Unloading 5 unused Assets to reduce memory usage. Loaded Objects now: 1592.
Total: 1.470000 ms (FindLiveObjects: 0.148600 ms CreateObjectMapping: 0.038900 ms MarkObjects: 1.219200 ms  DeleteObjects: 0.062500 ms)

========================================================================
Received Import Request.
  Time since last request: 621.107486 seconds.
  path: Assets/Prefabs/Room.prefab
  artifactKey: Guid(f83535d5c19567f458cedd406af781d2) Importer(815301076,1909f56bfc062723c751e8b465ee728b)
Start importing Assets/Prefabs/Room.prefab using Guid(f83535d5c19567f458cedd406af781d2) Importer(815301076,1909f56bfc062723c751e8b465ee728b)  -> (artifact id: 'f5fce1deb9d0146f461111fe77a2b192') in 0.073855 seconds
  Import took 0.077316 seconds .

========================================================================
Received Prepare
Registering precompiled user dll's ...
Registered in 0.000571 seconds.
Begin MonoManager ReloadAssembly
Native extension for WindowsStandalone target not found
Native extension for WebGL target not found
Refreshing native plugins compatible for Editor in 0.19 ms, found 0 plugins.
Preloading 0 native plugins for Editor in 0.00 ms.
Mono: successfully reloaded assembly
- Completed reload, in  0.878 seconds
Platform modules already initialized, skipping
Refreshing native plugins compatible for Editor in 0.35 ms, found 0 plugins.
Preloading 0 native plugins for Editor in 0.00 ms.
Unloading 1112 Unused Serialized files (Serialized files now loaded: 0)
System memory in use before: 80.3 MB.
System memory in use after: 80.4 MB.

Unloading 5 unused Assets to reduce memory usage. Loaded Objects now: 1596.
Total: 2.147400 ms (FindLiveObjects: 0.418800 ms CreateObjectMapping: 0.055700 ms MarkObjects: 1.590000 ms  DeleteObjects: 0.080800 ms)

========================================================================
Received Import Request.
  Time since last request: 503.133875 seconds.
  path: Assets/Prefabs/CanonBall.prefab
  artifactKey: Guid(b8e7035c8aa8eec4baa0c2feaf9c4f77) Importer(815301076,1909f56bfc062723c751e8b465ee728b)
Start importing Assets/Prefabs/CanonBall.prefab using Guid(b8e7035c8aa8eec4baa0c2feaf9c4f77) Importer(815301076,1909f56bfc062723c751e8b465ee728b)  -> (artifact id: '3c0cb0f1d407f8aeb9ec8a2f9b12ef49') in 0.066967 seconds
  Import took 0.069741 seconds .

========================================================================
Received Prepare
Registering precompiled user dll's ...
Registered in 0.001994 seconds.
Begin MonoManager ReloadAssembly
Native extension for WindowsStandalone target not found
Native extension for WebGL target not found
Refreshing native plugins compatible for Editor in 0.18 ms, found 0 plugins.
Preloading 0 native plugins for Editor in 0.00 ms.
Mono: successfully reloaded assembly
- Completed reload, in  0.674 seconds
Platform modules already initialized, skipping
Refreshing native plugins compatible for Editor in 0.18 ms, found 0 plugins.
Preloading 0 native plugins for Editor in 0.00 ms.
Unloading 1112 Unused Serialized files (Serialized files now loaded: 0)
System memory in use before: 80.4 MB.
System memory in use after: 80.5 MB.

Unloading 5 unused Assets to reduce memory usage. Loaded Objects now: 1601.
Total: 1.416400 ms (FindLiveObjects: 0.120200 ms CreateObjectMapping: 0.033200 ms MarkObjects: 1.194300 ms  DeleteObjects: 0.067900 ms)

========================================================================
Received Import Request.
  Time since last request: 1812.617914 seconds.
  path: Assets/Asset  Store/Wood Patterns
  artifactKey: Guid(7d6716ee81a6ebc4bbda68e1f258420f) Importer(815301076,1909f56bfc062723c751e8b465ee728b)
Start importing Assets/Asset  Store/Wood Patterns using Guid(7d6716ee81a6ebc4bbda68e1f258420f) Importer(815301076,1909f56bfc062723c751e8b465ee728b)  -> (artifact id: '3579966e47ec192ae6cb20830c4c874f') in 0.009390 seconds
  Import took 0.011559 seconds .

========================================================================
Received Import Request.
  Time since last request: 0.003360 seconds.
  path: Assets/Asset  Store/Wood Patterns
  artifactKey: Guid(7d6716ee81a6ebc4bbda68e1f258420f) Importer(815301076,1909f56bfc062723c751e8b465ee728b)
Start importing Assets/Asset  Store/Wood Patterns using Guid(7d6716ee81a6ebc4bbda68e1f258420f) Importer(815301076,1909f56bfc062723c751e8b465ee728b)  -> (artifact id: '3579966e47ec192ae6cb20830c4c874f') in 0.002757 seconds
  Import took 0.004725 seconds .

========================================================================
Received Import Request.
  Time since last request: 4.241713 seconds.
  path: Assets/Asset  Store/Wood Patterns/Wood Patterns Demo/Materials/Herringbone_Dark.mat
  artifactKey: Guid(7fcfac62b5d07884ca0987363723305b) Importer(815301076,1909f56bfc062723c751e8b465ee728b)
Start importing Assets/Asset  Store/Wood Patterns/Wood Patterns Demo/Materials/Herringbone_Dark.mat using Guid(7fcfac62b5d07884ca0987363723305b) Importer(815301076,1909f56bfc062723c751e8b465ee728b)  -> (artifact id: '8b83b4eb91fe9dac6789794671163adb') in 0.329011 seconds
  Import took 0.331116 seconds .

========================================================================
Received Import Request.
  Time since last request: 0.000214 seconds.
  path: Assets/Asset  Store/Wood Patterns/Wood Patterns Demo/Materials/Herringbone_Yellow.mat
  artifactKey: Guid(335e031a7a414ba4bb788295ac47706b) Importer(815301076,1909f56bfc062723c751e8b465ee728b)
Start importing Assets/Asset  Store/Wood Patterns/Wood Patterns Demo/Materials/Herringbone_Yellow.mat using Guid(335e031a7a414ba4bb788295ac47706b) Importer(815301076,1909f56bfc062723c751e8b465ee728b)  -> (artifact id: '52b401e5676cece5b85a503562ce7762') in 0.033228 seconds
  Import took 0.035536 seconds .

========================================================================
Received Import Request.
  Time since last request: 0.000155 seconds.
  path: Assets/Asset  Store/Wood Patterns/Wood Patterns Demo/Materials/Herringbone_Red.mat
  artifactKey: Guid(bc0e227d60e8dd74e90b71f0cadb2382) Importer(815301076,1909f56bfc062723c751e8b465ee728b)
Start importing Assets/Asset  Store/Wood Patterns/Wood Patterns Demo/Materials/Herringbone_Red.mat using Guid(bc0e227d60e8dd74e90b71f0cadb2382) Importer(815301076,1909f56bfc062723c751e8b465ee728b)  -> (artifact id: '6b6349fe0abeb8fc10f873c8ba03f3cd') in 0.020681 seconds
  Import took 0.022576 seconds .

========================================================================
Received Import Request.
  Time since last request: 77.552067 seconds.
  path: Assets/Asset  Store/Wood Patterns/Wood Patterns Demo/Textures/T_Herringbone _AO.png
  artifactKey: Guid(ec74f946321bf56419bfdeb424104dd7) Importer(815301076,1909f56bfc062723c751e8b465ee728b)
Start importing Assets/Asset  Store/Wood Patterns/Wood Patterns Demo/Textures/T_Herringbone _AO.png using Guid(ec74f946321bf56419bfdeb424104dd7) Importer(815301076,1909f56bfc062723c751e8b465ee728b)  -> (artifact id: '95bf9687754eae36a64e2ee852ddfc2a') in 0.027065 seconds
  Import took 0.029138 seconds .

========================================================================
Received Import Request.
  Time since last request: 0.000161 seconds.
  path: Assets/Asset  Store/Wood Patterns/Wood Patterns Demo/Textures/T_Herringbone_MetallicSmoothness.png
  artifactKey: Guid(c714009deb3353e4ab7c3224ad5a257e) Importer(815301076,1909f56bfc062723c751e8b465ee728b)
Start importing Assets/Asset  Store/Wood Patterns/Wood Patterns Demo/Textures/T_Herringbone_MetallicSmoothness.png using Guid(c714009deb3353e4ab7c3224ad5a257e) Importer(815301076,1909f56bfc062723c751e8b465ee728b)  -> (artifact id: '15c3af18b4b10478244d684fe1fef5e9') in 0.011421 seconds
  Import took 0.013590 seconds .

========================================================================
Received Import Request.
  Time since last request: 0.000193 seconds.
  path: Assets/Asset  Store/Wood Patterns/Wood Patterns Demo/Textures/T_Herringbone _Dark_Albedo.png
  artifactKey: Guid(8bf24b75e3e7d8c4e87a09c24ba4f9ea) Importer(815301076,1909f56bfc062723c751e8b465ee728b)
Start importing Assets/Asset  Store/Wood Patterns/Wood Patterns Demo/Textures/T_Herringbone _Dark_Albedo.png using Guid(8bf24b75e3e7d8c4e87a09c24ba4f9ea) Importer(815301076,1909f56bfc062723c751e8b465ee728b)  -> (artifact id: '27ccc9ae2eddf988491813758cf723ef') in 0.011034 seconds
  Import took 0.012687 seconds .

========================================================================
Received Import Request.
  Time since last request: 0.000251 seconds.
  path: Assets/Asset  Store/Wood Patterns/Wood Patterns Demo/Textures/T_Herringbone _Red_Albedo.png
  artifactKey: Guid(7f96d516290b44142ade7a9c227c6988) Importer(815301076,1909f56bfc062723c751e8b465ee728b)
Start importing Assets/Asset  Store/Wood Patterns/Wood Patterns Demo/Textures/T_Herringbone _Red_Albedo.png using Guid(7f96d516290b44142ade7a9c227c6988) Importer(815301076,1909f56bfc062723c751e8b465ee728b)  -> (artifact id: '9a84ab46277ba770c528ccbdc4445252') in 0.010677 seconds
  Import took 0.012880 seconds .

========================================================================
Received Import Request.
  Time since last request: 0.000239 seconds.
  path: Assets/Asset  Store/Wood Patterns/Wood Patterns Demo/Textures/T_Herringbone _Yellow_Albedo.png
  artifactKey: Guid(fb0f47cdd62853e4597c2cc2a27b8206) Importer(815301076,1909f56bfc062723c751e8b465ee728b)
Start importing Assets/Asset  Store/Wood Patterns/Wood Patterns Demo/Textures/T_Herringbone _Yellow_Albedo.png using Guid(fb0f47cdd62853e4597c2cc2a27b8206) Importer(815301076,1909f56bfc062723c751e8b465ee728b)  -> (artifact id: '31ba33a2d6a5070a4240dada38edf36b') in 0.011481 seconds
  Import took 0.013093 seconds .

========================================================================
Received Import Request.
  Time since last request: 0.000228 seconds.
  path: Assets/Asset  Store/Wood Patterns/Wood Patterns Demo/Textures/T_Herringbone_Normal.png
  artifactKey: Guid(d7846ac490743eb4f92186589b3dd7d1) Importer(815301076,1909f56bfc062723c751e8b465ee728b)
Start importing Assets/Asset  Store/Wood Patterns/Wood Patterns Demo/Textures/T_Herringbone_Normal.png using Guid(d7846ac490743eb4f92186589b3dd7d1) Importer(815301076,1909f56bfc062723c751e8b465ee728b)  -> (artifact id: '9097741f352943f70db7a3d1870983ef') in 0.016162 seconds
  Import took 0.018233 seconds .

========================================================================
Received Import Request.
  Time since last request: 4.185032 seconds.
  path: Assets/Asset  Store/Wood Patterns/Wood Patterns Demo/Textures
  artifactKey: Guid(6914a2bca89025342a0812e091204fca) Importer(815301076,1909f56bfc062723c751e8b465ee728b)
Start importing Assets/Asset  Store/Wood Patterns/Wood Patterns Demo/Textures using Guid(6914a2bca89025342a0812e091204fca) Importer(815301076,1909f56bfc062723c751e8b465ee728b)  -> (artifact id: 'fa6536a50261de1053def8deff24d5c5') in 0.010295 seconds
  Import took 0.012413 seconds .

========================================================================
Received Import Request.
  Time since last request: 0.006258 seconds.
  path: Assets/Asset  Store/Wood Patterns/Wood Patterns Demo/Textures
  artifactKey: Guid(6914a2bca89025342a0812e091204fca) Importer(815301076,1909f56bfc062723c751e8b465ee728b)
Start importing Assets/Asset  Store/Wood Patterns/Wood Patterns Demo/Textures using Guid(6914a2bca89025342a0812e091204fca) Importer(815301076,1909f56bfc062723c751e8b465ee728b)  -> (artifact id: 'fa6536a50261de1053def8deff24d5c5') in 0.002876 seconds
  Import took 0.004881 seconds .

========================================================================
Received Import Request.
  Time since last request: 187.945851 seconds.
  path: Assets/YughuesFreeMetalMaterials/Materials/Textures/T_01_Diffuse.tga
  artifactKey: Guid(329307f94867b154e8e49be96de7caad) Importer(815301076,1909f56bfc062723c751e8b465ee728b)
Start importing Assets/YughuesFreeMetalMaterials/Materials/Textures/T_01_Diffuse.tga using Guid(329307f94867b154e8e49be96de7caad) Importer(815301076,1909f56bfc062723c751e8b465ee728b)  -> (artifact id: '7050f71736c1dff1e91c75e2a2db8c6c') in 0.098339 seconds
  Import took 0.100361 seconds .

========================================================================
Received Import Request.
  Time since last request: 0.000259 seconds.
  path: Assets/YughuesFreeMetalMaterials/Materials/Textures/T_03_Diffuse.tga
  artifactKey: Guid(3f7bdb1db46318a488851d1a48046566) Importer(815301076,1909f56bfc062723c751e8b465ee728b)
Start importing Assets/YughuesFreeMetalMaterials/Materials/Textures/T_03_Diffuse.tga using Guid(3f7bdb1db46318a488851d1a48046566) Importer(815301076,1909f56bfc062723c751e8b465ee728b)  -> (artifact id: '20714a5013c54df4706a2162d76bb268') in 0.011245 seconds
  Import took 0.012989 seconds .

========================================================================
Received Import Request.
  Time since last request: 0.000158 seconds.
  path: Assets/YughuesFreeMetalMaterials/Materials/Textures/T_02_Specular.tga
  artifactKey: Guid(d8b7271fec101a84abbc668382536813) Importer(815301076,1909f56bfc062723c751e8b465ee728b)
Start importing Assets/YughuesFreeMetalMaterials/Materials/Textures/T_02_Specular.tga using Guid(d8b7271fec101a84abbc668382536813) Importer(815301076,1909f56bfc062723c751e8b465ee728b)  -> (artifact id: '6f787a59ac20d927a15d7c09b1772c73') in 0.043170 seconds
  Import took 0.044826 seconds .

========================================================================
Received Import Request.
  Time since last request: 0.000266 seconds.
  path: Assets/YughuesFreeMetalMaterials/Materials/Textures/T_03_Specular.tga
  artifactKey: Guid(d12195ae4fdaf7a4bbf1c1cc203a8dd9) Importer(815301076,1909f56bfc062723c751e8b465ee728b)
Start importing Assets/YughuesFreeMetalMaterials/Materials/Textures/T_03_Specular.tga using Guid(d12195ae4fdaf7a4bbf1c1cc203a8dd9) Importer(815301076,1909f56bfc062723c751e8b465ee728b)  -> (artifact id: 'd5976e21ff595ce72f2ebbae86f41820') in 0.010567 seconds
  Import took 0.012217 seconds .

========================================================================
Received Import Request.
  Time since last request: 0.000192 seconds.
  path: Assets/YughuesFreeMetalMaterials/Materials/Textures/T_01_Specular.tga
  artifactKey: Guid(09d6c9908f6e3ee4b939119f63b0ee4d) Importer(815301076,1909f56bfc062723c751e8b465ee728b)
Start importing Assets/YughuesFreeMetalMaterials/Materials/Textures/T_01_Specular.tga using Guid(09d6c9908f6e3ee4b939119f63b0ee4d) Importer(815301076,1909f56bfc062723c751e8b465ee728b)  -> (artifact id: '1b11564c162482d089642a2a2b2c6507') in 0.011806 seconds
  Import took 0.013887 seconds .

========================================================================
Received Import Request.
  Time since last request: 0.000172 seconds.
  path: Assets/YughuesFreeMetalMaterials/Materials/Textures/T_04_Diffuse.tga
  artifactKey: Guid(34642f23da78a9f43b87e30f0b38a796) Importer(815301076,1909f56bfc062723c751e8b465ee728b)
Start importing Assets/YughuesFreeMetalMaterials/Materials/Textures/T_04_Diffuse.tga using Guid(34642f23da78a9f43b87e30f0b38a796) Importer(815301076,1909f56bfc062723c751e8b465ee728b)  -> (artifact id: 'f873da7e2f88e458143f8dfdae8f72c0') in 0.010929 seconds
  Import took 0.012537 seconds .

========================================================================
Received Import Request.
  Time since last request: 0.000256 seconds.
  path: Assets/YughuesFreeMetalMaterials/Materials/Textures/T_02_Diffuse.tga
  artifactKey: Guid(b83cd04fd3669764388c0ad4cc89e7e2) Importer(815301076,1909f56bfc062723c751e8b465ee728b)
Start importing Assets/YughuesFreeMetalMaterials/Materials/Textures/T_02_Diffuse.tga using Guid(b83cd04fd3669764388c0ad4cc89e7e2) Importer(815301076,1909f56bfc062723c751e8b465ee728b)  -> (artifact id: '54face77f2e1642e688b12407bab7e9c') in 0.013372 seconds
  Import took 0.014973 seconds .

========================================================================
Received Import Request.
  Time since last request: 0.000202 seconds.
  path: Assets/YughuesFreeMetalMaterials/Materials/Textures/T_01_Normal.tga
  artifactKey: Guid(e63efd1ff58b45b4ca71d2571ebe8ea2) Importer(815301076,1909f56bfc062723c751e8b465ee728b)
Start importing Assets/YughuesFreeMetalMaterials/Materials/Textures/T_01_Normal.tga using Guid(e63efd1ff58b45b4ca71d2571ebe8ea2) Importer(815301076,1909f56bfc062723c751e8b465ee728b)  -> (artifact id: '0f9975c11847b4efe4c7d740d81fe107') in 0.011381 seconds
  Import took 0.013340 seconds .

========================================================================
Received Import Request.
  Time since last request: 0.000169 seconds.
  path: Assets/YughuesFreeMetalMaterials/Materials/Textures/T_04_Normal.tga
  artifactKey: Guid(c8032c4dd699e8d4d8aa56e703af1483) Importer(815301076,1909f56bfc062723c751e8b465ee728b)
Start importing Assets/YughuesFreeMetalMaterials/Materials/Textures/T_04_Normal.tga using Guid(c8032c4dd699e8d4d8aa56e703af1483) Importer(815301076,1909f56bfc062723c751e8b465ee728b)  -> (artifact id: 'f4eb2af18fe45b0ef6463396381d6e25') in 0.018604 seconds
  Import took 0.020217 seconds .

========================================================================
Received Import Request.
  Time since last request: 0.000263 seconds.
  path: Assets/YughuesFreeMetalMaterials/Materials/Textures/T_03_Normal.tga
  artifactKey: Guid(1f8c6ec62be014641995334990ab7993) Importer(815301076,1909f56bfc062723c751e8b465ee728b)
Start importing Assets/YughuesFreeMetalMaterials/Materials/Textures/T_03_Normal.tga using Guid(1f8c6ec62be014641995334990ab7993) Importer(815301076,1909f56bfc062723c751e8b465ee728b)  -> (artifact id: '14ea42732203ce970dcb953371779015') in 0.022557 seconds
  Import took 0.024187 seconds .

========================================================================
Received Import Request.
  Time since last request: 0.000164 seconds.
  path: Assets/YughuesFreeMetalMaterials/Materials/Textures/T_04_Specular.tga
  artifactKey: Guid(5ac21282e11c3a6439d85e1da57f5989) Importer(815301076,1909f56bfc062723c751e8b465ee728b)
Start importing Assets/YughuesFreeMetalMaterials/Materials/Textures/T_04_Specular.tga using Guid(5ac21282e11c3a6439d85e1da57f5989) Importer(815301076,1909f56bfc062723c751e8b465ee728b)  -> (artifact id: '6db6c1a56cc1cf8a99e215c08146187a') in 0.011616 seconds
  Import took 0.013478 seconds .

========================================================================
Received Import Request.
  Time since last request: 0.000215 seconds.
  path: Assets/YughuesFreeMetalMaterials/Materials/Textures/T_02_Normal.tga
  artifactKey: Guid(d4590337a78a04448a1e23b2d41cd1c4) Importer(815301076,1909f56bfc062723c751e8b465ee728b)
Start importing Assets/YughuesFreeMetalMaterials/Materials/Textures/T_02_Normal.tga using Guid(d4590337a78a04448a1e23b2d41cd1c4) Importer(815301076,1909f56bfc062723c751e8b465ee728b)  -> (artifact id: '638eb03ec67b494aa905801ea0d06e21') in 0.009880 seconds
  Import took 0.011586 seconds .

========================================================================
Received Import Request.
  Time since last request: 13.956572 seconds.
  path: Assets/YughuesFreeMetalMaterials/Materials/Textures/T_05_Diffuse.tga
  artifactKey: Guid(51b05ea1455c0f64dbd5387d62de22e1) Importer(815301076,1909f56bfc062723c751e8b465ee728b)
Start importing Assets/YughuesFreeMetalMaterials/Materials/Textures/T_05_Diffuse.tga using Guid(51b05ea1455c0f64dbd5387d62de22e1) Importer(815301076,1909f56bfc062723c751e8b465ee728b)  -> (artifact id: 'dec1df68a0e8967344b92a6fb6e5cf42') in 0.009493 seconds
  Import took 0.011341 seconds .

========================================================================
Received Import Request.
  Time since last request: 0.001294 seconds.
  path: Assets/YughuesFreeMetalMaterials/Materials/Textures/T_05_Diffuse.tga
  artifactKey: Guid(51b05ea1455c0f64dbd5387d62de22e1) Importer(815301076,1909f56bfc062723c751e8b465ee728b)
Start importing Assets/YughuesFreeMetalMaterials/Materials/Textures/T_05_Diffuse.tga using Guid(51b05ea1455c0f64dbd5387d62de22e1) Importer(815301076,1909f56bfc062723c751e8b465ee728b)  -> (artifact id: 'dec1df68a0e8967344b92a6fb6e5cf42') in 0.009359 seconds
  Import took 0.011449 seconds .

========================================================================
Received Import Request.
  Time since last request: 0.263538 seconds.
  path: Assets/YughuesFreeMetalMaterials/Materials/Textures/T_05_Normal.tga
  artifactKey: Guid(f6e6e6daff08ce04f8e7af85582635bb) Importer(815301076,1909f56bfc062723c751e8b465ee728b)
Start importing Assets/YughuesFreeMetalMaterials/Materials/Textures/T_05_Normal.tga using Guid(f6e6e6daff08ce04f8e7af85582635bb) Importer(815301076,1909f56bfc062723c751e8b465ee728b)  -> (artifact id: '2ea311b50753c8e8b431fd2193bcd904') in 0.009864 seconds
  Import took 0.011694 seconds .

========================================================================
Received Import Request.
  Time since last request: 0.000262 seconds.
  path: Assets/YughuesFreeMetalMaterials/Materials/Textures/T_05_Specular.tga
  artifactKey: Guid(b4ed233c9409f8a4e83a267a7d60f523) Importer(815301076,1909f56bfc062723c751e8b465ee728b)
Start importing Assets/YughuesFreeMetalMaterials/Materials/Textures/T_05_Specular.tga using Guid(b4ed233c9409f8a4e83a267a7d60f523) Importer(815301076,1909f56bfc062723c751e8b465ee728b)  -> (artifact id: 'b381f82d463d14283956509ec1b4f4a0') in 0.011688 seconds
  Import took 0.013436 seconds .

========================================================================
Received Import Request.
  Time since last request: 0.249510 seconds.
  path: Assets/YughuesFreeMetalMaterials/Materials/Textures/T_06_Diffuse.tga
  artifactKey: Guid(d94fc41018e782d4baf1afad1b9e60d7) Importer(815301076,1909f56bfc062723c751e8b465ee728b)
Start importing Assets/YughuesFreeMetalMaterials/Materials/Textures/T_06_Diffuse.tga using Guid(d94fc41018e782d4baf1afad1b9e60d7) Importer(815301076,1909f56bfc062723c751e8b465ee728b)  -> (artifact id: '36af9a0f74b94699df678d36ec232743') in 0.010337 seconds
  Import took 0.012218 seconds .

========================================================================
Received Import Request.
  Time since last request: 0.000228 seconds.
  path: Assets/YughuesFreeMetalMaterials/Materials/Textures/T_06_Normal.tga
  artifactKey: Guid(b7767f0d201ba334dacf548f5238daeb) Importer(815301076,1909f56bfc062723c751e8b465ee728b)
Start importing Assets/YughuesFreeMetalMaterials/Materials/Textures/T_06_Normal.tga using Guid(b7767f0d201ba334dacf548f5238daeb) Importer(815301076,1909f56bfc062723c751e8b465ee728b)  -> (artifact id: 'be5dab409fdc639b2c3d159254e1075c') in 0.009304 seconds
  Import took 0.010957 seconds .

========================================================================
Received Import Request.
  Time since last request: 0.002035 seconds.
  path: Assets/YughuesFreeMetalMaterials/Materials/Textures/T_06_Diffuse.tga
  artifactKey: Guid(d94fc41018e782d4baf1afad1b9e60d7) Importer(815301076,1909f56bfc062723c751e8b465ee728b)
Start importing Assets/YughuesFreeMetalMaterials/Materials/Textures/T_06_Diffuse.tga using Guid(d94fc41018e782d4baf1afad1b9e60d7) Importer(815301076,1909f56bfc062723c751e8b465ee728b)  -> (artifact id: '36af9a0f74b94699df678d36ec232743') in 0.009800 seconds
  Import took 0.011847 seconds .

========================================================================
Received Import Request.
  Time since last request: 0.000175 seconds.
  path: Assets/YughuesFreeMetalMaterials/Materials/Textures/T_06_Specular.tga
  artifactKey: Guid(be9e7e8e339ba1e4799d2618611d7661) Importer(815301076,1909f56bfc062723c751e8b465ee728b)
Start importing Assets/YughuesFreeMetalMaterials/Materials/Textures/T_06_Specular.tga using Guid(be9e7e8e339ba1e4799d2618611d7661) Importer(815301076,1909f56bfc062723c751e8b465ee728b)  -> (artifact id: 'ad4b3a1a478d52fe215b16ac9a53e281') in 0.009640 seconds
  Import took 0.011579 seconds .

========================================================================
Received Import Request.
  Time since last request: 0.075773 seconds.
  path: Assets/YughuesFreeMetalMaterials/Materials/Textures/T_06_Specular.tga
  artifactKey: Guid(be9e7e8e339ba1e4799d2618611d7661) Importer(815301076,1909f56bfc062723c751e8b465ee728b)
Start importing Assets/YughuesFreeMetalMaterials/Materials/Textures/T_06_Specular.tga using Guid(be9e7e8e339ba1e4799d2618611d7661) Importer(815301076,1909f56bfc062723c751e8b465ee728b)  -> (artifact id: 'ad4b3a1a478d52fe215b16ac9a53e281') in 0.009046 seconds
  Import took 0.010995 seconds .

========================================================================
Received Import Request.
  Time since last request: 0.163557 seconds.
  path: Assets/YughuesFreeMetalMaterials/Materials/Textures/T_07_Diffuse.tga
  artifactKey: Guid(d0e1b4cdfbad6b348a3f788a993a77d4) Importer(815301076,1909f56bfc062723c751e8b465ee728b)
Start importing Assets/YughuesFreeMetalMaterials/Materials/Textures/T_07_Diffuse.tga using Guid(d0e1b4cdfbad6b348a3f788a993a77d4) Importer(815301076,1909f56bfc062723c751e8b465ee728b)  -> (artifact id: '9909113fa7ae22b7b3ec2c3c4522bb1f') in 0.010002 seconds
  Import took 0.011991 seconds .

========================================================================
Received Import Request.
  Time since last request: 0.000228 seconds.
  path: Assets/YughuesFreeMetalMaterials/Materials/Textures/T_07_Specular.tga
  artifactKey: Guid(b07df3cddf993c54a8a17e64f457b549) Importer(815301076,1909f56bfc062723c751e8b465ee728b)
Start importing Assets/YughuesFreeMetalMaterials/Materials/Textures/T_07_Specular.tga using Guid(b07df3cddf993c54a8a17e64f457b549) Importer(815301076,1909f56bfc062723c751e8b465ee728b)  -> (artifact id: '66bdaf1740f304480ce086c81702f9cd') in 0.009528 seconds
  Import took 0.011326 seconds .

========================================================================
Received Import Request.
  Time since last request: 0.000293 seconds.
  path: Assets/YughuesFreeMetalMaterials/Materials/Textures/T_07_Normal.tga
  artifactKey: Guid(d0a8d5be35949f546bfabeef66d86b82) Importer(815301076,1909f56bfc062723c751e8b465ee728b)
Start importing Assets/YughuesFreeMetalMaterials/Materials/Textures/T_07_Normal.tga using Guid(d0a8d5be35949f546bfabeef66d86b82) Importer(815301076,1909f56bfc062723c751e8b465ee728b)  -> (artifact id: '03fafec2158e7e67d0e7a7ad0f59b2cb') in 0.009927 seconds
  Import took 0.011704 seconds .

========================================================================
Received Import Request.
  Time since last request: 11.099152 seconds.
  path: Assets/YughuesFreeMetalMaterials/Materials/Textures/T_08_Diffuse.tga
  artifactKey: Guid(640ee290d9cbc4b4685c85ef0d50ea60) Importer(815301076,1909f56bfc062723c751e8b465ee728b)
Start importing Assets/YughuesFreeMetalMaterials/Materials/Textures/T_08_Diffuse.tga using Guid(640ee290d9cbc4b4685c85ef0d50ea60) Importer(815301076,1909f56bfc062723c751e8b465ee728b)  -> (artifact id: '1960fad3d5a1c7c78c31605113547197') in 0.018268 seconds
  Import took 0.020153 seconds .

========================================================================
Received Import Request.
  Time since last request: 0.158468 seconds.
  path: Assets/YughuesFreeMetalMaterials/Materials/Textures/T_08_Normal.tga
  artifactKey: Guid(2ee180c070da9554385c5a088aae062e) Importer(815301076,1909f56bfc062723c751e8b465ee728b)
Start importing Assets/YughuesFreeMetalMaterials/Materials/Textures/T_08_Normal.tga using Guid(2ee180c070da9554385c5a088aae062e) Importer(815301076,1909f56bfc062723c751e8b465ee728b)  -> (artifact id: '707b08a7e3977592d4369d40ddc1b5b5') in 0.011735 seconds
  Import took 0.013573 seconds .

========================================================================
Received Import Request.
  Time since last request: 0.246822 seconds.
  path: Assets/YughuesFreeMetalMaterials/Materials/Textures/T_08_Specular.tga
  artifactKey: Guid(9e54b7e0308fe894fac37951533a179e) Importer(815301076,1909f56bfc062723c751e8b465ee728b)
Start importing Assets/YughuesFreeMetalMaterials/Materials/Textures/T_08_Specular.tga using Guid(9e54b7e0308fe894fac37951533a179e) Importer(815301076,1909f56bfc062723c751e8b465ee728b)  -> (artifact id: '2e0790400b7c0833d61cc0030c19bb43') in 0.014131 seconds
  Import took 0.015958 seconds .

========================================================================
Received Import Request.
  Time since last request: 0.008804 seconds.
  path: Assets/YughuesFreeMetalMaterials/Materials/Textures/T_08_Specular.tga
  artifactKey: Guid(9e54b7e0308fe894fac37951533a179e) Importer(815301076,1909f56bfc062723c751e8b465ee728b)
Start importing Assets/YughuesFreeMetalMaterials/Materials/Textures/T_08_Specular.tga using Guid(9e54b7e0308fe894fac37951533a179e) Importer(815301076,1909f56bfc062723c751e8b465ee728b)  -> (artifact id: '2e0790400b7c0833d61cc0030c19bb43') in 0.009327 seconds
  Import took 0.011102 seconds .

========================================================================
Received Import Request.
  Time since last request: 0.000190 seconds.
  path: Assets/YughuesFreeMetalMaterials/Materials/Textures/T_09_Diffuse.tga
  artifactKey: Guid(9b7130db76e1f4547a5ef5a01d08d96f) Importer(815301076,1909f56bfc062723c751e8b465ee728b)
Start importing Assets/YughuesFreeMetalMaterials/Materials/Textures/T_09_Diffuse.tga using Guid(9b7130db76e1f4547a5ef5a01d08d96f) Importer(815301076,1909f56bfc062723c751e8b465ee728b)  -> (artifact id: '1abc6238354110d92eeac4828b2524d2') in 0.009198 seconds
  Import took 0.010959 seconds .

========================================================================
Received Import Request.
  Time since last request: 0.077644 seconds.
  path: Assets/YughuesFreeMetalMaterials/Materials/Textures/T_09_Diffuse.tga
  artifactKey: Guid(9b7130db76e1f4547a5ef5a01d08d96f) Importer(815301076,1909f56bfc062723c751e8b465ee728b)
Start importing Assets/YughuesFreeMetalMaterials/Materials/Textures/T_09_Diffuse.tga using Guid(9b7130db76e1f4547a5ef5a01d08d96f) Importer(815301076,1909f56bfc062723c751e8b465ee728b)  -> (artifact id: '1abc6238354110d92eeac4828b2524d2') in 0.011008 seconds
  Import took 0.012829 seconds .

========================================================================
Received Import Request.
  Time since last request: 0.000226 seconds.
  path: Assets/YughuesFreeMetalMaterials/Materials/Textures/T_09_Normal.tga
  artifactKey: Guid(c56ea16fda03e4a429ea043548e66a62) Importer(815301076,1909f56bfc062723c751e8b465ee728b)
Start importing Assets/YughuesFreeMetalMaterials/Materials/Textures/T_09_Normal.tga using Guid(c56ea16fda03e4a429ea043548e66a62) Importer(815301076,1909f56bfc062723c751e8b465ee728b)  -> (artifact id: '7c6e52781d40243d5d758d4fe4d4c6d3') in 0.010586 seconds
  Import took 0.012617 seconds .

========================================================================
Received Import Request.
  Time since last request: 0.075464 seconds.
  path: Assets/YughuesFreeMetalMaterials/Materials/Textures/T_09_Specular.tga
  artifactKey: Guid(23cbb8ee7779285419c0b154e731c40e) Importer(815301076,1909f56bfc062723c751e8b465ee728b)
Start importing Assets/YughuesFreeMetalMaterials/Materials/Textures/T_09_Specular.tga using Guid(23cbb8ee7779285419c0b154e731c40e) Importer(815301076,1909f56bfc062723c751e8b465ee728b)  -> (artifact id: '4ce8d0ba017366582e76b76bccbca7e2') in 0.009072 seconds
  Import took 0.011121 seconds .

========================================================================
Received Import Request.
  Time since last request: 0.087894 seconds.
  path: Assets/YughuesFreeMetalMaterials/Materials/Textures/T_09_Specular.tga
  artifactKey: Guid(23cbb8ee7779285419c0b154e731c40e) Importer(815301076,1909f56bfc062723c751e8b465ee728b)
Start importing Assets/YughuesFreeMetalMaterials/Materials/Textures/T_09_Specular.tga using Guid(23cbb8ee7779285419c0b154e731c40e) Importer(815301076,1909f56bfc062723c751e8b465ee728b)  -> (artifact id: '4ce8d0ba017366582e76b76bccbca7e2') in 0.009134 seconds
  Import took 0.010923 seconds .

========================================================================
Received Import Request.
  Time since last request: 0.263299 seconds.
  path: Assets/YughuesFreeMetalMaterials/Materials/Textures/T_10_Diffuse.tga
  artifactKey: Guid(9235f02dfc48e41448cbd353c0a00a8d) Importer(815301076,1909f56bfc062723c751e8b465ee728b)
Start importing Assets/YughuesFreeMetalMaterials/Materials/Textures/T_10_Diffuse.tga using Guid(9235f02dfc48e41448cbd353c0a00a8d) Importer(815301076,1909f56bfc062723c751e8b465ee728b)  -> (artifact id: '5485c9b5b546ee509b277ed8223490f5') in 0.009178 seconds
  Import took 0.011110 seconds .

========================================================================
Received Import Request.
  Time since last request: 0.000249 seconds.
  path: Assets/YughuesFreeMetalMaterials/Materials/Textures/T_10_Glow.tga
  artifactKey: Guid(0145160747ee37d48b70a86ba8103d7a) Importer(815301076,1909f56bfc062723c751e8b465ee728b)
Start importing Assets/YughuesFreeMetalMaterials/Materials/Textures/T_10_Glow.tga using Guid(0145160747ee37d48b70a86ba8103d7a) Importer(815301076,1909f56bfc062723c751e8b465ee728b)  -> (artifact id: '2f455fae7aa735a668d52bcb5e6bfed7') in 0.008338 seconds
  Import took 0.010069 seconds .

========================================================================
Received Import Request.
  Time since last request: 0.000249 seconds.
  path: Assets/YughuesFreeMetalMaterials/Materials/Textures/T_10_Specular.tga
  artifactKey: Guid(03dd414d6373d4e458121278ae3a91e5) Importer(815301076,1909f56bfc062723c751e8b465ee728b)
Start importing Assets/YughuesFreeMetalMaterials/Materials/Textures/T_10_Specular.tga using Guid(03dd414d6373d4e458121278ae3a91e5) Importer(815301076,1909f56bfc062723c751e8b465ee728b)  -> (artifact id: '2f2ce06c8587051e143480dbfbcc5d57') in 0.009676 seconds
  Import took 0.011291 seconds .

========================================================================
Received Import Request.
  Time since last request: 0.000272 seconds.
  path: Assets/YughuesFreeMetalMaterials/Materials/Textures/T_10_Normal.tga
  artifactKey: Guid(e0ceb8567a0394b4f85cb11fdac74d36) Importer(815301076,1909f56bfc062723c751e8b465ee728b)
Start importing Assets/YughuesFreeMetalMaterials/Materials/Textures/T_10_Normal.tga using Guid(e0ceb8567a0394b4f85cb11fdac74d36) Importer(815301076,1909f56bfc062723c751e8b465ee728b)  -> (artifact id: 'bc3fbb4b81c0d600cf0f94518719f3bc') in 0.009418 seconds
  Import took 0.011094 seconds .

========================================================================
Received Import Request.
  Time since last request: 0.275831 seconds.
  path: Assets/YughuesFreeMetalMaterials/Materials/Textures/T_11_Diffuse.tga
  artifactKey: Guid(02b2e6db5c6cbc74796f44888a7f1197) Importer(815301076,1909f56bfc062723c751e8b465ee728b)
Start importing Assets/YughuesFreeMetalMaterials/Materials/Textures/T_11_Diffuse.tga using Guid(02b2e6db5c6cbc74796f44888a7f1197) Importer(815301076,1909f56bfc062723c751e8b465ee728b)  -> (artifact id: '928235ccdcbe49ca26757e18c6563e1a') in 0.010164 seconds
  Import took 0.011999 seconds .

========================================================================
Received Import Request.
  Time since last request: 0.169595 seconds.
  path: Assets/YughuesFreeMetalMaterials/Materials/Textures/T_11_Normal.tga
  artifactKey: Guid(f75108035af3d8a4390bfe96a3342a2f) Importer(815301076,1909f56bfc062723c751e8b465ee728b)
Start importing Assets/YughuesFreeMetalMaterials/Materials/Textures/T_11_Normal.tga using Guid(f75108035af3d8a4390bfe96a3342a2f) Importer(815301076,1909f56bfc062723c751e8b465ee728b)  -> (artifact id: 'aaa461605369c37f2bb81c9a61f70c98') in 0.013628 seconds
  Import took 0.015419 seconds .

========================================================================
Received Import Request.
  Time since last request: 0.000302 seconds.
  path: Assets/YughuesFreeMetalMaterials/Materials/Textures/T_12_Diffuse.tga
  artifactKey: Guid(5d41fed6b38712241854c1e34c96d3ce) Importer(815301076,1909f56bfc062723c751e8b465ee728b)
Start importing Assets/YughuesFreeMetalMaterials/Materials/Textures/T_12_Diffuse.tga using Guid(5d41fed6b38712241854c1e34c96d3ce) Importer(815301076,1909f56bfc062723c751e8b465ee728b)  -> (artifact id: '6206cdeae79d92458023e6dc689fdaba') in 0.008863 seconds
  Import took 0.010646 seconds .

========================================================================
Received Import Request.
  Time since last request: 0.000202 seconds.
  path: Assets/YughuesFreeMetalMaterials/Materials/Textures/T_11_Specular.tga
  artifactKey: Guid(26a5a819f3afd984ea4658c19842fc91) Importer(815301076,1909f56bfc062723c751e8b465ee728b)
Start importing Assets/YughuesFreeMetalMaterials/Materials/Textures/T_11_Specular.tga using Guid(26a5a819f3afd984ea4658c19842fc91) Importer(815301076,1909f56bfc062723c751e8b465ee728b)  -> (artifact id: 'e7dec2b8c22ca978355405011f0c7cfc') in 0.009005 seconds
  Import took 0.010621 seconds .

========================================================================
Received Import Request.
  Time since last request: 6.801606 seconds.
  path: Assets/YughuesFreeMetalMaterials/Materials/Textures/T_12_Emissive.tga
  artifactKey: Guid(2d0a4c78ea142244cbf9957397b75d7a) Importer(815301076,1909f56bfc062723c751e8b465ee728b)
Start importing Assets/YughuesFreeMetalMaterials/Materials/Textures/T_12_Emissive.tga using Guid(2d0a4c78ea142244cbf9957397b75d7a) Importer(815301076,1909f56bfc062723c751e8b465ee728b)  -> (artifact id: '23cee66b63b918bb5608399b8c49e8c3') in 0.015539 seconds
  Import took 0.017642 seconds .

========================================================================
Received Import Request.
  Time since last request: 0.067435 seconds.
  path: Assets/YughuesFreeMetalMaterials/Materials/Textures/T_12_Normal.tga
  artifactKey: Guid(12dee78e6b4fc644fb75f9d19b8b9ba8) Importer(815301076,1909f56bfc062723c751e8b465ee728b)
Start importing Assets/YughuesFreeMetalMaterials/Materials/Textures/T_12_Normal.tga using Guid(12dee78e6b4fc644fb75f9d19b8b9ba8) Importer(815301076,1909f56bfc062723c751e8b465ee728b)  -> (artifact id: 'e9fd70d6de9c087cc2125213aa8e93d6') in 0.013531 seconds
  Import took 0.015508 seconds .

========================================================================
Received Import Request.
  Time since last request: 0.275553 seconds.
  path: Assets/YughuesFreeMetalMaterials/Materials/Textures/T_12_Specular.tga
  artifactKey: Guid(d72611aa5c8088f4eb634a6f1178acd5) Importer(815301076,1909f56bfc062723c751e8b465ee728b)
Start importing Assets/YughuesFreeMetalMaterials/Materials/Textures/T_12_Specular.tga using Guid(d72611aa5c8088f4eb634a6f1178acd5) Importer(815301076,1909f56bfc062723c751e8b465ee728b)  -> (artifact id: '77bf662c904ad778926eefb70a49f1b7') in 0.017579 seconds
  Import took 0.019959 seconds .

========================================================================
Received Import Request.
  Time since last request: 0.003001 seconds.
  path: Assets/YughuesFreeMetalMaterials/Materials/Textures/T_12_Specular.tga
  artifactKey: Guid(d72611aa5c8088f4eb634a6f1178acd5) Importer(815301076,1909f56bfc062723c751e8b465ee728b)
Start importing Assets/YughuesFreeMetalMaterials/Materials/Textures/T_12_Specular.tga using Guid(d72611aa5c8088f4eb634a6f1178acd5) Importer(815301076,1909f56bfc062723c751e8b465ee728b)  -> (artifact id: '77bf662c904ad778926eefb70a49f1b7') in 0.015723 seconds
  Import took 0.017717 seconds .

========================================================================
Received Import Request.
  Time since last request: 0.000227 seconds.
  path: Assets/YughuesFreeMetalMaterials/Materials/Textures/T_13_Diffuse.tga
  artifactKey: Guid(33dc51d475a7a4146b3b5d4c45273177) Importer(815301076,1909f56bfc062723c751e8b465ee728b)
Start importing Assets/YughuesFreeMetalMaterials/Materials/Textures/T_13_Diffuse.tga using Guid(33dc51d475a7a4146b3b5d4c45273177) Importer(815301076,1909f56bfc062723c751e8b465ee728b)  -> (artifact id: '99e69e4460e8c8cd7e9e6bb8713b0944') in 0.023521 seconds
  Import took 0.025708 seconds .

========================================================================
Received Import Request.
  Time since last request: 0.011378 seconds.
  path: Assets/YughuesFreeMetalMaterials/Materials/Textures/T_13_Diffuse.tga
  artifactKey: Guid(33dc51d475a7a4146b3b5d4c45273177) Importer(815301076,1909f56bfc062723c751e8b465ee728b)
Start importing Assets/YughuesFreeMetalMaterials/Materials/Textures/T_13_Diffuse.tga using Guid(33dc51d475a7a4146b3b5d4c45273177) Importer(815301076,1909f56bfc062723c751e8b465ee728b)  -> (artifact id: '99e69e4460e8c8cd7e9e6bb8713b0944') in 0.008391 seconds
  Import took 0.010212 seconds .

========================================================================
Received Import Request.
  Time since last request: 0.105834 seconds.
  path: Assets/YughuesFreeMetalMaterials/Materials/Textures/T_13_Normal.tga
  artifactKey: Guid(85f9003fe1dd73a42a65527724405180) Importer(815301076,1909f56bfc062723c751e8b465ee728b)
Start importing Assets/YughuesFreeMetalMaterials/Materials/Textures/T_13_Normal.tga using Guid(85f9003fe1dd73a42a65527724405180) Importer(815301076,1909f56bfc062723c751e8b465ee728b)  -> (artifact id: '6ed3ecf69d52f9ab5281170785f3c9bf') in 0.009820 seconds
  Import took 0.011623 seconds .

========================================================================
Received Import Request.
  Time since last request: 0.210147 seconds.
  path: Assets/YughuesFreeMetalMaterials/Materials/Textures/T_13_Specular.tga
  artifactKey: Guid(88ea2467daa61a54baba97ff1f4b2625) Importer(815301076,1909f56bfc062723c751e8b465ee728b)
Start importing Assets/YughuesFreeMetalMaterials/Materials/Textures/T_13_Specular.tga using Guid(88ea2467daa61a54baba97ff1f4b2625) Importer(815301076,1909f56bfc062723c751e8b465ee728b)  -> (artifact id: '83cd6391e31fc632f0b57f594211cc2d') in 0.017840 seconds
  Import took 0.019735 seconds .

========================================================================
Received Import Request.
  Time since last request: 0.120092 seconds.
  path: Assets/YughuesFreeMetalMaterials/Materials/Textures/T_14_Diffuse.tga
  artifactKey: Guid(02a6951378ca77e4fbd84055b67af8ca) Importer(815301076,1909f56bfc062723c751e8b465ee728b)
Start importing Assets/YughuesFreeMetalMaterials/Materials/Textures/T_14_Diffuse.tga using Guid(02a6951378ca77e4fbd84055b67af8ca) Importer(815301076,1909f56bfc062723c751e8b465ee728b)  -> (artifact id: '73692a17ebdcdf1212ee50d506078f7f') in 0.011741 seconds
  Import took 0.013622 seconds .

========================================================================
Received Import Request.
  Time since last request: 10.205437 seconds.
  path: Assets/YughuesFreeMetalMaterials/Materials/Materials/T_01_Specular.mat
  artifactKey: Guid(f37a72f6472395f459712724b90422fd) Importer(815301076,1909f56bfc062723c751e8b465ee728b)
Start importing Assets/YughuesFreeMetalMaterials/Materials/Materials/T_01_Specular.mat using Guid(f37a72f6472395f459712724b90422fd) Importer(815301076,1909f56bfc062723c751e8b465ee728b)  -> (artifact id: 'ef5cc7ab4a5742a035978c1e85a7063d') in 0.020585 seconds
  Import took 0.022417 seconds .

========================================================================
Received Import Request.
  Time since last request: 0.000362 seconds.
  path: Assets/YughuesFreeMetalMaterials/Materials/Materials/T_03_Specular.mat
  artifactKey: Guid(ae08cfbbdaf21104099cbad69024510f) Importer(815301076,1909f56bfc062723c751e8b465ee728b)
Start importing Assets/YughuesFreeMetalMaterials/Materials/Materials/T_03_Specular.mat using Guid(ae08cfbbdaf21104099cbad69024510f) Importer(815301076,1909f56bfc062723c751e8b465ee728b)  -> (artifact id: '3efa6b1713fc31cb9521b13c7f65a08e') in 0.011309 seconds
  Import took 0.013071 seconds .

========================================================================
Received Import Request.
  Time since last request: 0.000282 seconds.
  path: Assets/YughuesFreeMetalMaterials/Materials/Materials/T_12_Emissive.mat
  artifactKey: Guid(edde3249e0c105a41b103c24c4f76eb2) Importer(815301076,1909f56bfc062723c751e8b465ee728b)
Start importing Assets/YughuesFreeMetalMaterials/Materials/Materials/T_12_Emissive.mat using Guid(edde3249e0c105a41b103c24c4f76eb2) Importer(815301076,1909f56bfc062723c751e8b465ee728b)  -> (artifact id: '85345daacc48b33e93ec9d9a70707c0e') in 0.012903 seconds
  Import took 0.014663 seconds .

========================================================================
Received Import Request.
  Time since last request: 0.000252 seconds.
  path: Assets/YughuesFreeMetalMaterials/Materials/Materials/T_10_Specular.mat
  artifactKey: Guid(c3413b7c0958b0b4c8ec58f61f9621bb) Importer(815301076,1909f56bfc062723c751e8b465ee728b)
Start importing Assets/YughuesFreeMetalMaterials/Materials/Materials/T_10_Specular.mat using Guid(c3413b7c0958b0b4c8ec58f61f9621bb) Importer(815301076,1909f56bfc062723c751e8b465ee728b)  -> (artifact id: '02d5d68079f81fa2f4e310eee9d424e7') in 0.011991 seconds
  Import took 0.013935 seconds .

========================================================================
Received Import Request.
  Time since last request: 0.000257 seconds.
  path: Assets/YughuesFreeMetalMaterials/Materials/Materials/T_10_Normal.mat
  artifactKey: Guid(40a552d653d17ae4eb2a045ca25da8ad) Importer(815301076,1909f56bfc062723c751e8b465ee728b)
Start importing Assets/YughuesFreeMetalMaterials/Materials/Materials/T_10_Normal.mat using Guid(40a552d653d17ae4eb2a045ca25da8ad) Importer(815301076,1909f56bfc062723c751e8b465ee728b)  -> (artifact id: 'a1f3bf82f82928f2762d47666daeb6c8') in 0.013378 seconds
  Import took 0.015049 seconds .

========================================================================
Received Import Request.
  Time since last request: 0.000199 seconds.
  path: Assets/YughuesFreeMetalMaterials/Materials/Materials/T_02_Diffuse.mat
  artifactKey: Guid(e9f117f7464815c4e8cb63c0d8dfbc6d) Importer(815301076,1909f56bfc062723c751e8b465ee728b)
Start importing Assets/YughuesFreeMetalMaterials/Materials/Materials/T_02_Diffuse.mat using Guid(e9f117f7464815c4e8cb63c0d8dfbc6d) Importer(815301076,1909f56bfc062723c751e8b465ee728b)  -> (artifact id: 'a489338f9b5c03378ac0ff4df436504a') in 0.011287 seconds
  Import took 0.012937 seconds .

========================================================================
Received Import Request.
  Time since last request: 0.000200 seconds.
  path: Assets/YughuesFreeMetalMaterials/Materials/Materials/T_06_Specular.mat
  artifactKey: Guid(f7cd19d83113fb4408cf06bbff166a83) Importer(815301076,1909f56bfc062723c751e8b465ee728b)
Start importing Assets/YughuesFreeMetalMaterials/Materials/Materials/T_06_Specular.mat using Guid(f7cd19d83113fb4408cf06bbff166a83) Importer(815301076,1909f56bfc062723c751e8b465ee728b)  -> (artifact id: 'd291a5bc0cc6c3358f3b71b76ca449bd') in 0.013991 seconds
  Import took 0.015964 seconds .

========================================================================
Received Import Request.
  Time since last request: 0.000241 seconds.
  path: Assets/YughuesFreeMetalMaterials/Materials/Materials/T_09_Specular.mat
  artifactKey: Guid(1c37c43d2d2bcac41ae7f7aecbf71d6f) Importer(815301076,1909f56bfc062723c751e8b465ee728b)
Start importing Assets/YughuesFreeMetalMaterials/Materials/Materials/T_09_Specular.mat using Guid(1c37c43d2d2bcac41ae7f7aecbf71d6f) Importer(815301076,1909f56bfc062723c751e8b465ee728b)  -> (artifact id: 'b55c14c337f9e457e11efe67721193a7') in 0.021493 seconds
  Import took 0.023613 seconds .

========================================================================
Received Prepare
Registering precompiled user dll's ...
Registered in 0.000552 seconds.
Begin MonoManager ReloadAssembly
Native extension for WindowsStandalone target not found
Native extension for WebGL target not found
Refreshing native plugins compatible for Editor in 0.21 ms, found 0 plugins.
Preloading 0 native plugins for Editor in 0.00 ms.
Mono: successfully reloaded assembly
- Completed reload, in  0.765 seconds
Platform modules already initialized, skipping
Refreshing native plugins compatible for Editor in 0.20 ms, found 0 plugins.
Preloading 0 native plugins for Editor in 0.00 ms.
Unloading 1112 Unused Serialized files (Serialized files now loaded: 0)
System memory in use before: 80.7 MB.
System memory in use after: 80.8 MB.

Unloading 5 unused Assets to reduce memory usage. Loaded Objects now: 1641.
Total: 1.408400 ms (FindLiveObjects: 0.124300 ms CreateObjectMapping: 0.033900 ms MarkObjects: 1.193500 ms  DeleteObjects: 0.056000 ms)

========================================================================
Received Prepare
Registering precompiled user dll's ...
Registered in 0.001261 seconds.
Begin MonoManager ReloadAssembly
Native extension for WindowsStandalone target not found
Native extension for WebGL target not found
Refreshing native plugins compatible for Editor in 0.20 ms, found 0 plugins.
Preloading 0 native plugins for Editor in 0.00 ms.
Mono: successfully reloaded assembly
- Completed reload, in  0.753 seconds
Platform modules already initialized, skipping
Refreshing native plugins compatible for Editor in 0.20 ms, found 0 plugins.
Preloading 0 native plugins for Editor in 0.00 ms.
Unloading 1112 Unused Serialized files (Serialized files now loaded: 0)
System memory in use before: 80.8 MB.
System memory in use after: 80.8 MB.

Unloading 5 unused Assets to reduce memory usage. Loaded Objects now: 1644.
Total: 1.617800 ms (FindLiveObjects: 0.186300 ms CreateObjectMapping: 0.052600 ms MarkObjects: 1.317200 ms  DeleteObjects: 0.060700 ms)

========================================================================
Received Import Request.
  Time since last request: 1942.550933 seconds.
  path: Assets/Prefabs/Bell.prefab
  artifactKey: Guid(95bb8175a9587d14dbfabf5e6af2868b) Importer(815301076,1909f56bfc062723c751e8b465ee728b)
Start importing Assets/Prefabs/Bell.prefab using Guid(95bb8175a9587d14dbfabf5e6af2868b) Importer(815301076,1909f56bfc062723c751e8b465ee728b)  -> (artifact id: '59845d283f545e7b90511831525c776a') in 0.144331 seconds
  Import took 0.146694 seconds .

========================================================================
Received Import Request.
  Time since last request: 31.264963 seconds.
  path: Assets/Prefabs/Plane.prefab
  artifactKey: Guid(700c4c5964038b14abbffdf42844327e) Importer(815301076,1909f56bfc062723c751e8b465ee728b)
Start importing Assets/Prefabs/Plane.prefab using Guid(700c4c5964038b14abbffdf42844327e) Importer(815301076,1909f56bfc062723c751e8b465ee728b)  -> (artifact id: '540b902096b4f69075b0a264ddc88e21') in 0.029247 seconds
  Import took 0.031408 seconds .

========================================================================
Received Import Request.
  Time since last request: 0.018469 seconds.
  path: Assets/Prefabs/Plane.prefab
  artifactKey: Guid(700c4c5964038b14abbffdf42844327e) Importer(815301076,1909f56bfc062723c751e8b465ee728b)
Start importing Assets/Prefabs/Plane.prefab using Guid(700c4c5964038b14abbffdf42844327e) Importer(815301076,1909f56bfc062723c751e8b465ee728b)  -> (artifact id: '540b902096b4f69075b0a264ddc88e21') in 0.009222 seconds
  Import took 0.011417 seconds .

========================================================================
Received Import Request.
  Time since last request: 155.473699 seconds.
  path: Assets/Asset  Store/Wood Patterns/Wood Patterns Demo/Materials/T_Herringbone _Dark_Albedo.mat
  artifactKey: Guid(d6b972ed62f9b3649821a27263bbcd04) Importer(815301076,1909f56bfc062723c751e8b465ee728b)
Start importing Assets/Asset  Store/Wood Patterns/Wood Patterns Demo/Materials/T_Herringbone _Dark_Albedo.mat using Guid(d6b972ed62f9b3649821a27263bbcd04) Importer(815301076,1909f56bfc062723c751e8b465ee728b)  -> (artifact id: '1e7ec6cd301dcd26ad36b8991abd0735') in 0.031994 seconds
  Import took 0.034126 seconds .

========================================================================
Received Import Request.
  Time since last request: 0.000289 seconds.
  path: Assets/Asset  Store/Wood Patterns/Wood Patterns Demo/Materials/T_Herringbone _Yellow_Albedo.mat
  artifactKey: Guid(cc4298582f160524eb9768f139641c31) Importer(815301076,1909f56bfc062723c751e8b465ee728b)
Start importing Assets/Asset  Store/Wood Patterns/Wood Patterns Demo/Materials/T_Herringbone _Yellow_Albedo.mat using Guid(cc4298582f160524eb9768f139641c31) Importer(815301076,1909f56bfc062723c751e8b465ee728b)  -> (artifact id: 'e90a2187d61f465efa24e5afe34a5ffc') in 0.017629 seconds
  Import took 0.019531 seconds .

========================================================================
Received Prepare
Registering precompiled user dll's ...
Registered in 0.000490 seconds.
Begin MonoManager ReloadAssembly
Native extension for WindowsStandalone target not found
Native extension for WebGL target not found
Refreshing native plugins compatible for Editor in 0.26 ms, found 0 plugins.
Preloading 0 native plugins for Editor in 0.00 ms.
Mono: successfully reloaded assembly
- Completed reload, in  0.739 seconds
Platform modules already initialized, skipping
Refreshing native plugins compatible for Editor in 0.20 ms, found 0 plugins.
Preloading 0 native plugins for Editor in 0.00 ms.
Unloading 1112 Unused Serialized files (Serialized files now loaded: 0)
System memory in use before: 80.8 MB.
System memory in use after: 80.9 MB.

Unloading 5 unused Assets to reduce memory usage. Loaded Objects now: 1650.
Total: 1.480900 ms (FindLiveObjects: 0.133400 ms CreateObjectMapping: 0.032900 ms MarkObjects: 1.253400 ms  DeleteObjects: 0.060100 ms)

========================================================================
Received Prepare
Registering precompiled user dll's ...
Registered in 0.000441 seconds.
Begin MonoManager ReloadAssembly
Native extension for WindowsStandalone target not found
Native extension for WebGL target not found
Refreshing native plugins compatible for Editor in 0.23 ms, found 0 plugins.
Preloading 0 native plugins for Editor in 0.00 ms.
Mono: successfully reloaded assembly
- Completed reload, in  0.721 seconds
Platform modules already initialized, skipping
Refreshing native plugins compatible for Editor in 0.21 ms, found 0 plugins.
Preloading 0 native plugins for Editor in 0.00 ms.
Unloading 1112 Unused Serialized files (Serialized files now loaded: 0)
System memory in use before: 80.8 MB.
System memory in use after: 80.9 MB.

Unloading 5 unused Assets to reduce memory usage. Loaded Objects now: 1653.
Total: 1.370000 ms (FindLiveObjects: 0.127500 ms CreateObjectMapping: 0.033200 ms MarkObjects: 1.151700 ms  DeleteObjects: 0.056400 ms)

========================================================================
Received Prepare
Registering precompiled user dll's ...
Registered in 0.000471 seconds.
Begin MonoManager ReloadAssembly
Native extension for WindowsStandalone target not found
Native extension for WebGL target not found
Refreshing native plugins compatible for Editor in 0.23 ms, found 0 plugins.
Preloading 0 native plugins for Editor in 0.00 ms.
Mono: successfully reloaded assembly
- Completed reload, in  0.759 seconds
Platform modules already initialized, skipping
Refreshing native plugins compatible for Editor in 0.20 ms, found 0 plugins.
Preloading 0 native plugins for Editor in 0.00 ms.
Unloading 1112 Unused Serialized files (Serialized files now loaded: 0)
System memory in use before: 80.8 MB.
System memory in use after: 80.9 MB.

Unloading 5 unused Assets to reduce memory usage. Loaded Objects now: 1656.
Total: 2.060000 ms (FindLiveObjects: 0.220300 ms CreateObjectMapping: 0.055400 ms MarkObjects: 1.721400 ms  DeleteObjects: 0.061500 ms)

========================================================================
Received Prepare
Registering precompiled user dll's ...
Registered in 0.000512 seconds.
Begin MonoManager ReloadAssembly
Native extension for WindowsStandalone target not found
Native extension for WebGL target not found
Refreshing native plugins compatible for Editor in 0.22 ms, found 0 plugins.
Preloading 0 native plugins for Editor in 0.00 ms.
Mono: successfully reloaded assembly
- Completed reload, in  0.697 seconds
Platform modules already initialized, skipping
Refreshing native plugins compatible for Editor in 0.20 ms, found 0 plugins.
Preloading 0 native plugins for Editor in 0.00 ms.
Unloading 1112 Unused Serialized files (Serialized files now loaded: 0)
System memory in use before: 80.9 MB.
System memory in use after: 80.9 MB.

Unloading 5 unused Assets to reduce memory usage. Loaded Objects now: 1659.
Total: 1.378500 ms (FindLiveObjects: 0.127400 ms CreateObjectMapping: 0.034000 ms MarkObjects: 1.157600 ms  DeleteObjects: 0.058400 ms)

========================================================================
Received Prepare
Registering precompiled user dll's ...
Registered in 0.001306 seconds.
Begin MonoManager ReloadAssembly
Native extension for WindowsStandalone target not found
Native extension for WebGL target not found
Refreshing native plugins compatible for Editor in 0.23 ms, found 0 plugins.
Preloading 0 native plugins for Editor in 0.00 ms.
Mono: successfully reloaded assembly
- Completed reload, in  0.698 seconds
Platform modules already initialized, skipping
Refreshing native plugins compatible for Editor in 0.24 ms, found 0 plugins.
Preloading 0 native plugins for Editor in 0.00 ms.
Unloading 1112 Unused Serialized files (Serialized files now loaded: 0)
System memory in use before: 80.9 MB.
System memory in use after: 80.9 MB.

Unloading 5 unused Assets to reduce memory usage. Loaded Objects now: 1662.
Total: 1.549000 ms (FindLiveObjects: 0.140700 ms CreateObjectMapping: 0.033500 ms MarkObjects: 1.314600 ms  DeleteObjects: 0.059100 ms)

========================================================================
Received Prepare
Registering precompiled user dll's ...
Registered in 0.000525 seconds.
Begin MonoManager ReloadAssembly
Native extension for WindowsStandalone target not found
Native extension for WebGL target not found
Refreshing native plugins compatible for Editor in 0.21 ms, found 0 plugins.
Preloading 0 native plugins for Editor in 0.00 ms.
Mono: successfully reloaded assembly
- Completed reload, in  0.658 seconds
Platform modules already initialized, skipping
Refreshing native plugins compatible for Editor in 0.21 ms, found 0 plugins.
Preloading 0 native plugins for Editor in 0.00 ms.
Unloading 1112 Unused Serialized files (Serialized files now loaded: 0)
System memory in use before: 80.9 MB.
System memory in use after: 80.9 MB.

Unloading 5 unused Assets to reduce memory usage. Loaded Objects now: 1665.
Total: 1.384400 ms (FindLiveObjects: 0.131600 ms CreateObjectMapping: 0.034800 ms MarkObjects: 1.162200 ms  DeleteObjects: 0.054800 ms)

========================================================================
Received Prepare
Registering precompiled user dll's ...
Registered in 0.000436 seconds.
Begin MonoManager ReloadAssembly
Native extension for WindowsStandalone target not found
Native extension for WebGL target not found
Refreshing native plugins compatible for Editor in 0.23 ms, found 0 plugins.
Preloading 0 native plugins for Editor in 0.00 ms.
Mono: successfully reloaded assembly
- Completed reload, in  0.728 seconds
Platform modules already initialized, skipping
Refreshing native plugins compatible for Editor in 0.26 ms, found 0 plugins.
Preloading 0 native plugins for Editor in 0.00 ms.
Unloading 1112 Unused Serialized files (Serialized files now loaded: 0)
System memory in use before: 80.9 MB.
System memory in use after: 80.9 MB.

Unloading 5 unused Assets to reduce memory usage. Loaded Objects now: 1668.
Total: 1.443700 ms (FindLiveObjects: 0.152400 ms CreateObjectMapping: 0.037000 ms MarkObjects: 1.194600 ms  DeleteObjects: 0.058500 ms)

========================================================================
Received Prepare
Registering precompiled user dll's ...
Registered in 0.000589 seconds.
Begin MonoManager ReloadAssembly
Native extension for WindowsStandalone target not found
Native extension for WebGL target not found
Refreshing native plugins compatible for Editor in 0.21 ms, found 0 plugins.
Preloading 0 native plugins for Editor in 0.00 ms.
Mono: successfully reloaded assembly
- Completed reload, in  0.721 seconds
Platform modules already initialized, skipping
Refreshing native plugins compatible for Editor in 0.21 ms, found 0 plugins.
Preloading 0 native plugins for Editor in 0.00 ms.
Unloading 1112 Unused Serialized files (Serialized files now loaded: 0)
System memory in use before: 80.9 MB.
System memory in use after: 80.9 MB.

Unloading 5 unused Assets to reduce memory usage. Loaded Objects now: 1671.
Total: 1.899400 ms (FindLiveObjects: 0.296100 ms CreateObjectMapping: 0.064600 ms MarkObjects: 1.471100 ms  DeleteObjects: 0.066500 ms)

========================================================================
Received Prepare
Registering precompiled user dll's ...
Registered in 0.000433 seconds.
Begin MonoManager ReloadAssembly
Native extension for WindowsStandalone target not found
Native extension for WebGL target not found
Refreshing native plugins compatible for Editor in 0.21 ms, found 0 plugins.
Preloading 0 native plugins for Editor in 0.00 ms.
Mono: successfully reloaded assembly
- Completed reload, in  0.648 seconds
Platform modules already initialized, skipping
Refreshing native plugins compatible for Editor in 0.20 ms, found 0 plugins.
Preloading 0 native plugins for Editor in 0.00 ms.
Unloading 1112 Unused Serialized files (Serialized files now loaded: 0)
System memory in use before: 80.9 MB.
System memory in use after: 81.0 MB.

Unloading 5 unused Assets to reduce memory usage. Loaded Objects now: 1674.
Total: 1.857200 ms (FindLiveObjects: 0.161400 ms CreateObjectMapping: 0.045700 ms MarkObjects: 1.547600 ms  DeleteObjects: 0.101100 ms)

========================================================================
Received Import Request.
  Time since last request: 1077.053951 seconds.
  path: Assets/Asset  Store/Wood Patterns/Wood Patterns Demo/Materials
  artifactKey: Guid(653e23e9c2892c84c85d8510fbb3b890) Importer(815301076,1909f56bfc062723c751e8b465ee728b)
Start importing Assets/Asset  Store/Wood Patterns/Wood Patterns Demo/Materials using Guid(653e23e9c2892c84c85d8510fbb3b890) Importer(815301076,1909f56bfc062723c751e8b465ee728b)  -> (artifact id: '030e8c5ec41c547ed3ddc6e43f34a644') in 0.008804 seconds
  Import took 0.010818 seconds .

========================================================================
Received Import Request.
  Time since last request: 0.006310 seconds.
  path: Assets/Asset  Store/Wood Patterns/Wood Patterns Demo/Materials
  artifactKey: Guid(653e23e9c2892c84c85d8510fbb3b890) Importer(815301076,1909f56bfc062723c751e8b465ee728b)
Start importing Assets/Asset  Store/Wood Patterns/Wood Patterns Demo/Materials using Guid(653e23e9c2892c84c85d8510fbb3b890) Importer(815301076,1909f56bfc062723c751e8b465ee728b)  -> (artifact id: '030e8c5ec41c547ed3ddc6e43f34a644') in 0.001988 seconds
  Import took 0.003727 seconds .

========================================================================
Received Prepare
Registering precompiled user dll's ...
Registered in 0.000661 seconds.
Begin MonoManager ReloadAssembly
Native extension for WindowsStandalone target not found
Native extension for WebGL target not found
Refreshing native plugins compatible for Editor in 0.22 ms, found 0 plugins.
Preloading 0 native plugins for Editor in 0.00 ms.
Mono: successfully reloaded assembly
- Completed reload, in  0.658 seconds
Platform modules already initialized, skipping
Refreshing native plugins compatible for Editor in 0.21 ms, found 0 plugins.
Preloading 0 native plugins for Editor in 0.00 ms.
Unloading 1112 Unused Serialized files (Serialized files now loaded: 0)
System memory in use before: 80.9 MB.
System memory in use after: 81.0 MB.

Unloading 5 unused Assets to reduce memory usage. Loaded Objects now: 1677.
Total: 2.134200 ms (FindLiveObjects: 0.201400 ms CreateObjectMapping: 0.059100 ms MarkObjects: 1.792100 ms  DeleteObjects: 0.080100 ms)

========================================================================
Received Import Request.
  Time since last request: 538.979345 seconds.
  path: Assets/Prefabs/Clapper.prefab
  artifactKey: Guid(69b124803b6456149a7390f6140dff2d) Importer(815301076,1909f56bfc062723c751e8b465ee728b)
Start importing Assets/Prefabs/Clapper.prefab using Guid(69b124803b6456149a7390f6140dff2d) Importer(815301076,1909f56bfc062723c751e8b465ee728b)  -> (artifact id: 'd26eef8d17aa6a36f62ffcde071d8ccd') in 0.098674 seconds
  Import took 0.102111 seconds .

========================================================================
Received Import Request.
  Time since last request: 0.009583 seconds.
  path: Assets/Prefabs/Clapper.prefab
  artifactKey: Guid(69b124803b6456149a7390f6140dff2d) Importer(815301076,1909f56bfc062723c751e8b465ee728b)
Start importing Assets/Prefabs/Clapper.prefab using Guid(69b124803b6456149a7390f6140dff2d) Importer(815301076,1909f56bfc062723c751e8b465ee728b)  -> (artifact id: 'd26eef8d17aa6a36f62ffcde071d8ccd') in 0.018458 seconds
  Import took 0.020505 seconds .

========================================================================
Received Import Request.
  Time since last request: 100.790328 seconds.
  path: Assets/ram_bell_sound_6663188471670601706.mp3
  artifactKey: Guid(b2598c36bc212064ca7390515c8d5f74) Importer(815301076,1909f56bfc062723c751e8b465ee728b)
Start importing Assets/ram_bell_sound_6663188471670601706.mp3 using Guid(b2598c36bc212064ca7390515c8d5f74) Importer(815301076,1909f56bfc062723c751e8b465ee728b)  -> (artifact id: '4f248de380ffb447883fa0bc570a3082') in 0.028037 seconds
  Import took 0.030391 seconds .

========================================================================
Received Prepare
Registering precompiled user dll's ...
Registered in 0.000433 seconds.
Begin MonoManager ReloadAssembly
Native extension for WindowsStandalone target not found
Native extension for WebGL target not found
Refreshing native plugins compatible for Editor in 0.23 ms, found 0 plugins.
Preloading 0 native plugins for Editor in 0.00 ms.
Mono: successfully reloaded assembly
- Completed reload, in  0.699 seconds
Platform modules already initialized, skipping
Refreshing native plugins compatible for Editor in 0.25 ms, found 0 plugins.
Preloading 0 native plugins for Editor in 0.00 ms.
Unloading 1113 Unused Serialized files (Serialized files now loaded: 0)
System memory in use before: 81.0 MB.
System memory in use after: 81.0 MB.

Unloading 5 unused Assets to reduce memory usage. Loaded Objects now: 1685.
Total: 1.952900 ms (FindLiveObjects: 0.149000 ms CreateObjectMapping: 0.035600 ms MarkObjects: 1.593900 ms  DeleteObjects: 0.173200 ms)

========================================================================
Received Import Request.
  Time since last request: 47.323206 seconds.
  path: Assets/BellSoundHandler.cs
  artifactKey: Guid(89567a3908f2d6642986690a1ebaaecc) Importer(815301076,1909f56bfc062723c751e8b465ee728b)
Start importing Assets/BellSoundHandler.cs using Guid(89567a3908f2d6642986690a1ebaaecc) Importer(815301076,1909f56bfc062723c751e8b465ee728b)  -> (artifact id: 'e8bb2df35c81cbaf5590e95615522207') in 0.010269 seconds
  Import took 0.012243 seconds .

========================================================================
Received Import Request.
  Time since last request: 0.010392 seconds.
  path: Assets/BellSoundHandler.cs
  artifactKey: Guid(89567a3908f2d6642986690a1ebaaecc) Importer(815301076,1909f56bfc062723c751e8b465ee728b)
Start importing Assets/BellSoundHandler.cs using Guid(89567a3908f2d6642986690a1ebaaecc) Importer(815301076,1909f56bfc062723c751e8b465ee728b)  -> (artifact id: 'e8bb2df35c81cbaf5590e95615522207') in 0.002252 seconds
  Import took 0.004487 seconds .

========================================================================
Received Prepare
Registering precompiled user dll's ...
Registered in 0.002136 seconds.
Begin MonoManager ReloadAssembly
Native extension for WindowsStandalone target not found
Native extension for WebGL target not found
Refreshing native plugins compatible for Editor in 0.27 ms, found 0 plugins.
Preloading 0 native plugins for Editor in 0.00 ms.
Mono: successfully reloaded assembly
- Completed reload, in  1.385 seconds
Platform modules already initialized, skipping
Refreshing native plugins compatible for Editor in 0.20 ms, found 0 plugins.
Preloading 0 native plugins for Editor in 0.00 ms.
Unloading 1113 Unused Serialized files (Serialized files now loaded: 0)
System memory in use before: 81.0 MB.
System memory in use after: 81.1 MB.

Unloading 5 unused Assets to reduce memory usage. Loaded Objects now: 1688.
Total: 3.232100 ms (FindLiveObjects: 0.274500 ms CreateObjectMapping: 0.065500 ms MarkObjects: 2.775000 ms  DeleteObjects: 0.115400 ms)

========================================================================
Received Prepare
Registering precompiled user dll's ...
Registered in 0.001034 seconds.
Begin MonoManager ReloadAssembly
Native extension for WindowsStandalone target not found
Native extension for WebGL target not found
Refreshing native plugins compatible for Editor in 0.21 ms, found 0 plugins.
Preloading 0 native plugins for Editor in 0.00 ms.
Mono: successfully reloaded assembly
- Completed reload, in  0.711 seconds
Platform modules already initialized, skipping
Refreshing native plugins compatible for Editor in 0.23 ms, found 0 plugins.
Preloading 0 native plugins for Editor in 0.00 ms.
Unloading 1113 Unused Serialized files (Serialized files now loaded: 0)
System memory in use before: 81.0 MB.
System memory in use after: 81.1 MB.

Unloading 5 unused Assets to reduce memory usage. Loaded Objects now: 1691.
Total: 1.615300 ms (FindLiveObjects: 0.133000 ms CreateObjectMapping: 0.035100 ms MarkObjects: 1.383300 ms  DeleteObjects: 0.063300 ms)

========================================================================
Received Prepare
Registering precompiled user dll's ...
Registered in 0.000466 seconds.
Begin MonoManager ReloadAssembly
Native extension for WindowsStandalone target not found
Native extension for WebGL target not found
Refreshing native plugins compatible for Editor in 0.21 ms, found 0 plugins.
Preloading 0 native plugins for Editor in 0.00 ms.
Mono: successfully reloaded assembly
- Completed reload, in  0.716 seconds
Platform modules already initialized, skipping
Refreshing native plugins compatible for Editor in 0.25 ms, found 0 plugins.
Preloading 0 native plugins for Editor in 0.00 ms.
Unloading 1113 Unused Serialized files (Serialized files now loaded: 0)
System memory in use before: 81.0 MB.
System memory in use after: 81.1 MB.

Unloading 5 unused Assets to reduce memory usage. Loaded Objects now: 1694.
Total: 1.414200 ms (FindLiveObjects: 0.128500 ms CreateObjectMapping: 0.034200 ms MarkObjects: 1.193600 ms  DeleteObjects: 0.056800 ms)

========================================================================
Received Prepare
Registering precompiled user dll's ...
Registered in 0.000454 seconds.
Begin MonoManager ReloadAssembly
Native extension for WindowsStandalone target not found
Native extension for WebGL target not found
Refreshing native plugins compatible for Editor in 0.21 ms, found 0 plugins.
Preloading 0 native plugins for Editor in 0.00 ms.
Mono: successfully reloaded assembly
- Completed reload, in  0.729 seconds
Platform modules already initialized, skipping
Refreshing native plugins compatible for Editor in 0.34 ms, found 0 plugins.
Preloading 0 native plugins for Editor in 0.00 ms.
Unloading 1113 Unused Serialized files (Serialized files now loaded: 0)
System memory in use before: 81.0 MB.
System memory in use after: 81.1 MB.

Unloading 5 unused Assets to reduce memory usage. Loaded Objects now: 1697.
Total: 1.710600 ms (FindLiveObjects: 0.149200 ms CreateObjectMapping: 0.041000 ms MarkObjects: 1.451900 ms  DeleteObjects: 0.067400 ms)

========================================================================
Received Prepare
Registering precompiled user dll's ...
Registered in 0.000416 seconds.
Begin MonoManager ReloadAssembly
Native extension for WindowsStandalone target not found
Native extension for WebGL target not found
Refreshing native plugins compatible for Editor in 0.20 ms, found 0 plugins.
Preloading 0 native plugins for Editor in 0.00 ms.
Mono: successfully reloaded assembly
- Completed reload, in  0.657 seconds
Platform modules already initialized, skipping
Refreshing native plugins compatible for Editor in 0.20 ms, found 0 plugins.
Preloading 0 native plugins for Editor in 0.00 ms.
Unloading 1113 Unused Serialized files (Serialized files now loaded: 0)
System memory in use before: 81.0 MB.
System memory in use after: 81.0 MB.

Unloading 5 unused Assets to reduce memory usage. Loaded Objects now: 1700.
Total: 1.390800 ms (FindLiveObjects: 0.128900 ms CreateObjectMapping: 0.034600 ms MarkObjects: 1.170300 ms  DeleteObjects: 0.056400 ms)

========================================================================
Received Prepare
Registering precompiled user dll's ...
Registered in 0.000518 seconds.
Begin MonoManager ReloadAssembly
Native extension for WindowsStandalone target not found
Native extension for WebGL target not found
Refreshing native plugins compatible for Editor in 0.20 ms, found 0 plugins.
Preloading 0 native plugins for Editor in 0.00 ms.
Mono: successfully reloaded assembly
- Completed reload, in  0.662 seconds
Platform modules already initialized, skipping
Refreshing native plugins compatible for Editor in 0.22 ms, found 0 plugins.
Preloading 0 native plugins for Editor in 0.00 ms.
Unloading 1113 Unused Serialized files (Serialized files now loaded: 0)
System memory in use before: 81.0 MB.
System memory in use after: 81.0 MB.

Unloading 5 unused Assets to reduce memory usage. Loaded Objects now: 1703.
Total: 1.414100 ms (FindLiveObjects: 0.129700 ms CreateObjectMapping: 0.034600 ms MarkObjects: 1.192800 ms  DeleteObjects: 0.056000 ms)

========================================================================
Received Prepare
Registering precompiled user dll's ...
Registered in 0.000389 seconds.
Begin MonoManager ReloadAssembly
Native extension for WindowsStandalone target not found
Native extension for WebGL target not found
Refreshing native plugins compatible for Editor in 0.20 ms, found 0 plugins.
Preloading 0 native plugins for Editor in 0.00 ms.
Mono: successfully reloaded assembly
- Completed reload, in  0.643 seconds
Platform modules already initialized, skipping
Refreshing native plugins compatible for Editor in 0.23 ms, found 0 plugins.
Preloading 0 native plugins for Editor in 0.00 ms.
Unloading 1113 Unused Serialized files (Serialized files now loaded: 0)
System memory in use before: 81.0 MB.
System memory in use after: 81.0 MB.

Unloading 5 unused Assets to reduce memory usage. Loaded Objects now: 1706.
Total: 1.501900 ms (FindLiveObjects: 0.159000 ms CreateObjectMapping: 0.037900 ms MarkObjects: 1.237500 ms  DeleteObjects: 0.066800 ms)

AssetImportWorkerClient::OnTransportError - code=2 error=End of file
