0    [pool-1-thread-1] INFO  Store  - Sale(saleRepresentation={Product(name=3797a343-4c75-44e5-8b2a-dc2793671a73, unitPrice=17)=9}, totalPrice=153)
0    [pool-1-thread-8] INFO  Store  - Sale(saleRepresentation={Product(name=5b7427f5-4ca1-49df-8c56-cbef3e35547d, unitPrice=13)=8, Product(name=35fa566e-c4c2-4e19-98e3-ae4b5406867c, unitPrice=14)=8, Product(name=1d7b9e54-f0da-4568-bd66-3e831d9e645a, unitPrice=34)=8}, totalPrice=488)
0    [pool-1-thread-2] INFO  Store  - Sale(saleRepresentation={Product(name=fde5859b-326b-4755-a3da-a6207731ae1c, unitPrice=24)=3, Product(name=d12f5751-a009-4462-9222-e67f8b0903e1, unitPrice=32)=7, Product(name=bba75aee-290a-4e8d-b3f7-d632604f034e, unitPrice=23)=3}, totalPrice=365)
0    [pool-1-thread-6] INFO  Store  - Sale(saleRepresentation={Product(name=80f7cac8-a65e-4d69-b1bc-978bdf637b4d, unitPrice=28)=0, Product(name=eeaf949c-fad0-4316-9ce4-2e2f39ea7a20, unitPrice=31)=5}, totalPrice=155)
0    [pool-1-thread-4] INFO  Store  - Sale(saleRepresentation={Product(name=80f7cac8-a65e-4d69-b1bc-978bdf637b4d, unitPrice=28)=2, Product(name=e6ac3679-c9ca-4e4d-aa76-0c79dadaf487, unitPrice=5)=8, Product(name=09e25279-02b1-40ab-82ba-a678f249edeb, unitPrice=15)=9, Product(name=255e4af3-5d1b-49d5-96cb-d4b10a86637b, unitPrice=26)=7}, totalPrice=413)
0    [pool-1-thread-3] INFO  Store  - Sale(saleRepresentation={Product(name=8d077c66-ef21-46c2-8fe1-fc45b08c7753, unitPrice=9)=7, Product(name=4bbab3e6-7e50-414b-bafc-98d7acc7518d, unitPrice=29)=6, Product(name=fcb349ef-6e6f-4902-adf9-8bb78280023b, unitPrice=23)=9}, totalPrice=444)
0    [pool-1-thread-7] INFO  Store  - Sale(saleRepresentation={Product(name=5f1669f3-46e5-49be-ad79-ef049599d5f4, unitPrice=14)=3, Product(name=c4f9a1f1-c32e-4bbf-b34f-898f97ef38c4, unitPrice=2)=3, Product(name=c8b5987f-e764-474e-a0a1-c9028cf5c9db, unitPrice=7)=5, Product(name=575087d7-730a-4ca3-b282-b855137061eb, unitPrice=36)=0}, totalPrice=83)
0    [pool-1-thread-5] INFO  Store  - Sale(saleRepresentation={Product(name=a8210614-4fca-4e49-b249-e00596bb43f4, unitPrice=18)=8, Product(name=30776c7f-a5ee-4747-8102-669f4584badb, unitPrice=30)=3, Product(name=5d58f730-6068-43fa-977b-9ec474dba951, unitPrice=5)=3, Product(name=73e3a63b-7af0-44e6-a41d-033504b4a10a, unitPrice=22)=3}, totalPrice=315)
54   [pool-2-thread-1] INFO  ConsistencyChecker  - Ran consistency check : Result -> true
72   [pool-1-thread-1] INFO  Store  - Sale(saleRepresentation={Product(name=0406d136-62fb-45da-8f65-0cf9cc44992d, unitPrice=36)=2}, totalPrice=72)
72   [pool-1-thread-8] INFO  Store  - Sale(saleRepresentation={Product(name=51c8b4b2-86f2-49a3-a4c5-8d83cc8cbbaf, unitPrice=1)=6, Product(name=2452ef89-934d-4154-8cc5-ac2559d68b41, unitPrice=23)=5, Product(name=aebd3b26-d7cd-4837-a315-34a7bb07cd6f, unitPrice=35)=3, Product(name=575087d7-730a-4ca3-b282-b855137061eb, unitPrice=36)=2}, totalPrice=298)
84   [pool-1-thread-5] INFO  Store  - Sale(saleRepresentation={Product(name=7e6d333c-d812-4954-89ec-feb46819fe73, unitPrice=16)=0}, totalPrice=0)
84   [pool-1-thread-7] INFO  Store  - Sale(saleRepresentation={Product(name=5202b60a-5753-4b37-9ba5-d4de458ffe54, unitPrice=35)=1, Product(name=35fa566e-c4c2-4e19-98e3-ae4b5406867c, unitPrice=14)=4}, totalPrice=91)
84   [pool-1-thread-4] INFO  Store  - Sale(saleRepresentation={Product(name=c092cd6e-7599-4f9c-81cc-385116fac8a7, unitPrice=21)=5}, totalPrice=105)
84   [pool-1-thread-2] INFO  Store  - Sale(saleRepresentation={Product(name=1b41313c-f447-4be2-af16-8dd562322741, unitPrice=17)=8, Product(name=718e8011-4e47-4efa-8eff-d6d8187eafd3, unitPrice=3)=6, Product(name=1d7b9e54-f0da-4568-bd66-3e831d9e645a, unitPrice=34)=1}, totalPrice=188)
84   [pool-1-thread-3] INFO  Store  - Sale(saleRepresentation={Product(name=7e6d333c-d812-4954-89ec-feb46819fe73, unitPrice=16)=5, Product(name=586df9f1-cc61-4e3d-ab4e-6a515305f87f, unitPrice=7)=2}, totalPrice=94)
84   [pool-1-thread-6] INFO  Store  - Sale(saleRepresentation={Product(name=a8210614-4fca-4e49-b249-e00596bb43f4, unitPrice=18)=8, Product(name=bba75aee-290a-4e8d-b3f7-d632604f034e, unitPrice=23)=5}, totalPrice=259)
132  [pool-2-thread-1] INFO  ConsistencyChecker  - Ran consistency check : Result -> true
148  [pool-1-thread-8] INFO  Store  - Sale(saleRepresentation={Product(name=39a3230f-0bfc-4fc7-9b60-66bd9c08a7b4, unitPrice=31)=2, Product(name=6911f00a-1cb1-4f9a-8221-ecd6f0a718d0, unitPrice=23)=5, Product(name=255e4af3-5d1b-49d5-96cb-d4b10a86637b, unitPrice=26)=9}, totalPrice=411)
148  [pool-1-thread-1] INFO  Store  - Sale(saleRepresentation={Product(name=bbf74824-6794-425d-adbd-fec92180a67a, unitPrice=39)=7, Product(name=8df18ff2-ebc6-40d8-8db8-ef94c822b31c, unitPrice=3)=6, Product(name=0f5e68a1-19fa-473b-961d-32560d2949e6, unitPrice=2)=8, Product(name=def7710e-6c7d-495e-897e-99c32da3a4b9, unitPrice=24)=2}, totalPrice=355)
155  [pool-1-thread-7] INFO  Store  - Sale(saleRepresentation={Product(name=80320edc-ad69-424b-b3da-a72ad97d13b5, unitPrice=35)=4, Product(name=259c31af-f546-456f-9593-adbee04a14c8, unitPrice=39)=2, Product(name=eb81f5b0-91d8-4f1d-84e0-6f82b8e58547, unitPrice=4)=4}, totalPrice=234)
156  [pool-1-thread-5] INFO  Store  - Sale(saleRepresentation={Product(name=3f0ec4b3-a201-40f0-84e7-5ec300195edf, unitPrice=22)=0, Product(name=fcb349ef-6e6f-4902-adf9-8bb78280023b, unitPrice=23)=1, Product(name=d7530937-80b4-4630-8926-aaaf0f3b631d, unitPrice=16)=9}, totalPrice=167)
164  [pool-1-thread-6] INFO  Store  - Sale(saleRepresentation={Product(name=c4f9a1f1-c32e-4bbf-b34f-898f97ef38c4, unitPrice=2)=4}, totalPrice=8)
164  [pool-1-thread-4] INFO  Store  - Sale(saleRepresentation={Product(name=ec77bea8-6533-478f-98e4-de038898be93, unitPrice=36)=9, Product(name=888863a6-5d44-4634-aebf-627c2c45caac, unitPrice=16)=8}, totalPrice=452)
164  [pool-1-thread-2] INFO  Store  - Sale(saleRepresentation={Product(name=1d7b9e54-f0da-4568-bd66-3e831d9e645a, unitPrice=34)=4}, totalPrice=136)
164  [pool-1-thread-3] INFO  Store  - Sale(saleRepresentation={Product(name=cdf4fec3-4460-4d4f-8bca-688972056dab, unitPrice=29)=3, Product(name=6a1eb5bc-dbdc-4a6b-8d7e-fe5943d47516, unitPrice=20)=2, Product(name=1046c442-f0bb-4c2b-a4d7-91dcf7fec15e, unitPrice=30)=0, Product(name=0d193362-a6cd-463c-9c31-272cba3f5679, unitPrice=33)=1}, totalPrice=160)
212  [pool-2-thread-1] INFO  ConsistencyChecker  - Ran consistency check : Result -> true
226  [pool-1-thread-7] INFO  Store  - Sale(saleRepresentation={Product(name=724f33f9-e1ee-4ef5-b4ae-ef906db63e03, unitPrice=39)=5, Product(name=97300efb-c30b-41d2-84d4-0bb54d4c3f88, unitPrice=4)=7, Product(name=739a3a1d-e8c0-4720-8259-f25660d150d6, unitPrice=18)=6}, totalPrice=331)
228  [pool-1-thread-1] INFO  Store  - Sale(saleRepresentation={Product(name=80f7cac8-a65e-4d69-b1bc-978bdf637b4d, unitPrice=28)=8, Product(name=09e25279-02b1-40ab-82ba-a678f249edeb, unitPrice=15)=0, Product(name=4bbab3e6-7e50-414b-bafc-98d7acc7518d, unitPrice=29)=4}, totalPrice=340)
228  [pool-1-thread-5] INFO  Store  - Sale(saleRepresentation={Product(name=e14df944-5805-4f7b-b0f8-0fa977f68b59, unitPrice=12)=7, Product(name=ccd5246c-00f6-4ce7-8847-1ffbd66b9727, unitPrice=7)=3}, totalPrice=105)
228  [pool-1-thread-8] INFO  Store  - Sale(saleRepresentation={Product(name=eb33d176-8c8b-4243-a3e1-ca2374270875, unitPrice=37)=4, Product(name=447cf24f-329e-4a2a-866f-a4918a16e740, unitPrice=7)=0, Product(name=9fc85283-aa60-486e-bcbb-207928ace86c, unitPrice=32)=5}, totalPrice=308)
235  [pool-1-thread-6] INFO  Store  - Sale(saleRepresentation={Product(name=79ef9f61-ab3f-419f-bb63-18c37da01250, unitPrice=13)=9}, totalPrice=117)
235  [pool-1-thread-2] INFO  Store  - Sale(saleRepresentation={Product(name=feeb2fc0-28c5-4b20-ac14-984bdc3d3b56, unitPrice=29)=6, Product(name=7bfbacd5-e39c-4c01-b646-3bd23d318ebd, unitPrice=36)=3, Product(name=6f727d56-2def-46c4-be06-8da1889649e2, unitPrice=4)=5}, totalPrice=302)
235  [pool-1-thread-4] INFO  Store  - Sale(saleRepresentation={Product(name=f78dbe3d-3a52-420d-ad4e-4f2591c8f636, unitPrice=2)=9, Product(name=2452ef89-934d-4154-8cc5-ac2559d68b41, unitPrice=23)=0, Product(name=c959c76b-a3cb-41e7-9ec2-33be53fc5b20, unitPrice=36)=3, Product(name=1d7b9e54-f0da-4568-bd66-3e831d9e645a, unitPrice=34)=9}, totalPrice=432)
243  [pool-1-thread-3] INFO  Store  - Sale(saleRepresentation={Product(name=08f4f4dd-23e8-4fec-9763-e65a468c3339, unitPrice=21)=7, Product(name=e14df944-5805-4f7b-b0f8-0fa977f68b59, unitPrice=12)=3, Product(name=ec5971b7-1a33-468d-a917-7d86edff9ca0, unitPrice=39)=7, Product(name=39a3230f-0bfc-4fc7-9b60-66bd9c08a7b4, unitPrice=31)=9}, totalPrice=735)
289  [pool-2-thread-1] INFO  ConsistencyChecker  - Ran consistency check : Result -> true
300  [pool-1-thread-5] INFO  Store  - Sale(saleRepresentation={Product(name=e6ac3679-c9ca-4e4d-aa76-0c79dadaf487, unitPrice=5)=9}, totalPrice=45)
300  [pool-1-thread-1] INFO  Store  - Sale(saleRepresentation={Product(name=08f4f4dd-23e8-4fec-9763-e65a468c3339, unitPrice=21)=5, Product(name=37a2a72f-c191-4d31-94da-fb8a22b27f36, unitPrice=31)=1, Product(name=d7530937-80b4-4630-8926-aaaf0f3b631d, unitPrice=16)=4}, totalPrice=200)
304  [pool-1-thread-7] INFO  Store  - Sale(saleRepresentation={Product(name=80320edc-ad69-424b-b3da-a72ad97d13b5, unitPrice=35)=6, Product(name=51c8b4b2-86f2-49a3-a4c5-8d83cc8cbbaf, unitPrice=1)=3, Product(name=236da958-d139-45ee-841b-70b8e60fffcd, unitPrice=7)=5, Product(name=d2752284-ca40-4799-b38e-18ca8ad578e9, unitPrice=26)=3}, totalPrice=326)
304  [pool-1-thread-8] INFO  Store  - Sale(saleRepresentation={Product(name=08f4f4dd-23e8-4fec-9763-e65a468c3339, unitPrice=21)=4, Product(name=5d58f730-6068-43fa-977b-9ec474dba951, unitPrice=5)=5, Product(name=d2752284-ca40-4799-b38e-18ca8ad578e9, unitPrice=26)=7}, totalPrice=291)
320  [pool-1-thread-4] INFO  Store  - Sale(saleRepresentation={Product(name=fde5859b-326b-4755-a3da-a6207731ae1c, unitPrice=24)=8}, totalPrice=192)
320  [pool-1-thread-6] INFO  Store  - Sale(saleRepresentation={Product(name=9f83b0dd-0c94-4abf-8e29-2c6c175e21a5, unitPrice=15)=0, Product(name=d15435e0-fc8c-45c8-8f39-475c176a57b5, unitPrice=16)=0, Product(name=e3a916dc-6c84-44ee-9393-de0ac4ff15a3, unitPrice=11)=0, Product(name=0d193362-a6cd-463c-9c31-272cba3f5679, unitPrice=33)=4}, totalPrice=132)
365  [pool-2-thread-1] INFO  ConsistencyChecker  - Ran consistency check : Result -> true
396  [main] INFO  ConsistencyChecker  - Ran consistency check : Result -> true
