Using pre-set license
Built from '2020.3/staging' branch; Version is '2020.3.8f1 (507919d4fff5) revision 5273881'; Using compiler version '192528614'; Build Type 'Release'
OS: 'Windows 10 Education; OS build 19043.1348; Version 2009; 64bit' Language: 'en' Physical Memory: 8060 MB
BatchMode: 1, IsHumanControllingUs: 0, StartBugReporterOnCrash: 0, Is64bit: 1, IsPro: 0

 COMMAND LINE ARGUMENTS:
C:\Program Files\Unity\Hub\Editor\2020.3.8f1\Editor\Unity.exe
-adb2
-batchMode
-noUpm
-name
AssetImportWorker0
-projectPath
D:/Uni/sem-one/virtual-reality/laboratory_2/Robot
-logFile
Logs/AssetImportWorker0.log
-srvPort
63006
Successfully changed project path to: D:/Uni/sem-one/virtual-reality/laboratory_2/Robot
D:/Uni/sem-one/virtual-reality/laboratory_2/Robot
Using Asset Import Pipeline V2.
Refreshing native plugins compatible for Editor in 23.44 ms, found 0 plugins.
Preloading 0 native plugins for Editor in 0.00 ms.
Initialize engine version: 2020.3.8f1 (507919d4fff5)
[Subsystems] Discovering subsystems at path C:/Program Files/Unity/Hub/Editor/2020.3.8f1/Editor/Data/Resources/UnitySubsystems
[Subsystems] Discovering subsystems at path D:/Uni/sem-one/virtual-reality/laboratory_2/Robot/Assets
GfxDevice: creating device client; threaded=0
Direct3D:
    Version:  Direct3D 11.0 [level 11.1]
    Renderer: NVIDIA GeForce GTX 1650 (ID=0x1f99)
    Vendor:   
    VRAM:     3962 MB
    Driver:   27.21.14.6230
Initialize mono
Mono path[0] = 'C:/Program Files/Unity/Hub/Editor/2020.3.8f1/Editor/Data/Managed'
Mono path[1] = 'C:/Program Files/Unity/Hub/Editor/2020.3.8f1/Editor/Data/MonoBleedingEdge/lib/mono/unityjit'
Mono config path = 'C:/Program Files/Unity/Hub/Editor/2020.3.8f1/Editor/Data/MonoBleedingEdge/etc'
Using monoOptions --debugger-agent=transport=dt_socket,embedding=1,server=y,suspend=n,address=127.0.0.1:56836
Begin MonoManager ReloadAssembly
Registering precompiled unity dll's ...
Register platform support module: C:/Program Files/Unity/Hub/Editor/2020.3.8f1/Editor/Data/PlaybackEngines/WebGLSupport/UnityEditor.WebGL.Extensions.dll
Register platform support module: C:/Program Files/Unity/Hub/Editor/2020.3.8f1/Editor/Data/PlaybackEngines/WindowsStandaloneSupport/UnityEditor.WindowsStandalone.Extensions.dll
Registered in 0.002437 seconds.
Native extension for WindowsStandalone target not found
Native extension for WebGL target not found
Refreshing native plugins compatible for Editor in 24.27 ms, found 0 plugins.
Preloading 0 native plugins for Editor in 0.00 ms.
Mono: successfully reloaded assembly
- Completed reload, in  1.172 seconds
Platform modules already initialized, skipping
Registering precompiled user dll's ...
Registered in 0.000510 seconds.
Begin MonoManager ReloadAssembly
Native extension for WindowsStandalone target not found
Native extension for WebGL target not found
Refreshing native plugins compatible for Editor in 0.23 ms, found 0 plugins.
Preloading 0 native plugins for Editor in 0.00 ms.
Mono: successfully reloaded assembly
- Completed reload, in  0.906 seconds
Platform modules already initialized, skipping
========================================================================
Worker process is ready to serve import requests
Launched and connected shader compiler UnityShaderCompiler.exe after 0.05 seconds
Refreshing native plugins compatible for Editor in 0.18 ms, found 0 plugins.
Preloading 0 native plugins for Editor in 0.00 ms.
Unloading 1123 Unused Serialized files (Serialized files now loaded: 0)
System memory in use before: 57.4 MB.
System memory in use after: 57.5 MB.

Unloading 10 unused Assets to reduce memory usage. Loaded Objects now: 1565.
Total: 1.421000 ms (FindLiveObjects: 0.120300 ms CreateObjectMapping: 0.034800 ms MarkObjects: 1.200900 ms  DeleteObjects: 0.064200 ms)

========================================================================
Received Import Request.
  path: Assets/YellowMaterial.mat
  artifactKey: Guid(256d497f9baf8a94a88fe2533b9240ba) Importer(815301076,1909f56bfc062723c751e8b465ee728b)
Start importing Assets/YellowMaterial.mat using Guid(256d497f9baf8a94a88fe2533b9240ba) Importer(815301076,1909f56bfc062723c751e8b465ee728b)  -> (artifact id: '44a81cceb5582bbee53cda10bd2995d6') in 0.153985 seconds
  Import took 0.155742 seconds .

========================================================================
Received Import Request.
  Time since last request: 0.000276 seconds.
  path: Assets/MetalMaterial.mat
  artifactKey: Guid(d077c938f797a4a4a93280c2fecebbbd) Importer(815301076,1909f56bfc062723c751e8b465ee728b)
Start importing Assets/MetalMaterial.mat using Guid(d077c938f797a4a4a93280c2fecebbbd) Importer(815301076,1909f56bfc062723c751e8b465ee728b)  -> (artifact id: '130d2f2159954f7165b2dfa3e5f56b9b') in 0.017757 seconds
  Import took 0.020431 seconds .

========================================================================
Received Import Request.
  Time since last request: 0.000718 seconds.
  path: Assets/RedMaterial.mat
  artifactKey: Guid(b534a7b0f3effe042875861d42ceedf7) Importer(815301076,1909f56bfc062723c751e8b465ee728b)
Start importing Assets/RedMaterial.mat using Guid(b534a7b0f3effe042875861d42ceedf7) Importer(815301076,1909f56bfc062723c751e8b465ee728b)  -> (artifact id: '65f3b302e3b9ce5594a9a16d1d2b27c2') in 0.013998 seconds
  Import took 0.016609 seconds .

========================================================================
Received Import Request.
  Time since last request: 0.000817 seconds.
  path: Assets/New Material.mat
  artifactKey: Guid(53936412bbd61564ba7fa3a504adacda) Importer(815301076,1909f56bfc062723c751e8b465ee728b)
Start importing Assets/New Material.mat using Guid(53936412bbd61564ba7fa3a504adacda) Importer(815301076,1909f56bfc062723c751e8b465ee728b)  -> (artifact id: '3658d935defb5bc43ded0cd8f411c44d') in 0.014360 seconds
  Import took 0.017391 seconds .

========================================================================
Received Import Request.
  Time since last request: 16.772966 seconds.
  path: Assets/PointToCursor.cs
  artifactKey: Guid(efd2ec3b453691f428569a65ce9efbfa) Importer(815301076,1909f56bfc062723c751e8b465ee728b)
Start importing Assets/PointToCursor.cs using Guid(efd2ec3b453691f428569a65ce9efbfa) Importer(815301076,1909f56bfc062723c751e8b465ee728b)  -> (artifact id: 'e55472cd1ca77c3ae763979d4fcdb7da') in 0.014304 seconds
  Import took 0.016349 seconds .

========================================================================
Received Import Request.
  Time since last request: 0.022626 seconds.
  path: Assets/PointToCursor.cs
  artifactKey: Guid(efd2ec3b453691f428569a65ce9efbfa) Importer(815301076,1909f56bfc062723c751e8b465ee728b)
Start importing Assets/PointToCursor.cs using Guid(efd2ec3b453691f428569a65ce9efbfa) Importer(815301076,1909f56bfc062723c751e8b465ee728b)  -> (artifact id: 'e55472cd1ca77c3ae763979d4fcdb7da') in 0.001814 seconds
  Import took 0.003688 seconds .

========================================================================
Received Prepare
Registering precompiled user dll's ...
Registered in 0.000544 seconds.
Begin MonoManager ReloadAssembly
Native extension for WindowsStandalone target not found
Native extension for WebGL target not found
Refreshing native plugins compatible for Editor in 0.31 ms, found 0 plugins.
Preloading 0 native plugins for Editor in 0.00 ms.
Mono: successfully reloaded assembly
- Completed reload, in  1.313 seconds
Platform modules already initialized, skipping
Refreshing native plugins compatible for Editor in 1.11 ms, found 0 plugins.
Preloading 0 native plugins for Editor in 0.00 ms.
Unloading 1118 Unused Serialized files (Serialized files now loaded: 0)
System memory in use before: 60.7 MB.
System memory in use after: 60.7 MB.

Unloading 5 unused Assets to reduce memory usage. Loaded Objects now: 1608.
Total: 6.258700 ms (FindLiveObjects: 0.202500 ms CreateObjectMapping: 0.088000 ms MarkObjects: 5.479200 ms  DeleteObjects: 0.486900 ms)

========================================================================
Received Import Request.
  Time since last request: 185.961465 seconds.
  path: Assets/PointToCursor.cs
  artifactKey: Guid(efd2ec3b453691f428569a65ce9efbfa) Importer(815301076,1909f56bfc062723c751e8b465ee728b)
Start importing Assets/PointToCursor.cs using Guid(efd2ec3b453691f428569a65ce9efbfa) Importer(815301076,1909f56bfc062723c751e8b465ee728b)  -> (artifact id: 'cec09ce0f0581725922a5a8fb971d9d0') in 0.010723 seconds
  Import took 0.014380 seconds .

========================================================================
Received Prepare
Registering precompiled user dll's ...
Registered in 0.000865 seconds.
Begin MonoManager ReloadAssembly
Native extension for WindowsStandalone target not found
Native extension for WebGL target not found
Refreshing native plugins compatible for Editor in 0.42 ms, found 0 plugins.
Preloading 0 native plugins for Editor in 0.00 ms.
Mono: successfully reloaded assembly
- Completed reload, in  0.963 seconds
Platform modules already initialized, skipping
Refreshing native plugins compatible for Editor in 0.35 ms, found 0 plugins.
Preloading 0 native plugins for Editor in 0.00 ms.
Unloading 1118 Unused Serialized files (Serialized files now loaded: 0)
System memory in use before: 60.7 MB.
System memory in use after: 60.8 MB.

Unloading 5 unused Assets to reduce memory usage. Loaded Objects now: 1611.
Total: 2.132900 ms (FindLiveObjects: 0.128300 ms CreateObjectMapping: 0.054100 ms MarkObjects: 1.844300 ms  DeleteObjects: 0.104700 ms)

========================================================================
Received Import Request.
  Time since last request: 36.959559 seconds.
  path: Assets/PointToCursor.cs
  artifactKey: Guid(efd2ec3b453691f428569a65ce9efbfa) Importer(815301076,1909f56bfc062723c751e8b465ee728b)
Start importing Assets/PointToCursor.cs using Guid(efd2ec3b453691f428569a65ce9efbfa) Importer(815301076,1909f56bfc062723c751e8b465ee728b)  -> (artifact id: '5f0f054b0dab16b26d23419783219b5f') in 0.005224 seconds
  Import took 0.009208 seconds .

========================================================================
Received Prepare
Registering precompiled user dll's ...
Registered in 0.000459 seconds.
Begin MonoManager ReloadAssembly
Native extension for WindowsStandalone target not found
Native extension for WebGL target not found
Refreshing native plugins compatible for Editor in 0.19 ms, found 0 plugins.
Preloading 0 native plugins for Editor in 0.00 ms.
Mono: successfully reloaded assembly
- Completed reload, in  0.741 seconds
Platform modules already initialized, skipping
Refreshing native plugins compatible for Editor in 0.22 ms, found 0 plugins.
Preloading 0 native plugins for Editor in 0.00 ms.
Unloading 1118 Unused Serialized files (Serialized files now loaded: 0)
System memory in use before: 60.7 MB.
System memory in use after: 60.8 MB.

Unloading 5 unused Assets to reduce memory usage. Loaded Objects now: 1614.
Total: 1.693400 ms (FindLiveObjects: 0.133600 ms CreateObjectMapping: 0.037200 ms MarkObjects: 1.462600 ms  DeleteObjects: 0.058800 ms)

========================================================================
Received Import Request.
  Time since last request: 73.787362 seconds.
  path: Assets/PointToCursor.cs
  artifactKey: Guid(efd2ec3b453691f428569a65ce9efbfa) Importer(815301076,1909f56bfc062723c751e8b465ee728b)
Start importing Assets/PointToCursor.cs using Guid(efd2ec3b453691f428569a65ce9efbfa) Importer(815301076,1909f56bfc062723c751e8b465ee728b)  -> (artifact id: '7b8e75cb4f2aaea69b3cbba654fbc9d5') in 0.003552 seconds
  Import took 0.005384 seconds .

========================================================================
Received Prepare
Registering precompiled user dll's ...
Registered in 0.000809 seconds.
Begin MonoManager ReloadAssembly
Native extension for WindowsStandalone target not found
Native extension for WebGL target not found
Refreshing native plugins compatible for Editor in 0.19 ms, found 0 plugins.
Preloading 0 native plugins for Editor in 0.00 ms.
Mono: successfully reloaded assembly
- Completed reload, in  0.861 seconds
Platform modules already initialized, skipping
Refreshing native plugins compatible for Editor in 0.24 ms, found 0 plugins.
Preloading 0 native plugins for Editor in 0.00 ms.
Unloading 1118 Unused Serialized files (Serialized files now loaded: 0)
System memory in use before: 60.7 MB.
System memory in use after: 60.8 MB.

Unloading 5 unused Assets to reduce memory usage. Loaded Objects now: 1617.
Total: 1.606500 ms (FindLiveObjects: 0.166700 ms CreateObjectMapping: 0.037600 ms MarkObjects: 1.342500 ms  DeleteObjects: 0.058500 ms)

========================================================================
Received Import Request.
  Time since last request: 126.333753 seconds.
  path: Assets/PointToCursor.cs
  artifactKey: Guid(efd2ec3b453691f428569a65ce9efbfa) Importer(815301076,1909f56bfc062723c751e8b465ee728b)
Start importing Assets/PointToCursor.cs using Guid(efd2ec3b453691f428569a65ce9efbfa) Importer(815301076,1909f56bfc062723c751e8b465ee728b)  -> (artifact id: '0a3da27365b9ed4436fb6e203898ea4f') in 0.004217 seconds
  Import took 0.006110 seconds .

========================================================================
Received Prepare
Registering precompiled user dll's ...
Registered in 0.001242 seconds.
Begin MonoManager ReloadAssembly
Native extension for WindowsStandalone target not found
Native extension for WebGL target not found
Refreshing native plugins compatible for Editor in 0.31 ms, found 0 plugins.
Preloading 0 native plugins for Editor in 0.00 ms.
Mono: successfully reloaded assembly
- Completed reload, in  1.048 seconds
Platform modules already initialized, skipping
Refreshing native plugins compatible for Editor in 0.19 ms, found 0 plugins.
Preloading 0 native plugins for Editor in 0.00 ms.
Unloading 1118 Unused Serialized files (Serialized files now loaded: 0)
System memory in use before: 60.7 MB.
System memory in use after: 60.8 MB.

Unloading 5 unused Assets to reduce memory usage. Loaded Objects now: 1620.
Total: 1.697800 ms (FindLiveObjects: 0.188200 ms CreateObjectMapping: 0.039000 ms MarkObjects: 1.399200 ms  DeleteObjects: 0.070200 ms)

========================================================================
Received Import Request.
  Time since last request: 261.436227 seconds.
  path: Assets/PointToCursor.cs
  artifactKey: Guid(efd2ec3b453691f428569a65ce9efbfa) Importer(815301076,1909f56bfc062723c751e8b465ee728b)
Start importing Assets/PointToCursor.cs using Guid(efd2ec3b453691f428569a65ce9efbfa) Importer(815301076,1909f56bfc062723c751e8b465ee728b)  -> (artifact id: 'ab7ae41fa7becae8a7d356b3fe445d5a') in 0.003623 seconds
  Import took 0.005354 seconds .

========================================================================
Received Prepare
Registering precompiled user dll's ...
Registered in 0.000652 seconds.
Begin MonoManager ReloadAssembly
Native extension for WindowsStandalone target not found
Native extension for WebGL target not found
Refreshing native plugins compatible for Editor in 0.19 ms, found 0 plugins.
Preloading 0 native plugins for Editor in 0.00 ms.
Mono: successfully reloaded assembly
- Completed reload, in  0.766 seconds
Platform modules already initialized, skipping
Refreshing native plugins compatible for Editor in 0.18 ms, found 0 plugins.
Preloading 0 native plugins for Editor in 0.00 ms.
Unloading 1118 Unused Serialized files (Serialized files now loaded: 0)
System memory in use before: 60.7 MB.
System memory in use after: 60.8 MB.

Unloading 5 unused Assets to reduce memory usage. Loaded Objects now: 1623.
Total: 1.390900 ms (FindLiveObjects: 0.151700 ms CreateObjectMapping: 0.035100 ms MarkObjects: 1.159700 ms  DeleteObjects: 0.042900 ms)

========================================================================
Received Prepare
Registering precompiled user dll's ...
Registered in 0.000674 seconds.
Begin MonoManager ReloadAssembly
Native extension for WindowsStandalone target not found
Native extension for WebGL target not found
Refreshing native plugins compatible for Editor in 0.57 ms, found 0 plugins.
Preloading 0 native plugins for Editor in 0.00 ms.
Mono: successfully reloaded assembly
- Completed reload, in  0.952 seconds
Platform modules already initialized, skipping
Refreshing native plugins compatible for Editor in 0.20 ms, found 0 plugins.
Preloading 0 native plugins for Editor in 0.00 ms.
Unloading 1118 Unused Serialized files (Serialized files now loaded: 0)
System memory in use before: 60.7 MB.
System memory in use after: 60.8 MB.

Unloading 5 unused Assets to reduce memory usage. Loaded Objects now: 1626.
Total: 2.233700 ms (FindLiveObjects: 0.449900 ms CreateObjectMapping: 0.129400 ms MarkObjects: 1.596100 ms  DeleteObjects: 0.053800 ms)

========================================================================
Received Import Request.
  Time since last request: 206.364012 seconds.
  path: Assets/PointToCursor.cs
  artifactKey: Guid(efd2ec3b453691f428569a65ce9efbfa) Importer(815301076,1909f56bfc062723c751e8b465ee728b)
Start importing Assets/PointToCursor.cs using Guid(efd2ec3b453691f428569a65ce9efbfa) Importer(815301076,1909f56bfc062723c751e8b465ee728b)  -> (artifact id: '87f8d4b46bc2035bb51fb84bc19c22dc') in 0.004489 seconds
  Import took 0.006467 seconds .

========================================================================
Received Import Request.
  Time since last request: 33.445212 seconds.
  path: Assets/PointToCursor.cs
  artifactKey: Guid(efd2ec3b453691f428569a65ce9efbfa) Importer(815301076,1909f56bfc062723c751e8b465ee728b)
Start importing Assets/PointToCursor.cs using Guid(efd2ec3b453691f428569a65ce9efbfa) Importer(815301076,1909f56bfc062723c751e8b465ee728b)  -> (artifact id: '9e8c4da54845e0151d013264fc6b1409') in 0.002022 seconds
  Import took 0.004120 seconds .

========================================================================
Received Prepare
Registering precompiled user dll's ...
Registered in 0.000453 seconds.
Begin MonoManager ReloadAssembly
Native extension for WindowsStandalone target not found
Native extension for WebGL target not found
Refreshing native plugins compatible for Editor in 0.20 ms, found 0 plugins.
Preloading 0 native plugins for Editor in 0.00 ms.
Mono: successfully reloaded assembly
- Completed reload, in  0.949 seconds
Platform modules already initialized, skipping
Refreshing native plugins compatible for Editor in 0.28 ms, found 0 plugins.
Preloading 0 native plugins for Editor in 0.00 ms.
Unloading 1118 Unused Serialized files (Serialized files now loaded: 0)
System memory in use before: 60.7 MB.
System memory in use after: 60.8 MB.

Unloading 5 unused Assets to reduce memory usage. Loaded Objects now: 1629.
Total: 1.797000 ms (FindLiveObjects: 0.200600 ms CreateObjectMapping: 0.058100 ms MarkObjects: 1.487500 ms  DeleteObjects: 0.049400 ms)

========================================================================
Received Prepare
Registering precompiled user dll's ...
Registered in 0.000458 seconds.
Begin MonoManager ReloadAssembly
Native extension for WindowsStandalone target not found
Native extension for WebGL target not found
Refreshing native plugins compatible for Editor in 0.24 ms, found 0 plugins.
Preloading 0 native plugins for Editor in 0.00 ms.
Mono: successfully reloaded assembly
- Completed reload, in  0.842 seconds
Platform modules already initialized, skipping
Refreshing native plugins compatible for Editor in 0.19 ms, found 0 plugins.
Preloading 0 native plugins for Editor in 0.00 ms.
Unloading 1118 Unused Serialized files (Serialized files now loaded: 0)
System memory in use before: 60.7 MB.
System memory in use after: 60.8 MB.

Unloading 5 unused Assets to reduce memory usage. Loaded Objects now: 1632.
Total: 1.733500 ms (FindLiveObjects: 0.148300 ms CreateObjectMapping: 0.045700 ms MarkObjects: 1.489900 ms  DeleteObjects: 0.048400 ms)

========================================================================
Received Prepare
Registering precompiled user dll's ...
Registered in 0.000566 seconds.
Begin MonoManager ReloadAssembly
Native extension for WindowsStandalone target not found
Native extension for WebGL target not found
Refreshing native plugins compatible for Editor in 0.23 ms, found 0 plugins.
Preloading 0 native plugins for Editor in 0.00 ms.
Mono: successfully reloaded assembly
- Completed reload, in  0.878 seconds
Platform modules already initialized, skipping
Refreshing native plugins compatible for Editor in 0.19 ms, found 0 plugins.
Preloading 0 native plugins for Editor in 0.00 ms.
Unloading 1118 Unused Serialized files (Serialized files now loaded: 0)
System memory in use before: 60.8 MB.
System memory in use after: 60.8 MB.

Unloading 5 unused Assets to reduce memory usage. Loaded Objects now: 1635.
Total: 1.519200 ms (FindLiveObjects: 0.137900 ms CreateObjectMapping: 0.034700 ms MarkObjects: 1.284000 ms  DeleteObjects: 0.061700 ms)

========================================================================
Received Prepare
Registering precompiled user dll's ...
Registered in 0.000699 seconds.
Begin MonoManager ReloadAssembly
Native extension for WindowsStandalone target not found
Native extension for WebGL target not found
Refreshing native plugins compatible for Editor in 0.19 ms, found 0 plugins.
Preloading 0 native plugins for Editor in 0.00 ms.
Mono: successfully reloaded assembly
- Completed reload, in  0.790 seconds
Platform modules already initialized, skipping
Refreshing native plugins compatible for Editor in 0.21 ms, found 0 plugins.
Preloading 0 native plugins for Editor in 0.00 ms.
Unloading 1118 Unused Serialized files (Serialized files now loaded: 0)
System memory in use before: 60.8 MB.
System memory in use after: 60.8 MB.

Unloading 5 unused Assets to reduce memory usage. Loaded Objects now: 1638.
Total: 1.499700 ms (FindLiveObjects: 0.137100 ms CreateObjectMapping: 0.036700 ms MarkObjects: 1.267800 ms  DeleteObjects: 0.057000 ms)

========================================================================
Received Prepare
Registering precompiled user dll's ...
Registered in 0.000419 seconds.
Begin MonoManager ReloadAssembly
Native extension for WindowsStandalone target not found
Native extension for WebGL target not found
Refreshing native plugins compatible for Editor in 0.19 ms, found 0 plugins.
Preloading 0 native plugins for Editor in 0.00 ms.
Mono: successfully reloaded assembly
- Completed reload, in  0.724 seconds
Platform modules already initialized, skipping
Refreshing native plugins compatible for Editor in 0.18 ms, found 0 plugins.
Preloading 0 native plugins for Editor in 0.00 ms.
Unloading 1118 Unused Serialized files (Serialized files now loaded: 0)
System memory in use before: 60.8 MB.
System memory in use after: 60.8 MB.

Unloading 5 unused Assets to reduce memory usage. Loaded Objects now: 1641.
Total: 1.648300 ms (FindLiveObjects: 0.134900 ms CreateObjectMapping: 0.034700 ms MarkObjects: 1.432100 ms  DeleteObjects: 0.045600 ms)

========================================================================
Received Prepare
Registering precompiled user dll's ...
Registered in 0.000738 seconds.
Begin MonoManager ReloadAssembly
Native extension for WindowsStandalone target not found
Native extension for WebGL target not found
Refreshing native plugins compatible for Editor in 0.20 ms, found 0 plugins.
Preloading 0 native plugins for Editor in 0.00 ms.
Mono: successfully reloaded assembly
- Completed reload, in  0.820 seconds
Platform modules already initialized, skipping
Refreshing native plugins compatible for Editor in 0.21 ms, found 0 plugins.
Preloading 0 native plugins for Editor in 0.00 ms.
Unloading 1118 Unused Serialized files (Serialized files now loaded: 0)
System memory in use before: 60.8 MB.
System memory in use after: 60.8 MB.

Unloading 5 unused Assets to reduce memory usage. Loaded Objects now: 1644.
Total: 1.635900 ms (FindLiveObjects: 0.140000 ms CreateObjectMapping: 0.035500 ms MarkObjects: 1.403700 ms  DeleteObjects: 0.055800 ms)

========================================================================
Received Prepare
Registering precompiled user dll's ...
Registered in 0.000717 seconds.
Begin MonoManager ReloadAssembly
Native extension for WindowsStandalone target not found
Native extension for WebGL target not found
Refreshing native plugins compatible for Editor in 0.20 ms, found 0 plugins.
Preloading 0 native plugins for Editor in 0.00 ms.
Mono: successfully reloaded assembly
- Completed reload, in  0.778 seconds
Platform modules already initialized, skipping
Refreshing native plugins compatible for Editor in 0.20 ms, found 0 plugins.
Preloading 0 native plugins for Editor in 0.00 ms.
Unloading 1118 Unused Serialized files (Serialized files now loaded: 0)
System memory in use before: 60.8 MB.
System memory in use after: 60.8 MB.

Unloading 5 unused Assets to reduce memory usage. Loaded Objects now: 1647.
Total: 1.532500 ms (FindLiveObjects: 0.135600 ms CreateObjectMapping: 0.034900 ms MarkObjects: 1.310000 ms  DeleteObjects: 0.050800 ms)

========================================================================
Received Prepare
Registering precompiled user dll's ...
Registered in 0.000767 seconds.
Begin MonoManager ReloadAssembly
Native extension for WindowsStandalone target not found
Native extension for WebGL target not found
Refreshing native plugins compatible for Editor in 0.24 ms, found 0 plugins.
Preloading 0 native plugins for Editor in 0.00 ms.
Mono: successfully reloaded assembly
- Completed reload, in  0.791 seconds
Platform modules already initialized, skipping
Refreshing native plugins compatible for Editor in 0.24 ms, found 0 plugins.
Preloading 0 native plugins for Editor in 0.00 ms.
Unloading 1118 Unused Serialized files (Serialized files now loaded: 0)
System memory in use before: 60.8 MB.
System memory in use after: 60.8 MB.

Unloading 5 unused Assets to reduce memory usage. Loaded Objects now: 1650.
Total: 1.622900 ms (FindLiveObjects: 0.162700 ms CreateObjectMapping: 0.037400 ms MarkObjects: 1.371000 ms  DeleteObjects: 0.050600 ms)

========================================================================
Received Prepare
Registering precompiled user dll's ...
Registered in 0.000483 seconds.
Begin MonoManager ReloadAssembly
Native extension for WindowsStandalone target not found
Native extension for WebGL target not found
Refreshing native plugins compatible for Editor in 0.21 ms, found 0 plugins.
Preloading 0 native plugins for Editor in 0.00 ms.
Mono: successfully reloaded assembly
- Completed reload, in  0.836 seconds
Platform modules already initialized, skipping
Refreshing native plugins compatible for Editor in 0.19 ms, found 0 plugins.
Preloading 0 native plugins for Editor in 0.00 ms.
Unloading 1118 Unused Serialized files (Serialized files now loaded: 0)
System memory in use before: 60.8 MB.
System memory in use after: 60.9 MB.

Unloading 5 unused Assets to reduce memory usage. Loaded Objects now: 1653.
Total: 1.943700 ms (FindLiveObjects: 0.155300 ms CreateObjectMapping: 0.080900 ms MarkObjects: 1.622300 ms  DeleteObjects: 0.084100 ms)

========================================================================
Received Prepare
Registering precompiled user dll's ...
Registered in 0.000730 seconds.
Begin MonoManager ReloadAssembly
Native extension for WindowsStandalone target not found
Native extension for WebGL target not found
Refreshing native plugins compatible for Editor in 0.21 ms, found 0 plugins.
Preloading 0 native plugins for Editor in 0.00 ms.
Mono: successfully reloaded assembly
- Completed reload, in  0.860 seconds
Platform modules already initialized, skipping
Refreshing native plugins compatible for Editor in 0.26 ms, found 0 plugins.
Preloading 0 native plugins for Editor in 0.00 ms.
Unloading 1118 Unused Serialized files (Serialized files now loaded: 0)
System memory in use before: 60.8 MB.
System memory in use after: 60.9 MB.

Unloading 5 unused Assets to reduce memory usage. Loaded Objects now: 1656.
Total: 2.029600 ms (FindLiveObjects: 0.140600 ms CreateObjectMapping: 0.042700 ms MarkObjects: 1.781200 ms  DeleteObjects: 0.063500 ms)

========================================================================
Received Prepare
Registering precompiled user dll's ...
Registered in 0.000454 seconds.
Begin MonoManager ReloadAssembly
Native extension for WindowsStandalone target not found
Native extension for WebGL target not found
Refreshing native plugins compatible for Editor in 0.19 ms, found 0 plugins.
Preloading 0 native plugins for Editor in 0.00 ms.
Mono: successfully reloaded assembly
- Completed reload, in  0.700 seconds
Platform modules already initialized, skipping
Refreshing native plugins compatible for Editor in 0.29 ms, found 0 plugins.
Preloading 0 native plugins for Editor in 0.00 ms.
Unloading 1118 Unused Serialized files (Serialized files now loaded: 0)
System memory in use before: 60.8 MB.
System memory in use after: 60.9 MB.

Unloading 5 unused Assets to reduce memory usage. Loaded Objects now: 1659.
Total: 1.608100 ms (FindLiveObjects: 0.154900 ms CreateObjectMapping: 0.044000 ms MarkObjects: 1.343000 ms  DeleteObjects: 0.065300 ms)

========================================================================
Received Prepare
Registering precompiled user dll's ...
Registered in 0.000743 seconds.
Begin MonoManager ReloadAssembly
Native extension for WindowsStandalone target not found
Native extension for WebGL target not found
Refreshing native plugins compatible for Editor in 0.23 ms, found 0 plugins.
Preloading 0 native plugins for Editor in 0.00 ms.
Mono: successfully reloaded assembly
- Completed reload, in  0.997 seconds
Platform modules already initialized, skipping
Refreshing native plugins compatible for Editor in 0.19 ms, found 0 plugins.
Preloading 0 native plugins for Editor in 0.00 ms.
Unloading 1118 Unused Serialized files (Serialized files now loaded: 0)
System memory in use before: 60.8 MB.
System memory in use after: 60.9 MB.

Unloading 5 unused Assets to reduce memory usage. Loaded Objects now: 1662.
Total: 1.442300 ms (FindLiveObjects: 0.141900 ms CreateObjectMapping: 0.035800 ms MarkObjects: 1.213100 ms  DeleteObjects: 0.050600 ms)

========================================================================
Received Prepare
Registering precompiled user dll's ...
Registered in 0.000441 seconds.
Begin MonoManager ReloadAssembly
Native extension for WindowsStandalone target not found
Native extension for WebGL target not found
Refreshing native plugins compatible for Editor in 0.19 ms, found 0 plugins.
Preloading 0 native plugins for Editor in 0.00 ms.
Mono: successfully reloaded assembly
- Completed reload, in  0.782 seconds
Platform modules already initialized, skipping
Refreshing native plugins compatible for Editor in 0.39 ms, found 0 plugins.
Preloading 0 native plugins for Editor in 0.00 ms.
Unloading 1118 Unused Serialized files (Serialized files now loaded: 0)
System memory in use before: 60.8 MB.
System memory in use after: 60.9 MB.

Unloading 5 unused Assets to reduce memory usage. Loaded Objects now: 1665.
Total: 1.601200 ms (FindLiveObjects: 0.130600 ms CreateObjectMapping: 0.033600 ms MarkObjects: 1.390300 ms  DeleteObjects: 0.045800 ms)

========================================================================
Received Prepare
Registering precompiled user dll's ...
Registered in 0.000664 seconds.
Begin MonoManager ReloadAssembly
Native extension for WindowsStandalone target not found
Native extension for WebGL target not found
Refreshing native plugins compatible for Editor in 0.20 ms, found 0 plugins.
Preloading 0 native plugins for Editor in 0.00 ms.
Mono: successfully reloaded assembly
- Completed reload, in  0.810 seconds
Platform modules already initialized, skipping
Refreshing native plugins compatible for Editor in 0.29 ms, found 0 plugins.
Preloading 0 native plugins for Editor in 0.00 ms.
Unloading 1118 Unused Serialized files (Serialized files now loaded: 0)
System memory in use before: 60.8 MB.
System memory in use after: 60.9 MB.

Unloading 5 unused Assets to reduce memory usage. Loaded Objects now: 1668.
Total: 2.256700 ms (FindLiveObjects: 0.171500 ms CreateObjectMapping: 0.051400 ms MarkObjects: 1.966600 ms  DeleteObjects: 0.065900 ms)

========================================================================
Received Prepare
Registering precompiled user dll's ...
Registered in 0.000554 seconds.
Begin MonoManager ReloadAssembly
Native extension for WindowsStandalone target not found
Native extension for WebGL target not found
Refreshing native plugins compatible for Editor in 0.29 ms, found 0 plugins.
Preloading 0 native plugins for Editor in 0.00 ms.
Mono: successfully reloaded assembly
- Completed reload, in  0.960 seconds
Platform modules already initialized, skipping
Refreshing native plugins compatible for Editor in 0.20 ms, found 0 plugins.
Preloading 0 native plugins for Editor in 0.00 ms.
Unloading 1118 Unused Serialized files (Serialized files now loaded: 0)
System memory in use before: 60.8 MB.
System memory in use after: 60.9 MB.

Unloading 5 unused Assets to reduce memory usage. Loaded Objects now: 1671.
Total: 2.193100 ms (FindLiveObjects: 0.207800 ms CreateObjectMapping: 0.062600 ms MarkObjects: 1.858200 ms  DeleteObjects: 0.063200 ms)

========================================================================
Received Prepare
Registering precompiled user dll's ...
Registered in 0.000728 seconds.
Begin MonoManager ReloadAssembly
Native extension for WindowsStandalone target not found
Native extension for WebGL target not found
Refreshing native plugins compatible for Editor in 0.24 ms, found 0 plugins.
Preloading 0 native plugins for Editor in 0.00 ms.
Mono: successfully reloaded assembly
- Completed reload, in  0.817 seconds
Platform modules already initialized, skipping
Refreshing native plugins compatible for Editor in 0.22 ms, found 0 plugins.
Preloading 0 native plugins for Editor in 0.00 ms.
Unloading 1118 Unused Serialized files (Serialized files now loaded: 0)
System memory in use before: 60.8 MB.
System memory in use after: 60.9 MB.

Unloading 5 unused Assets to reduce memory usage. Loaded Objects now: 1674.
Total: 1.567600 ms (FindLiveObjects: 0.135800 ms CreateObjectMapping: 0.035600 ms MarkObjects: 1.347000 ms  DeleteObjects: 0.048300 ms)

========================================================================
Received Prepare
Registering precompiled user dll's ...
Registered in 0.000449 seconds.
Begin MonoManager ReloadAssembly
Native extension for WindowsStandalone target not found
Native extension for WebGL target not found
Refreshing native plugins compatible for Editor in 0.23 ms, found 0 plugins.
Preloading 0 native plugins for Editor in 0.00 ms.
Mono: successfully reloaded assembly
- Completed reload, in  0.858 seconds
Platform modules already initialized, skipping
Refreshing native plugins compatible for Editor in 0.34 ms, found 0 plugins.
Preloading 0 native plugins for Editor in 0.00 ms.
Unloading 1118 Unused Serialized files (Serialized files now loaded: 0)
System memory in use before: 60.8 MB.
System memory in use after: 60.9 MB.

Unloading 5 unused Assets to reduce memory usage. Loaded Objects now: 1677.
Total: 3.006100 ms (FindLiveObjects: 0.178500 ms CreateObjectMapping: 0.053900 ms MarkObjects: 2.671500 ms  DeleteObjects: 0.100500 ms)

========================================================================
Received Import Request.
  Time since last request: 1281.633093 seconds.
  path: Assets/PointToCursor.cs
  artifactKey: Guid(efd2ec3b453691f428569a65ce9efbfa) Importer(815301076,1909f56bfc062723c751e8b465ee728b)
Start importing Assets/PointToCursor.cs using Guid(efd2ec3b453691f428569a65ce9efbfa) Importer(815301076,1909f56bfc062723c751e8b465ee728b)  -> (artifact id: 'a644f1509c2fce5c50ef95875a9a5db9') in 0.008117 seconds
  Import took 0.010962 seconds .

========================================================================
Received Prepare
Registering precompiled user dll's ...
Registered in 0.000474 seconds.
Begin MonoManager ReloadAssembly
Native extension for WindowsStandalone target not found
Native extension for WebGL target not found
Refreshing native plugins compatible for Editor in 0.20 ms, found 0 plugins.
Preloading 0 native plugins for Editor in 0.00 ms.
Mono: successfully reloaded assembly
- Completed reload, in  0.802 seconds
Platform modules already initialized, skipping
Refreshing native plugins compatible for Editor in 0.20 ms, found 0 plugins.
Preloading 0 native plugins for Editor in 0.00 ms.
Unloading 1118 Unused Serialized files (Serialized files now loaded: 0)
System memory in use before: 60.8 MB.
System memory in use after: 60.9 MB.

Unloading 5 unused Assets to reduce memory usage. Loaded Objects now: 1680.
Total: 1.837900 ms (FindLiveObjects: 0.151800 ms CreateObjectMapping: 0.037900 ms MarkObjects: 1.582000 ms  DeleteObjects: 0.065100 ms)

========================================================================
Received Import Request.
  Time since last request: 34.739871 seconds.
  path: Assets/PointToCursor.cs
  artifactKey: Guid(efd2ec3b453691f428569a65ce9efbfa) Importer(815301076,1909f56bfc062723c751e8b465ee728b)
Start importing Assets/PointToCursor.cs using Guid(efd2ec3b453691f428569a65ce9efbfa) Importer(815301076,1909f56bfc062723c751e8b465ee728b)  -> (artifact id: 'ed6615e1bb374817909b0110bf8132a7') in 0.004027 seconds
  Import took 0.006100 seconds .

========================================================================
Received Prepare
Registering precompiled user dll's ...
Registered in 0.000569 seconds.
Begin MonoManager ReloadAssembly
Native extension for WindowsStandalone target not found
Native extension for WebGL target not found
Refreshing native plugins compatible for Editor in 0.34 ms, found 0 plugins.
Preloading 0 native plugins for Editor in 0.00 ms.
Mono: successfully reloaded assembly
- Completed reload, in  0.834 seconds
Platform modules already initialized, skipping
Refreshing native plugins compatible for Editor in 0.19 ms, found 0 plugins.
Preloading 0 native plugins for Editor in 0.00 ms.
Unloading 1118 Unused Serialized files (Serialized files now loaded: 0)
System memory in use before: 60.8 MB.
System memory in use after: 60.9 MB.

Unloading 5 unused Assets to reduce memory usage. Loaded Objects now: 1683.
Total: 2.059200 ms (FindLiveObjects: 0.141400 ms CreateObjectMapping: 0.039700 ms MarkObjects: 1.819300 ms  DeleteObjects: 0.057700 ms)

========================================================================
Received Import Request.
  Time since last request: 58.696479 seconds.
  path: Assets/PointToCursor.cs
  artifactKey: Guid(efd2ec3b453691f428569a65ce9efbfa) Importer(815301076,1909f56bfc062723c751e8b465ee728b)
Start importing Assets/PointToCursor.cs using Guid(efd2ec3b453691f428569a65ce9efbfa) Importer(815301076,1909f56bfc062723c751e8b465ee728b)  -> (artifact id: '3c112ac7c16ad815f736878fa99bbfff') in 0.004729 seconds
  Import took 0.006745 seconds .

========================================================================
Received Import Request.
  Time since last request: 74.399218 seconds.
  path: Assets/MoveLeftFoot.cs
  artifactKey: Guid(7843ab4524782a448aabba09cf3946f1) Importer(815301076,1909f56bfc062723c751e8b465ee728b)
Start importing Assets/MoveLeftFoot.cs using Guid(7843ab4524782a448aabba09cf3946f1) Importer(815301076,1909f56bfc062723c751e8b465ee728b)  -> (artifact id: 'b32bfdbe656f1207f992984ba89ddb24') in 0.007066 seconds
  Import took 0.009690 seconds .

========================================================================
Received Import Request.
  Time since last request: 71.907125 seconds.
  path: Assets/MoveShoulders.cs
  artifactKey: Guid(d480482c71749bb49bc5b07166b1f6bf) Importer(815301076,1909f56bfc062723c751e8b465ee728b)
Start importing Assets/MoveShoulders.cs using Guid(d480482c71749bb49bc5b07166b1f6bf) Importer(815301076,1909f56bfc062723c751e8b465ee728b)  -> (artifact id: '638164b38b3dc27d167c6394eb2d1100') in 0.007036 seconds
  Import took 0.009618 seconds .

========================================================================
Received Import Request.
  Time since last request: 0.022959 seconds.
  path: Assets/MoveShoulders.cs
  artifactKey: Guid(d480482c71749bb49bc5b07166b1f6bf) Importer(815301076,1909f56bfc062723c751e8b465ee728b)
Start importing Assets/MoveShoulders.cs using Guid(d480482c71749bb49bc5b07166b1f6bf) Importer(815301076,1909f56bfc062723c751e8b465ee728b)  -> (artifact id: '638164b38b3dc27d167c6394eb2d1100') in 0.001845 seconds
  Import took 0.004818 seconds .

========================================================================
Received Import Request.
  Time since last request: 31.464448 seconds.
  path: Assets/MoveRightArmDown.cs
  artifactKey: Guid(b24dd81cd6d6bb943924f2d4925941b1) Importer(815301076,1909f56bfc062723c751e8b465ee728b)
Start importing Assets/MoveRightArmDown.cs using Guid(b24dd81cd6d6bb943924f2d4925941b1) Importer(815301076,1909f56bfc062723c751e8b465ee728b)  -> (artifact id: '839ca0f10ec76580473f090d6684b341') in 0.006822 seconds
  Import took 0.009301 seconds .

========================================================================
Received Prepare
Registering precompiled user dll's ...
Registered in 0.000905 seconds.
Begin MonoManager ReloadAssembly
Native extension for WindowsStandalone target not found
Native extension for WebGL target not found
Refreshing native plugins compatible for Editor in 0.25 ms, found 0 plugins.
Preloading 0 native plugins for Editor in 0.00 ms.
Mono: successfully reloaded assembly
- Completed reload, in  0.829 seconds
Platform modules already initialized, skipping
Refreshing native plugins compatible for Editor in 0.21 ms, found 0 plugins.
Preloading 0 native plugins for Editor in 0.00 ms.
Unloading 1118 Unused Serialized files (Serialized files now loaded: 0)
System memory in use before: 60.8 MB.
System memory in use after: 60.9 MB.

Unloading 5 unused Assets to reduce memory usage. Loaded Objects now: 1686.
Total: 1.446300 ms (FindLiveObjects: 0.130100 ms CreateObjectMapping: 0.034100 ms MarkObjects: 1.235400 ms  DeleteObjects: 0.045600 ms)

AssetImportWorkerClient::OnTransportError - code=2 error=End of file
